 # Detector n:            1   Yield1    
 # N. of x1 intervals         200
   0.000000      5.0000000E-07   0.000000       0.000000    
  5.0000000E-07  1.0000000E-06   0.000000       0.000000    
  1.0000000E-06  1.5000001E-06   8.658667       1.669518    
  1.5000001E-06  2.0000000E-06   10.86667       1.490540    
  2.0000000E-06  2.4999999E-06   4.341333       1.500206    
  2.4999999E-06  3.0000001E-06   5.058667       1.715316    
  3.0000001E-06  3.5000000E-06   6.088000       1.269422    
  3.5000000E-06  4.0000000E-06   7.488000       1.017498    
  4.0000000E-06  4.5000002E-06   9.090667       1.059659    
  4.5000002E-06  4.9999999E-06   10.93067       1.291938    
  4.9999999E-06  5.5000000E-06   12.27467      0.9734073    
  5.5000000E-06  6.0000002E-06   13.93867      0.7487841    
  6.0000002E-06  6.4999999E-06   15.54800      0.9245120    
  6.4999999E-06  7.0000001E-06   17.22933      0.9570864    
  7.0000001E-06  7.4999998E-06   19.13067      0.9024923    
  7.4999998E-06  8.0000000E-06   20.00667      0.6822515    
  8.0000000E-06  8.5000001E-06   37.02000      0.5720367    
  8.5000001E-06  9.0000003E-06   22.44667      0.8494565    
  9.0000003E-06  9.4999996E-06   23.07600      0.7988444    
  9.4999996E-06  9.9999997E-06   43.77467      0.4412238    
  9.9999997E-06  1.0500000E-05   17.59200       1.007541    
  1.0500000E-05  1.1000000E-05   12.84800      0.8935632    
  1.1000000E-05  1.1500000E-05   15.05600       1.142137    
  1.1500000E-05  1.2000000E-05   12.13333      0.9707453    
  1.2000000E-05  1.2500000E-05   10.37067       1.268649    
  1.2500000E-05  1.3000000E-05   10.49733       1.021255    
  1.3000000E-05  1.3500000E-05   10.79867       1.076829    
  1.3500000E-05  1.4000000E-05   11.23733       1.244499    
  1.4000000E-05  1.4500000E-05   11.52133      0.9299635    
  1.4500000E-05  1.5000000E-05   11.69067      0.6762895    
  1.5000000E-05  1.5500000E-05   12.40533      0.9845065    
  1.5500000E-05  1.6000000E-05   12.25333      0.9556795    
  1.6000000E-05  1.6500000E-05   12.61200      0.7020255    
  1.6500000E-05  1.7000000E-05   12.64267      0.9305106    
  1.7000000E-05  1.7500000E-05   12.93733      0.8852188    
  1.7500000E-05  1.8000001E-05   13.23067       1.122698    
  1.8000001E-05  1.8500001E-05   13.33467       1.109084    
  1.8500001E-05  1.8999999E-05   13.16533      0.7695553    
  1.8999999E-05  1.9499999E-05   13.43867       1.335749    
  1.9499999E-05  1.9999999E-05   13.35867      0.8656744    
  1.9999999E-05  2.0500000E-05   13.18400      0.9483081    
  2.0500000E-05  2.1000000E-05   13.48933       1.035824    
  2.1000000E-05  2.1500000E-05   13.29733      0.8796924    
  2.1500000E-05  2.2000000E-05   13.47467      0.7004594    
  2.2000000E-05  2.2500000E-05   13.15600       1.233177    
  2.2500000E-05  2.3000001E-05   13.23867      0.7665695    
  2.3000001E-05  2.3500001E-05   13.35467       1.230057    
  2.3500001E-05  2.4000001E-05   13.14133       1.050271    
  2.4000001E-05  2.4499999E-05   12.91733      0.8246849    
  2.4499999E-05  2.4999999E-05   12.85067      0.8629140    
  2.4999999E-05  2.5500000E-05   12.74267      0.9355777    
  2.5500000E-05  2.6000000E-05   12.74800      0.9092512    
  2.6000000E-05  2.6500000E-05   12.44000      0.8832346    
  2.6500000E-05  2.7000000E-05   12.39467       1.064353    
  2.7000000E-05  2.7500000E-05   12.37733       1.359249    
  2.7500000E-05  2.8000000E-05   12.19333      0.8616622    
  2.8000000E-05  2.8500001E-05   11.86667       1.113680    
  2.8500001E-05  2.9000001E-05   11.74133      0.7634915    
  2.9000001E-05  2.9499999E-05   11.75867      0.9252956    
  2.9499999E-05  2.9999999E-05   11.75200       1.264933    
  2.9999999E-05  3.0499999E-05   11.27867       1.107193    
  3.0499999E-05  3.1000000E-05   11.17200      0.8601077    
  3.1000000E-05  3.1500000E-05   11.08400       1.155408    
  3.1500000E-05  3.2000000E-05   10.96800      0.9581136    
  3.2000000E-05  3.2500000E-05   10.95467       1.179359    
  3.2500000E-05  3.3000000E-05   10.56000      0.9300435    
  3.3000000E-05  3.3500000E-05   10.32267       1.490234    
  3.3500000E-05  3.4000001E-05   10.38667       1.191983    
  3.4000001E-05  3.4500001E-05   9.960000       1.158675    
  3.4500001E-05  3.5000001E-05   9.762667       1.256328    
  3.5000001E-05  3.5500001E-05   9.553333       1.378218    
  3.5500001E-05  3.6000001E-05   9.696000       1.171384    
  3.6000001E-05  3.6500001E-05   9.522667       1.219812    
  3.6500001E-05  3.7000002E-05   9.345333       1.323124    
  3.7000002E-05  3.7499998E-05   9.248000      0.9934659    
  3.7499998E-05  3.7999998E-05   9.117333       1.249892    
  3.7999998E-05  3.8499998E-05   8.977333       1.028043    
  3.8499998E-05  3.8999999E-05   8.845333       1.199188    
  3.8999999E-05  3.9499999E-05   8.621333       1.069679    
  3.9499999E-05  3.9999999E-05   8.521334       1.509023    
  3.9999999E-05  4.0499999E-05   8.314667      0.8658333    
  4.0499999E-05  4.0999999E-05   8.224000       1.001633    
  4.0999999E-05  4.1499999E-05   8.124000       1.398460    
  4.1499999E-05  4.2000000E-05   7.962667       1.582843    
  4.2000000E-05  4.2500000E-05   7.849333       1.355555    
  4.2500000E-05  4.3000000E-05   7.598667       1.554266    
  4.3000000E-05  4.3500000E-05   7.314667       1.358356    
  4.3500000E-05  4.4000000E-05   7.390666       1.622782    
  4.4000000E-05  4.4500001E-05   7.361333       1.280521    
  4.4500001E-05  4.5000001E-05   7.250667       1.489292    
  4.5000001E-05  4.5500001E-05   6.992000       1.599396    
  4.5500001E-05  4.6000001E-05   6.784000       1.141510    
  4.6000001E-05  4.6500001E-05   6.713333       1.533655    
  4.6500001E-05  4.7000001E-05   6.612000       1.196087    
  4.7000001E-05  4.7500002E-05   6.537333       1.423070    
  4.7500002E-05  4.8000002E-05   6.434667       1.480859    
  4.8000002E-05  4.8499998E-05   6.214667       1.560699    
  4.8499998E-05  4.8999998E-05   6.113333       1.291628    
  4.8999998E-05  4.9499999E-05   5.958667       1.665220    
  4.9499999E-05  4.9999999E-05   5.968000       1.632865    
  4.9999999E-05  5.0499999E-05   5.874667       1.580663    
  5.0499999E-05  5.0999999E-05   5.713333       1.712772    
  5.0999999E-05  5.1499999E-05   5.596000       1.164753    
  5.1499999E-05  5.1999999E-05   5.640000       1.132533    
  5.1999999E-05  5.2500000E-05   5.624000       1.622317    
  5.2500000E-05  5.3000000E-05   5.400000       1.126293    
  5.3000000E-05  5.3500000E-05   5.308000       1.375743    
  5.3500000E-05  5.4000000E-05   5.210667       1.118017    
  5.4000000E-05  5.4500000E-05   5.148000       1.223152    
  5.4500000E-05  5.5000000E-05   4.990667       1.425128    
  5.5000000E-05  5.5500001E-05   4.873333       1.441080    
  5.5500001E-05  5.6000001E-05   4.786667       1.380166    
  5.6000001E-05  5.6500001E-05   4.794667       2.331195    
  5.6500001E-05  5.7000001E-05   4.754667       1.291919    
  5.7000001E-05  5.7500001E-05   4.508000       1.853064    
  5.7500001E-05  5.8000001E-05   4.472000       1.714306    
  5.8000001E-05  5.8500002E-05   11.14000      0.8770829    
  5.8500002E-05  5.8999998E-05   4.193333       1.659827    
  5.8999998E-05  5.9499998E-05   16.62000      0.7435711    
  5.9499998E-05  5.9999998E-05   4.122667       1.874613    
  5.9999998E-05  6.0499999E-05   4.181334       1.648675    
  6.0499999E-05  6.0999999E-05   4.085333       2.208806    
  6.0999999E-05  6.1500003E-05   4.006667       1.505144    
  6.1500003E-05  6.1999999E-05   3.984000       2.019474    
  6.1999999E-05  6.2500003E-05   3.745333       3.307203    
  6.2500003E-05  6.2999999E-05   3.878667       1.383122    
  6.2999999E-05  6.3500003E-05   3.560000       1.572843    
  6.3500003E-05  6.4000000E-05   3.589333       2.162751    
  6.4000000E-05  6.4499996E-05   3.486667       1.847871    
  6.4499996E-05  6.5000000E-05   3.384000       1.374851    
  6.5000000E-05  6.5499997E-05   3.521333       2.432814    
  6.5499997E-05  6.6000001E-05   3.340000       2.020945    
  6.6000001E-05  6.6499997E-05   3.333333       1.299670    
  6.6499997E-05  6.7000001E-05   3.134667       2.305039    
  6.7000001E-05  6.7499997E-05   7.418667       1.296509    
  6.7499997E-05  6.8000001E-05   3.017333       2.363366    
  6.8000001E-05  6.8499998E-05   2.944000       2.042567    
  6.8499998E-05  6.9000002E-05   3.040000       1.583119    
  6.9000002E-05  6.9499998E-05   3.858667       1.482902    
  6.9499998E-05  7.0000002E-05   2.660000       2.387821    
  7.0000002E-05  7.0499998E-05   2.377333       3.099077    
  7.0499998E-05  7.1000002E-05   2.341333       2.441073    
  7.1000002E-05  7.1499999E-05   2.293333       2.415716    
  7.1499999E-05  7.2000003E-05   2.248000       2.544398    
  7.2000003E-05  7.2499999E-05   2.185333       2.133206    
  7.2499999E-05  7.3000003E-05   2.297333       2.656753    
  7.3000003E-05  7.3499999E-05   2.205333       1.544298    
  7.3499999E-05  7.4000003E-05   2.081333       3.216500    
  7.4000003E-05  7.4500000E-05   2.033333       2.569717    
  7.4500000E-05  7.4999996E-05   1.953333       2.743144    
  7.4999996E-05  7.5500000E-05   1.936000       2.733586    
  7.5500000E-05  7.5999997E-05   1.970667       2.086645    
  7.5999997E-05  7.6500000E-05   1.852000       2.504619    
  7.6500000E-05  7.6999997E-05   1.933333       2.946208    
  7.6999997E-05  7.7500001E-05   1.721333       2.531561    
  7.7500001E-05  7.7999997E-05   1.893333       2.665711    
  7.7999997E-05  7.8500001E-05   1.656000       2.680429    
  7.8500001E-05  7.8999998E-05   1.689333       3.993739    
  7.8999998E-05  7.9500001E-05   1.576000       2.124225    
  7.9500001E-05  7.9999998E-05   1.606667       3.155398    
  7.9999998E-05  8.0500002E-05   1.566667       4.430439    
  8.0500002E-05  8.0999998E-05   1.549333       1.661111    
  8.0999998E-05  8.1500002E-05   1.524000       3.204844    
  8.1500002E-05  8.1999999E-05   1.493333       1.888013    
  8.1999999E-05  8.2500002E-05   1.402667       2.639682    
  8.2500002E-05  8.2999999E-05   1.372000       2.257403    
  8.2999999E-05  8.3500003E-05   1.312000       2.802162    
  8.3500003E-05  8.3999999E-05   1.265333       3.398679    
  8.3999999E-05  8.4500003E-05   1.210667       4.049296    
  8.4500003E-05  8.5000000E-05   1.216000       4.669156    
  8.5000000E-05  8.5499996E-05   1.136000       2.443135    
  8.5499996E-05  8.6000000E-05   1.150667       3.172759    
  8.6000000E-05  8.6499997E-05   1.089333       2.680830    
  8.6499997E-05  8.7000000E-05   1.034667       3.596394    
  8.7000000E-05  8.7499997E-05   1.022667       3.326923    
  8.7499997E-05  8.8000001E-05  0.9506667       3.671906    
  8.8000001E-05  8.8499997E-05  0.8813334       3.553494    
  8.8499997E-05  8.9000001E-05  0.8720000       3.187519    
  8.9000001E-05  8.9499998E-05  0.8293333       3.040122    
  8.9499998E-05  9.0000001E-05  0.7226667       5.447828    
  9.0000001E-05  9.0499998E-05  0.7106667       4.081638    
  9.0499998E-05  9.1000002E-05  0.7573333       5.108235    
  9.1000002E-05  9.1499998E-05  0.6720000       4.266697    
  9.1499998E-05  9.2000002E-05  0.6173334       4.927193    
  9.2000002E-05  9.2499999E-05  0.6146666       3.102570    
  9.2499999E-05  9.3000002E-05  0.5866666       4.508780    
  9.3000002E-05  9.3499999E-05  0.5360000       4.058180    
  9.3499999E-05  9.4000003E-05  0.5066667       5.511078    
  9.4000003E-05  9.4499999E-05  0.4506667       3.894616    
  9.4499999E-05  9.5000003E-05  0.5066667       4.160892    
  9.5000003E-05  9.5500000E-05  0.3853333       4.817737    
  9.5500000E-05  9.6000003E-05  0.3826667       5.722293    
  9.6000003E-05  9.6500000E-05  0.2493333       8.054426    
  9.6500000E-05  9.6999996E-05  0.2680000       6.666879    
  9.6999996E-05  9.7500000E-05  0.2653333       5.225717    
  9.7500000E-05  9.7999997E-05  0.1533333       8.695652    
  9.7999997E-05  9.8500001E-05  0.1466667       7.835379    
  9.8500001E-05  9.8999997E-05  0.1226667       11.89283    
  9.8999997E-05  9.9500001E-05  4.5333333E-02   15.20173    
  9.9500001E-05  9.9999997E-05  2.1333333E-02   21.39134    


 # Detector n:            2   Yield2    
 # N. of x1 intervals         200
   0.000000      5.0000000E-07   0.000000       0.000000    
  5.0000000E-07  1.0000000E-06   0.000000       0.000000    
  1.0000000E-06  1.5000001E-06   0.000000       0.000000    
  1.5000001E-06  2.0000000E-06   0.000000       0.000000    
  2.0000000E-06  2.4999999E-06   0.000000       0.000000    
  2.4999999E-06  3.0000001E-06   0.000000       0.000000    
  3.0000001E-06  3.5000000E-06  4.6666667E-02   17.07469    
  3.5000000E-06  4.0000000E-06  0.3240000       5.223953    
  4.0000000E-06  4.5000002E-06   1.157333       3.282616    
  4.5000002E-06  4.9999999E-06   2.398667       2.695635    
  4.9999999E-06  5.5000000E-06   4.193333       1.326065    
  5.5000000E-06  6.0000002E-06   6.084000       1.108161    
  6.0000002E-06  6.4999999E-06   8.644000       1.581587    
  6.4999999E-06  7.0000001E-06   10.18400       1.119198    
  7.0000001E-06  7.4999998E-06   12.43067       1.044930    
  7.4999998E-06  8.0000000E-06   13.92000      0.9417433    
  8.0000000E-06  8.5000001E-06   26.98400      0.6789636    
  8.5000001E-06  9.0000003E-06   17.02533      0.8736410    
  9.0000003E-06  9.4999996E-06   18.35200      0.9604141    
  9.4999996E-06  9.9999997E-06   34.52666      0.4649126    
  9.9999997E-06  1.0500000E-05   14.54267       1.140712    
  1.0500000E-05  1.1000000E-05   10.91867       1.131620    
  1.1000000E-05  1.1500000E-05   12.84800       1.021653    
  1.1500000E-05  1.2000000E-05   10.55200      0.9218472    
  1.2000000E-05  1.2500000E-05   9.114667       1.186386    
  1.2500000E-05  1.3000000E-05   9.266666       1.123975    
  1.3000000E-05  1.3500000E-05   9.616000       1.001426    
  1.3500000E-05  1.4000000E-05   10.01467       1.431573    
  1.4000000E-05  1.4500000E-05   10.39867       1.057864    
  1.4500000E-05  1.5000000E-05   10.26533      0.8749248    
  1.5000000E-05  1.5500000E-05   11.05467       1.164816    
  1.5500000E-05  1.6000000E-05   10.97200      0.9786820    
  1.6000000E-05  1.6500000E-05   11.24000      0.7616780    
  1.6500000E-05  1.7000000E-05   11.29467      0.8363703    
  1.7000000E-05  1.7500000E-05   11.59733      0.9567618    
  1.7500000E-05  1.8000001E-05   11.77067      0.9509496    
  1.8000001E-05  1.8500001E-05   11.91067       1.277225    
  1.8500001E-05  1.8999999E-05   11.90000       1.003724    
  1.8999999E-05  1.9499999E-05   12.03867       1.160936    
  1.9499999E-05  1.9999999E-05   11.91867       1.038743    
  1.9999999E-05  2.0500000E-05   11.82267      0.9637429    
  2.0500000E-05  2.1000000E-05   12.12267       1.069663    
  2.1000000E-05  2.1500000E-05   11.91067      0.9163343    
  2.1500000E-05  2.2000000E-05   12.01467      0.7980760    
  2.2000000E-05  2.2500000E-05   11.93600       1.167919    
  2.2500000E-05  2.3000001E-05   11.99333      0.8239981    
  2.3000001E-05  2.3500001E-05   12.02000       1.267079    
  2.3500001E-05  2.4000001E-05   11.85733       1.081014    
  2.4000001E-05  2.4499999E-05   11.69333      0.8503968    
  2.4499999E-05  2.4999999E-05   11.39333       1.108457    
  2.4999999E-05  2.5500000E-05   11.41333       1.024875    
  2.5500000E-05  2.6000000E-05   11.40400       1.055209    
  2.6000000E-05  2.6500000E-05   11.15200       1.089169    
  2.6500000E-05  2.7000000E-05   11.12000       1.119355    
  2.7000000E-05  2.7500000E-05   11.09467       1.365124    
  2.7500000E-05  2.8000000E-05   10.98800      0.8323639    
  2.8000000E-05  2.8500001E-05   10.61867       1.181027    
  2.8500001E-05  2.9000001E-05   10.55600      0.8898643    
  2.9000001E-05  2.9499999E-05   10.50667       1.116102    
  2.9499999E-05  2.9999999E-05   10.49733       1.195459    
  2.9999999E-05  3.0499999E-05   10.22133       1.110731    
  3.0499999E-05  3.1000000E-05   10.08933      0.8852118    
  3.1000000E-05  3.1500000E-05   9.928000       1.269191    
  3.1500000E-05  3.2000000E-05   9.834666      0.9884223    
  3.2000000E-05  3.2500000E-05   9.746667       1.248762    
  3.2500000E-05  3.3000000E-05   9.416000      0.9399434    
  3.3000000E-05  3.3500000E-05   9.309333       1.588567    
  3.3500000E-05  3.4000001E-05   9.273334       1.004488    
  3.4000001E-05  3.4500001E-05   8.878667       1.251000    
  3.4500001E-05  3.5000001E-05   8.792000       1.366284    
  3.5000001E-05  3.5500001E-05   8.514667       1.441490    
  3.5500001E-05  3.6000001E-05   8.669333       1.290746    
  3.6000001E-05  3.6500001E-05   8.572001       1.445781    
  3.6500001E-05  3.7000002E-05   8.453333       1.170203    
  3.7000002E-05  3.7499998E-05   8.258667       1.571301    
  3.7499998E-05  3.7999998E-05   8.172000       1.063790    
  3.7999998E-05  3.8499998E-05   8.033333       1.097553    
  3.8499998E-05  3.8999999E-05   7.977334       1.092511    
  3.8999999E-05  3.9499999E-05   7.697333       1.173522    
  3.9499999E-05  3.9999999E-05   7.609334       1.510061    
  3.9999999E-05  4.0499999E-05   7.438667       1.002735    
  4.0499999E-05  4.0999999E-05   7.437333       1.033821    
  4.0999999E-05  4.1499999E-05   7.289333       1.439914    
  4.1499999E-05  4.2000000E-05   7.174666       1.657990    
  4.2000000E-05  4.2500000E-05   6.998667       1.263142    
  4.2500000E-05  4.3000000E-05   6.817333       1.716573    
  4.3000000E-05  4.3500000E-05   6.593333       1.581919    
  4.3500000E-05  4.4000000E-05   6.664000       1.744388    
  4.4000000E-05  4.4500001E-05   6.609334       1.517003    
  4.4500001E-05  4.5000001E-05   6.557333       1.503322    
  4.5000001E-05  4.5500001E-05   6.324000       1.584347    
  4.5500001E-05  4.6000001E-05   6.073333       1.363719    
  4.6000001E-05  4.6500001E-05   5.945333       1.760102    
  4.6500001E-05  4.7000001E-05   5.940000       1.495336    
  4.7000001E-05  4.7500002E-05   5.932000       1.565847    
  4.7500002E-05  4.8000002E-05   5.809333       1.214576    
  4.8000002E-05  4.8499998E-05   5.566667       1.450183    
  4.8499998E-05  4.8999998E-05   5.514667       1.579438    
  4.8999998E-05  4.9499999E-05   5.317333       1.946084    
  4.9499999E-05  4.9999999E-05   5.368000       1.735324    
  4.9999999E-05  5.0499999E-05   5.266667       1.478979    
  5.0499999E-05  5.0999999E-05   5.104000       1.750401    
  5.0999999E-05  5.1499999E-05   4.965333       1.469985    
  5.1499999E-05  5.1999999E-05   5.029334       1.107137    
  5.1999999E-05  5.2500000E-05   5.070667       1.613850    
  5.2500000E-05  5.3000000E-05   4.826667       1.191831    
  5.3000000E-05  5.3500000E-05   4.790667       1.471147    
  5.3500000E-05  5.4000000E-05   4.658667      0.9953892    
  5.4000000E-05  5.4500000E-05   4.645333       1.610640    
  5.4500000E-05  5.5000000E-05   4.441333       1.505419    
  5.5000000E-05  5.5500001E-05   4.377333       1.488803    
  5.5500001E-05  5.6000001E-05   4.278666       1.575252    
  5.6000001E-05  5.6500001E-05   4.360000       2.443751    
  5.6500001E-05  5.7000001E-05   4.333333       1.517216    
  5.7000001E-05  5.7500001E-05   4.101333       2.038286    
  5.7500001E-05  5.8000001E-05   4.042667       1.551635    
  5.8000001E-05  5.8500002E-05   9.837334      0.8648077    
  5.8500002E-05  5.8999998E-05   3.788000       2.057683    
  5.8999998E-05  5.9499998E-05   14.52533      0.8447798    
  5.9499998E-05  5.9999998E-05   3.694667       2.133123    
  5.9999998E-05  6.0499999E-05   3.701333       1.990230    
  6.0499999E-05  6.0999999E-05   3.642667       2.184309    
  6.0999999E-05  6.1500003E-05   3.604000       1.529094    
  6.1500003E-05  6.1999999E-05   3.588000       1.861334    
  6.1999999E-05  6.2500003E-05   3.382667       3.476813    
  6.2500003E-05  6.2999999E-05   3.488000       1.543455    
  6.2999999E-05  6.3500003E-05   3.185333       1.691963    
  6.3500003E-05  6.4000000E-05   3.212000       2.319315    
  6.4000000E-05  6.4499996E-05   3.117333       2.021932    
  6.4499996E-05  6.5000000E-05   3.036000       1.909489    
  6.5000000E-05  6.5499997E-05   3.165333       2.880645    
  6.5499997E-05  6.6000001E-05   2.976000       2.179347    
  6.6000001E-05  6.6499997E-05   3.006667       1.818413    
  6.6499997E-05  6.7000001E-05   2.785333       2.742281    
  6.7000001E-05  6.7499997E-05   6.518667       1.271542    
  6.7499997E-05  6.8000001E-05   2.708000       1.986719    
  6.8000001E-05  6.8499998E-05   2.690667       2.061794    
  6.8499998E-05  6.9000002E-05   2.713333       1.862883    
  6.9000002E-05  6.9499998E-05   3.406667       1.621181    
  6.9499998E-05  7.0000002E-05   2.334667       2.462277    
  7.0000002E-05  7.0499998E-05   2.133333       3.508599    
  7.0499998E-05  7.1000002E-05   2.097333       2.484689    
  7.1000002E-05  7.1499999E-05   2.068000       2.625422    
  7.1499999E-05  7.2000003E-05   1.998667       2.655548    
  7.2000003E-05  7.2499999E-05   1.937333       2.122546    
  7.2499999E-05  7.3000003E-05   2.060000       2.940229    
  7.3000003E-05  7.3499999E-05   1.934667       1.820046    
  7.3499999E-05  7.4000003E-05   1.880000       3.238425    
  7.4000003E-05  7.4500000E-05   1.817333       2.413176    
  7.4500000E-05  7.4999996E-05   1.709333       3.107983    
  7.4999996E-05  7.5500000E-05   1.749333       2.145781    
  7.5500000E-05  7.5999997E-05   1.774667       2.284505    
  7.5999997E-05  7.6500000E-05   1.654667       2.662458    
  7.6500000E-05  7.6999997E-05   1.697333       2.821099    
  7.6999997E-05  7.7500001E-05   1.553333       2.379667    
  7.7500001E-05  7.7999997E-05   1.660000       2.694058    
  7.7999997E-05  7.8500001E-05   1.445333       2.752551    
  7.8500001E-05  7.8999998E-05   1.484000       3.578294    
  7.8999998E-05  7.9500001E-05   1.434667       2.698599    
  7.9500001E-05  7.9999998E-05   1.426667       3.296676    
  7.9999998E-05  8.0500002E-05   1.404000       4.472809    
  8.0500002E-05  8.0999998E-05   1.400000       2.015489    
  8.0999998E-05  8.1500002E-05   1.370667       3.378363    
  8.1500002E-05  8.1999999E-05   1.344000       2.105487    
  8.1999999E-05  8.2500002E-05   1.252000       3.306289    
  8.2500002E-05  8.2999999E-05   1.252000       2.305976    
  8.2999999E-05  8.3500003E-05   1.188000       3.112040    
  8.3500003E-05  8.3999999E-05   1.133333       3.834181    
  8.3999999E-05  8.4500003E-05   1.068000       4.101976    
  8.4500003E-05  8.5000000E-05   1.060000       4.801578    
  8.5000000E-05  8.5499996E-05   1.008000       2.574636    
  8.5499996E-05  8.6000000E-05   1.044000       3.239218    
  8.6000000E-05  8.6499997E-05  0.9706666       3.127182    
  8.6499997E-05  8.7000000E-05  0.9080000       3.665614    
  8.7000000E-05  8.7499997E-05  0.9133333       3.476608    
  8.7499997E-05  8.8000001E-05  0.8640000       3.427474    
  8.8000001E-05  8.8499997E-05  0.7920000       4.002649    
  8.8499997E-05  8.9000001E-05  0.7706667       3.544451    
  8.9000001E-05  8.9499998E-05  0.7320000       3.338853    
  8.9499998E-05  9.0000001E-05  0.6560000       6.284870    
  9.0000001E-05  9.0499998E-05  0.6293333       4.318234    
  9.0499998E-05  9.1000002E-05  0.6680000       5.686746    
  9.1000002E-05  9.1499998E-05  0.5826667       4.967008    
  9.1499998E-05  9.2000002E-05  0.5346667       4.522299    
  9.2000002E-05  9.2499999E-05  0.5520000       3.331983    
  9.2499999E-05  9.3000002E-05  0.5320000       4.384174    
  9.3000002E-05  9.3499999E-05  0.4626667       5.657733    
  9.3499999E-05  9.4000003E-05  0.4546667       5.420972    
  9.4000003E-05  9.4499999E-05  0.3960000       3.727676    
  9.4499999E-05  9.5000003E-05  0.4440000       4.081371    
  9.5000003E-05  9.5500000E-05  0.3533333       5.317561    
  9.5500000E-05  9.6000003E-05  0.3360000       6.878125    
  9.6000003E-05  9.6500000E-05  0.2320000       8.571287    
  9.6500000E-05  9.6999996E-05  0.2346667       6.831697    
  9.6999996E-05  9.7500000E-05  0.2346667       6.194410    
  9.7500000E-05  9.7999997E-05  0.1453333       10.52907    
  9.7999997E-05  9.8500001E-05  0.1346667       9.555500    
  9.8500001E-05  9.8999997E-05  0.1146667       11.97166    
  9.8999997E-05  9.9500001E-05  3.5999998E-02   16.44473    
  9.9500001E-05  9.9999997E-05  1.5999999E-02   25.00000    


 # Detector n:            3   Yield3    
 # N. of x1 intervals         200
   0.000000      5.0000000E-07   0.000000       0.000000    
  5.0000000E-07  1.0000000E-06   0.000000       0.000000    
  1.0000000E-06  1.5000001E-06   0.000000       0.000000    
  1.5000001E-06  2.0000000E-06   0.000000       0.000000    
  2.0000000E-06  2.4999999E-06   0.000000       0.000000    
  2.4999999E-06  3.0000001E-06  2.2666667E-02   22.56424    
  3.0000001E-06  3.5000000E-06  1.5999999E-02   21.82179    
  3.5000000E-06  4.0000000E-06  0.1440000       10.07030    
  4.0000000E-06  4.5000002E-06  0.5426667       4.547589    
  4.5000002E-06  4.9999999E-06   1.262667       3.304010    
  4.9999999E-06  5.5000000E-06   2.393333       1.727404    
  5.5000000E-06  6.0000002E-06   3.605333       2.122030    
  6.0000002E-06  6.4999999E-06   5.389333       1.646481    
  6.4999999E-06  7.0000001E-06   6.460000       1.673518    
  7.0000001E-06  7.4999998E-06   8.173333       1.268945    
  7.4999998E-06  8.0000000E-06   9.429334       1.293142    
  8.0000000E-06  8.5000001E-06   18.62667      0.8347163    
  8.5000001E-06  9.0000003E-06   11.65867      0.8456320    
  9.0000003E-06  9.4999996E-06   12.61733      0.9553239    
  9.4999996E-06  9.9999997E-06   24.65333      0.5647016    
  9.9999997E-06  1.0500000E-05   10.05067       1.032507    
  1.0500000E-05  1.1000000E-05   7.322667       1.154121    
  1.1000000E-05  1.1500000E-05   8.842667       1.308599    
  1.1500000E-05  1.2000000E-05   7.381333       1.482064    
  1.2000000E-05  1.2500000E-05   6.129333       1.577100    
  1.2500000E-05  1.3000000E-05   6.137333       1.674635    
  1.3000000E-05  1.3500000E-05   6.505333      0.8520380    
  1.3500000E-05  1.4000000E-05   6.898666       1.940553    
  1.4000000E-05  1.4500000E-05   7.184000       1.364995    
  1.4500000E-05  1.5000000E-05   7.172000      0.8703431    
  1.5000000E-05  1.5500000E-05   7.693333       1.585508    
  1.5500000E-05  1.6000000E-05   7.650667       1.114029    
  1.6000000E-05  1.6500000E-05   7.968000      0.6940482    
  1.6500000E-05  1.7000000E-05   7.961333       1.303612    
  1.7000000E-05  1.7500000E-05   8.201333       1.036117    
  1.7500000E-05  1.8000001E-05   8.358666       1.147860    
  1.8000001E-05  1.8500001E-05   8.448000       1.316870    
  1.8500001E-05  1.8999999E-05   8.436000       1.249845    
  1.8999999E-05  1.9499999E-05   8.586666       1.250527    
  1.9499999E-05  1.9999999E-05   8.573334       1.179809    
  1.9999999E-05  2.0500000E-05   8.377334       1.178104    
  2.0500000E-05  2.1000000E-05   8.669333       1.218427    
  2.1000000E-05  2.1500000E-05   8.422667      0.9315121    
  2.1500000E-05  2.2000000E-05   8.712000       1.477244    
  2.2000000E-05  2.2500000E-05   8.554667       1.202205    
  2.2500000E-05  2.3000001E-05   8.749333       1.161702    
  2.3000001E-05  2.3500001E-05   8.688000       1.180410    
  2.3500001E-05  2.4000001E-05   8.556000       1.052128    
  2.4000001E-05  2.4499999E-05   8.348000       1.264664    
  2.4499999E-05  2.4999999E-05   8.326667       1.269824    
  2.4999999E-05  2.5500000E-05   8.161333       1.137537    
  2.5500000E-05  2.6000000E-05   8.314667       1.447135    
  2.6000000E-05  2.6500000E-05   8.084000       1.275342    
  2.6500000E-05  2.7000000E-05   8.068000       1.087774    
  2.7000000E-05  2.7500000E-05   8.244000       1.561177    
  2.7500000E-05  2.8000000E-05   7.877334       1.127269    
  2.8000000E-05  2.8500001E-05   7.761333       1.543970    
  2.8500001E-05  2.9000001E-05   7.588000       1.025603    
  2.9000001E-05  2.9499999E-05   7.682667       1.233101    
  2.9499999E-05  2.9999999E-05   7.656000       1.444890    
  2.9999999E-05  3.0499999E-05   7.398667       1.293843    
  3.0499999E-05  3.1000000E-05   7.381333       1.074897    
  3.1000000E-05  3.1500000E-05   7.272000       1.173246    
  3.1500000E-05  3.2000000E-05   7.192000       1.303721    
  3.2000000E-05  3.2500000E-05   7.154666       1.207885    
  3.2500000E-05  3.3000000E-05   6.874667      0.9659129    
  3.3000000E-05  3.3500000E-05   6.814667       1.888682    
  3.3500000E-05  3.4000001E-05   6.816000       1.678836    
  3.4000001E-05  3.4500001E-05   6.504000       1.570891    
  3.4500001E-05  3.5000001E-05   6.458667       1.654511    
  3.5000001E-05  3.5500001E-05   6.258667       1.683577    
  3.5500001E-05  3.6000001E-05   6.294667       1.427836    
  3.6000001E-05  3.6500001E-05   6.221334       1.587492    
  3.6500001E-05  3.7000002E-05   6.149333       1.059788    
  3.7000002E-05  3.7499998E-05   6.089333       1.545817    
  3.7499998E-05  3.7999998E-05   5.990667       1.152300    
  3.7999998E-05  3.8499998E-05   5.897333       1.398634    
  3.8499998E-05  3.8999999E-05   5.868000       1.276056    
  3.8999999E-05  3.9499999E-05   5.652000       1.488044    
  3.9499999E-05  3.9999999E-05   5.632000       1.387867    
  3.9999999E-05  4.0499999E-05   5.556000       1.264275    
  4.0499999E-05  4.0999999E-05   5.460000       1.204847    
  4.0999999E-05  4.1499999E-05   5.441333       1.662625    
  4.1499999E-05  4.2000000E-05   5.213334       1.737437    
  4.2000000E-05  4.2500000E-05   5.132000       1.365872    
  4.2500000E-05  4.3000000E-05   5.094666       2.359285    
  4.3000000E-05  4.3500000E-05   4.906667       1.848168    
  4.3500000E-05  4.4000000E-05   4.922667       1.724567    
  4.4000000E-05  4.4500001E-05   4.845334       1.916455    
  4.4500001E-05  4.5000001E-05   4.884000       1.455888    
  4.5000001E-05  4.5500001E-05   4.720000       1.976248    
  4.5500001E-05  4.6000001E-05   4.510666       1.548626    
  4.6000001E-05  4.6500001E-05   4.309333       2.100546    
  4.6500001E-05  4.7000001E-05   4.326667       1.269267    
  4.7000001E-05  4.7500002E-05   4.353333       1.869483    
  4.7500002E-05  4.8000002E-05   4.240000       1.345236    
  4.8000002E-05  4.8499998E-05   4.125333       2.139273    
  4.8499998E-05  4.8999998E-05   4.038667       1.800150    
  4.8999998E-05  4.9499999E-05   3.912000       2.275892    
  4.9499999E-05  4.9999999E-05   3.954667       2.020195    
  4.9999999E-05  5.0499999E-05   3.906667       1.985691    
  5.0499999E-05  5.0999999E-05   3.749333       1.779770    
  5.0999999E-05  5.1499999E-05   3.682667       1.556843    
  5.1499999E-05  5.1999999E-05   3.692000       1.456255    
  5.1999999E-05  5.2500000E-05   3.729333       1.845085    
  5.2500000E-05  5.3000000E-05   3.586667       1.517543    
  5.3000000E-05  5.3500000E-05   3.506667       1.540142    
  5.3500000E-05  5.4000000E-05   3.404000       1.504191    
  5.4000000E-05  5.4500000E-05   3.437333       1.914558    
  5.4500000E-05  5.5000000E-05   3.321333       1.676072    
  5.5000000E-05  5.5500001E-05   3.178667       1.802227    
  5.5500001E-05  5.6000001E-05   3.156000       1.900336    
  5.6000001E-05  5.6500001E-05   3.212000       2.357998    
  5.6500001E-05  5.7000001E-05   3.165333       1.751093    
  5.7000001E-05  5.7500001E-05   3.020000       2.233215    
  5.7500001E-05  5.8000001E-05   2.980000       1.829222    
  5.8000001E-05  5.8500002E-05   7.273333       1.220526    
  5.8500002E-05  5.8999998E-05   2.814667       2.575515    
  5.8999998E-05  5.9499998E-05   10.95600      0.8605167    
  5.9499998E-05  5.9999998E-05   2.734667       2.450133    
  5.9999998E-05  6.0499999E-05   2.726667       2.258709    
  6.0499999E-05  6.0999999E-05   2.753333       2.462466    
  6.0999999E-05  6.1500003E-05   2.652000       1.876081    
  6.1500003E-05  6.1999999E-05   2.666667       2.340635    
  6.1999999E-05  6.2500003E-05   2.536000       3.185592    
  6.2500003E-05  6.2999999E-05   2.577333       1.834571    
  6.2999999E-05  6.3500003E-05   2.380000       1.919768    
  6.3500003E-05  6.4000000E-05   2.366667       2.536105    
  6.4000000E-05  6.4499996E-05   2.310667       1.969900    
  6.4499996E-05  6.5000000E-05   2.286667       2.170565    
  6.5000000E-05  6.5499997E-05   2.394667       2.988583    
  6.5499997E-05  6.6000001E-05   2.230667       2.474626    
  6.6000001E-05  6.6499997E-05   2.258667       2.278880    
  6.6499997E-05  6.7000001E-05   2.114667       2.727825    
  6.7000001E-05  6.7499997E-05   4.933333       1.635877    
  6.7499997E-05  6.8000001E-05   2.032000       2.235790    
  6.8000001E-05  6.8499998E-05   1.994667       2.598982    
  6.8499998E-05  6.9000002E-05   2.020000       2.417526    
  6.9000002E-05  6.9499998E-05   2.541333       2.513987    
  6.9499998E-05  7.0000002E-05   1.736000       2.953746    
  7.0000002E-05  7.0499998E-05   1.585333       3.876626    
  7.0499998E-05  7.1000002E-05   1.582667       2.862771    
  7.1000002E-05  7.1499999E-05   1.530667       2.876449    
  7.1499999E-05  7.2000003E-05   1.534667       3.226148    
  7.2000003E-05  7.2499999E-05   1.470667       2.493024    
  7.2499999E-05  7.3000003E-05   1.554667       3.045502    
  7.3000003E-05  7.3499999E-05   1.434667       3.109665    
  7.3499999E-05  7.4000003E-05   1.421333       3.931018    
  7.4000003E-05  7.4500000E-05   1.348000       1.903344    
  7.4500000E-05  7.4999996E-05   1.286667       4.136742    
  7.4999996E-05  7.5500000E-05   1.284000       2.892974    
  7.5500000E-05  7.5999997E-05   1.328000       3.185618    
  7.5999997E-05  7.6500000E-05   1.257333       2.815107    
  7.6500000E-05  7.6999997E-05   1.284000       3.358685    
  7.6999997E-05  7.7500001E-05   1.162667       2.843284    
  7.7500001E-05  7.7999997E-05   1.234667       3.779037    
  7.7999997E-05  7.8500001E-05   1.098667       3.749532    
  7.8500001E-05  7.8999998E-05   1.096000       4.046074    
  7.8999998E-05  7.9500001E-05   1.085333       2.584028    
  7.9500001E-05  7.9999998E-05   1.057333       3.238954    
  7.9999998E-05  8.0500002E-05   1.065333       4.982062    
  8.0500002E-05  8.0999998E-05   1.053333       2.631398    
  8.0999998E-05  8.1500002E-05   1.040000       3.909731    
  8.1500002E-05  8.1999999E-05   1.024000       2.676633    
  8.1999999E-05  8.2500002E-05  0.9533333       4.153970    
  8.2500002E-05  8.2999999E-05  0.9546667       3.508339    
  8.2999999E-05  8.3500003E-05  0.9186667       3.308289    
  8.3500003E-05  8.3999999E-05  0.8760000       4.615950    
  8.3999999E-05  8.4500003E-05  0.8120000       4.527632    
  8.4500003E-05  8.5000000E-05  0.8173333       4.498510    
  8.5000000E-05  8.5499996E-05  0.7653334       2.787456    
  8.5499996E-05  8.6000000E-05  0.8093333       4.834471    
  8.6000000E-05  8.6499997E-05  0.7573333       4.387806    
  8.6499997E-05  8.7000000E-05  0.6906667       3.747646    
  8.7000000E-05  8.7499997E-05  0.6853333       3.696498    
  8.7499997E-05  8.8000001E-05  0.6600000       4.552664    
  8.8000001E-05  8.8499997E-05  0.6093333       4.307841    
  8.8499997E-05  8.9000001E-05  0.5720000       3.734803    
  8.9000001E-05  8.9499998E-05  0.5426667       3.049060    
  8.9499998E-05  9.0000001E-05  0.5013334       6.589399    
  9.0000001E-05  9.0499998E-05  0.4746667       4.678704    
  9.0499998E-05  9.1000002E-05  0.5360000       6.505819    
  9.1000002E-05  9.1499998E-05  0.4493333       5.874001    
  9.1499998E-05  9.2000002E-05  0.4013333       5.784385    
  9.2000002E-05  9.2499999E-05  0.4333333       4.865042    
  9.2499999E-05  9.3000002E-05  0.3946667       5.267918    
  9.3000002E-05  9.3499999E-05  0.3560000       6.110069    
  9.3499999E-05  9.4000003E-05  0.3520000       5.567022    
  9.4000003E-05  9.4499999E-05  0.3000000       5.245306    
  9.4499999E-05  9.5000003E-05  0.3546667       5.087605    
  9.5000003E-05  9.5500000E-05  0.2733333       5.231125    
  9.5500000E-05  9.6000003E-05  0.2653333       7.938608    
  9.6000003E-05  9.6500000E-05  0.1960000       8.862206    
  9.6500000E-05  9.6999996E-05  0.1626667       8.126160    
  9.6999996E-05  9.7500000E-05  0.1840000       7.515699    
  9.7500000E-05  9.7999997E-05  0.1146667       13.56035    
  9.7999997E-05  9.8500001E-05  0.1066667       8.901746    
  9.8500001E-05  9.8999997E-05  8.1333332E-02   16.53336    
  9.8999997E-05  9.9500001E-05  2.7999999E-02   18.17740    
  9.9500001E-05  9.9999997E-05  1.3333333E-02   28.03060    


 # Detector n:            4   Yield4    
 # N. of x1 intervals         200
   0.000000      5.0000000E-07   0.000000       0.000000    
  5.0000000E-07  1.0000000E-06   0.000000       0.000000    
  1.0000000E-06  1.5000001E-06  1.2000000E-02   27.21655    
  1.5000001E-06  2.0000000E-06   0.000000       0.000000    
  2.0000000E-06  2.4999999E-06   0.000000       0.000000    
  2.4999999E-06  3.0000001E-06   0.000000       0.000000    
  3.0000001E-06  3.5000000E-06   0.000000       0.000000    
  3.5000000E-06  4.0000000E-06   0.000000       0.000000    
  4.0000000E-06  4.5000002E-06   0.000000       0.000000    
  4.5000002E-06  4.9999999E-06   0.000000       0.000000    
  4.9999999E-06  5.5000000E-06   0.000000       0.000000    
  5.5000000E-06  6.0000002E-06   0.000000       0.000000    
  6.0000002E-06  6.4999999E-06   0.000000       0.000000    
  6.4999999E-06  7.0000001E-06   0.000000       0.000000    
  7.0000001E-06  7.4999998E-06  1.3333333E-03   99.00000    
  7.4999998E-06  8.0000000E-06  6.6666664E-03   37.79645    
  8.0000000E-06  8.5000001E-06  3.0666666E-02   17.85107    
  8.5000001E-06  9.0000003E-06  5.4666664E-02   9.756098    
  9.0000003E-06  9.4999996E-06  0.1400000       9.247699    
  9.4999996E-06  9.9999997E-06  0.5226667       3.598657    
  9.9999997E-06  1.0500000E-05  0.3266667       6.803693    
  1.0500000E-05  1.1000000E-05  0.3720000       6.527966    
  1.1000000E-05  1.1500000E-05  0.6933333       6.015794    
  1.1500000E-05  1.2000000E-05  0.8120000       5.000609    
  1.2000000E-05  1.2500000E-05  0.8466666       2.446925    
  1.2500000E-05  1.3000000E-05   1.088000       3.321443    
  1.3000000E-05  1.3500000E-05   1.394667       3.457768    
  1.3500000E-05  1.4000000E-05   1.722667       3.244186    
  1.4000000E-05  1.4500000E-05   2.085333       2.748723    
  1.4500000E-05  1.5000000E-05   2.270667       2.417317    
  1.5000000E-05  1.5500000E-05   2.798667       2.599610    
  1.5500000E-05  1.6000000E-05   3.026667       2.093256    
  1.6000000E-05  1.6500000E-05   3.492000       1.797999    
  1.6500000E-05  1.7000000E-05   3.644000       1.307835    
  1.7000000E-05  1.7500000E-05   4.101333       1.912755    
  1.7500000E-05  1.8000001E-05   4.381333       1.501123    
  1.8000001E-05  1.8500001E-05   4.776000       1.781437    
  1.8500001E-05  1.8999999E-05   4.870667       1.667166    
  1.8999999E-05  1.9499999E-05   5.245333       1.347023    
  1.9499999E-05  1.9999999E-05   5.348000       1.570935    
  1.9999999E-05  2.0500000E-05   5.444000       1.782621    
  2.0500000E-05  2.1000000E-05   5.693333       1.390720    
  2.1000000E-05  2.1500000E-05   5.753334       1.255061    
  2.1500000E-05  2.2000000E-05   6.138667       1.598468    
  2.2000000E-05  2.2500000E-05   6.120000       1.456254    
  2.2500000E-05  2.3000001E-05   6.468000       1.293643    
  2.3000001E-05  2.3500001E-05   6.520000       1.571547    
  2.3500001E-05  2.4000001E-05   6.549333       1.149916    
  2.4000001E-05  2.4499999E-05   6.561333       1.559511    
  2.4499999E-05  2.4999999E-05   6.534667       1.532184    
  2.4999999E-05  2.5500000E-05   6.486667       1.209829    
  2.5500000E-05  2.6000000E-05   6.666667       1.678435    
  2.6000000E-05  2.6500000E-05   6.677333       1.618486    
  2.6500000E-05  2.7000000E-05   6.669333       1.367935    
  2.7000000E-05  2.7500000E-05   6.942667       1.788416    
  2.7500000E-05  2.8000000E-05   6.625333       1.022410    
  2.8000000E-05  2.8500001E-05   6.596000       1.691903    
  2.8500001E-05  2.9000001E-05   6.524000       1.171442    
  2.9000001E-05  2.9499999E-05   6.668000       1.347045    
  2.9499999E-05  2.9999999E-05   6.600000       1.512841    
  2.9999999E-05  3.0499999E-05   6.472000       1.717078    
  3.0499999E-05  3.1000000E-05   6.525333       1.130097    
  3.1000000E-05  3.1500000E-05   6.466667       1.500244    
  3.1500000E-05  3.2000000E-05   6.396000       1.502798    
  3.2000000E-05  3.2500000E-05   6.430666       1.150503    
  3.2500000E-05  3.3000000E-05   6.233333       1.156720    
  3.3000000E-05  3.3500000E-05   6.133333       1.816319    
  3.3500000E-05  3.4000001E-05   6.181334       1.709021    
  3.4000001E-05  3.4500001E-05   5.888000       1.681725    
  3.4500001E-05  3.5000001E-05   5.926667       1.764785    
  3.5000001E-05  3.5500001E-05   5.732000       1.596695    
  3.5500001E-05  3.6000001E-05   5.814667       1.585644    
  3.6000001E-05  3.6500001E-05   5.762667       1.677789    
  3.6500001E-05  3.7000002E-05   5.660000       1.550635    
  3.7000002E-05  3.7499998E-05   5.670667       1.661371    
  3.7499998E-05  3.7999998E-05   5.609334       1.095296    
  3.7999998E-05  3.8499998E-05   5.542667       1.440281    
  3.8499998E-05  3.8999999E-05   5.500000       1.501829    
  3.8999999E-05  3.9499999E-05   5.258667       1.502376    
  3.9499999E-05  3.9999999E-05   5.289333       1.355751    
  3.9999999E-05  4.0499999E-05   5.204000       1.345616    
  4.0499999E-05  4.0999999E-05   5.148000       1.128404    
  4.0999999E-05  4.1499999E-05   5.149333       1.619198    
  4.1499999E-05  4.2000000E-05   4.924000       1.620919    
  4.2000000E-05  4.2500000E-05   4.853333       1.444782    
  4.2500000E-05  4.3000000E-05   4.804000       2.283605    
  4.3000000E-05  4.3500000E-05   4.702667       1.894183    
  4.3500000E-05  4.4000000E-05   4.696000       1.580052    
  4.4000000E-05  4.4500001E-05   4.637333       2.028956    
  4.4500001E-05  4.5000001E-05   4.657333       1.487511    
  4.5000001E-05  4.5500001E-05   4.480000       2.011643    
  4.5500001E-05  4.6000001E-05   4.294667       1.480673    
  4.6000001E-05  4.6500001E-05   4.126667       2.199026    
  4.6500001E-05  4.7000001E-05   4.162667       1.481895    
  4.7000001E-05  4.7500002E-05   4.221334       1.908886    
  4.7500002E-05  4.8000002E-05   4.062666       1.441163    
  4.8000002E-05  4.8499998E-05   3.992000       2.109655    
  4.8499998E-05  4.8999998E-05   3.908000       1.843728    
  4.8999998E-05  4.9499999E-05   3.769333       2.263529    
  4.9499999E-05  4.9999999E-05   3.825333       2.074113    
  4.9999999E-05  5.0499999E-05   3.748000       1.873136    
  5.0499999E-05  5.0999999E-05   3.636000       1.881248    
  5.0999999E-05  5.1499999E-05   3.593333       1.553195    
  5.1499999E-05  5.1999999E-05   3.562667       1.665194    
  5.1999999E-05  5.2500000E-05   3.604000       1.907201    
  5.2500000E-05  5.3000000E-05   3.477333       1.686556    
  5.3000000E-05  5.3500000E-05   3.390667       1.796387    
  5.3500000E-05  5.4000000E-05   3.332000       1.559525    
  5.4000000E-05  5.4500000E-05   3.329333       2.086621    
  5.4500000E-05  5.5000000E-05   3.249333       1.668830    
  5.5000000E-05  5.5500001E-05   3.130667       1.913345    
  5.5500001E-05  5.6000001E-05   3.080000       1.967538    
  5.6000001E-05  5.6500001E-05   3.128000       2.312759    
  5.6500001E-05  5.7000001E-05   3.098667       1.683649    
  5.7000001E-05  5.7500001E-05   2.942667       2.227528    
  5.7500001E-05  5.8000001E-05   2.909333       1.861443    
  5.8000001E-05  5.8500002E-05   7.029333       1.130566    
  5.8500002E-05  5.8999998E-05   2.737333       2.472956    
  5.8999998E-05  5.9499998E-05   10.63333      0.8480684    
  5.9499998E-05  5.9999998E-05   2.677333       2.316674    
  5.9999998E-05  6.0499999E-05   2.657333       2.381020    
  6.0499999E-05  6.0999999E-05   2.716000       2.254484    
  6.0999999E-05  6.1500003E-05   2.577333       1.762832    
  6.1500003E-05  6.1999999E-05   2.617333       2.301932    
  6.1999999E-05  6.2500003E-05   2.482667       3.379499    
  6.2500003E-05  6.2999999E-05   2.534667       1.791845    
  6.2999999E-05  6.3500003E-05   2.326667       1.764979    
  6.3500003E-05  6.4000000E-05   2.326667       2.550902    
  6.4000000E-05  6.4499996E-05   2.265333       2.052454    
  6.4499996E-05  6.5000000E-05   2.230667       2.150162    
  6.5000000E-05  6.5499997E-05   2.325333       2.941926    
  6.5499997E-05  6.6000001E-05   2.177333       2.433352    
  6.6000001E-05  6.6499997E-05   2.206667       2.319464    
  6.6499997E-05  6.7000001E-05   2.070667       2.484711    
  6.7000001E-05  6.7499997E-05   4.796000       1.660195    
  6.7499997E-05  6.8000001E-05   1.989333       1.909725    
  6.8000001E-05  6.8499998E-05   1.962667       2.602507    
  6.8499998E-05  6.9000002E-05   1.989333       2.499226    
  6.9000002E-05  6.9499998E-05   2.498667       2.664428    
  6.9499998E-05  7.0000002E-05   1.717333       3.089326    
  7.0000002E-05  7.0499998E-05   1.548000       3.750481    
  7.0499998E-05  7.1000002E-05   1.549333       2.762503    
  7.1000002E-05  7.1499999E-05   1.502667       2.874827    
  7.1499999E-05  7.2000003E-05   1.506667       3.235150    
  7.2000003E-05  7.2499999E-05   1.441333       2.686117    
  7.2499999E-05  7.3000003E-05   1.529333       3.250955    
  7.3000003E-05  7.3499999E-05   1.394667       3.171181    
  7.3499999E-05  7.4000003E-05   1.380000       3.873352    
  7.4000003E-05  7.4500000E-05   1.320000       1.916532    
  7.4500000E-05  7.4999996E-05   1.269333       4.458854    
  7.4999996E-05  7.5500000E-05   1.257333       3.092483    
  7.5500000E-05  7.5999997E-05   1.305333       3.407947    
  7.5999997E-05  7.6500000E-05   1.234667       2.789918    
  7.6500000E-05  7.6999997E-05   1.257333       3.481059    
  7.6999997E-05  7.7500001E-05   1.153333       2.958725    
  7.7500001E-05  7.7999997E-05   1.221333       3.691091    
  7.7999997E-05  7.8500001E-05   1.081333       3.753635    
  7.8500001E-05  7.8999998E-05   1.080000       4.242164    
  7.8999998E-05  7.9500001E-05   1.058667       2.768326    
  7.9500001E-05  7.9999998E-05   1.041333       3.059617    
  7.9999998E-05  8.0500002E-05   1.036000       5.551182    
  8.0500002E-05  8.0999998E-05   1.037333       2.877406    
  8.0999998E-05  8.1500002E-05   1.021333       3.964949    
  8.1500002E-05  8.1999999E-05   1.002667       2.537072    
  8.1999999E-05  8.2500002E-05  0.9320000       4.054331    
  8.2500002E-05  8.2999999E-05  0.9506667       3.549325    
  8.2999999E-05  8.3500003E-05  0.9053333       3.479388    
  8.3500003E-05  8.3999999E-05  0.8600000       5.018701    
  8.3999999E-05  8.4500003E-05  0.7906666       4.517289    
  8.4500003E-05  8.5000000E-05  0.7986667       4.429100    
  8.5000000E-05  8.5499996E-05  0.7533333       2.972939    
  8.5499996E-05  8.6000000E-05  0.7933334       4.997805    
  8.6000000E-05  8.6499997E-05  0.7453333       4.346296    
  8.6499997E-05  8.7000000E-05  0.6826667       3.813062    
  8.7000000E-05  8.7499997E-05  0.6746666       3.618737    
  8.7499997E-05  8.8000001E-05  0.6440000       4.341484    
  8.8000001E-05  8.8499997E-05  0.6026667       4.343437    
  8.8499997E-05  8.9000001E-05  0.5533333       3.890759    
  8.9000001E-05  8.9499998E-05  0.5320000       3.318183    
  8.9499998E-05  9.0000001E-05  0.4973333       6.387066    
  9.0000001E-05  9.0499998E-05  0.4693333       4.739175    
  9.0499998E-05  9.1000002E-05  0.5253333       6.671797    
  9.1000002E-05  9.1499998E-05  0.4440000       6.204360    
  9.1499998E-05  9.2000002E-05  0.3920000       5.759401    
  9.2000002E-05  9.2499999E-05  0.4186667       4.965936    
  9.2499999E-05  9.3000002E-05  0.3853333       5.201833    
  9.3000002E-05  9.3499999E-05  0.3533333       6.017486    
  9.3499999E-05  9.4000003E-05  0.3386667       5.890495    
  9.4000003E-05  9.4499999E-05  0.2973333       5.792520    
  9.4499999E-05  9.5000003E-05  0.3506667       5.005249    
  9.5000003E-05  9.5500000E-05  0.2653333       5.428864    
  9.5500000E-05  9.6000003E-05  0.2653333       7.938608    
  9.6000003E-05  9.6500000E-05  0.1933333       8.605899    
  9.6500000E-05  9.6999996E-05  0.1560000       8.030810    
  9.6999996E-05  9.7500000E-05  0.1813333       7.337168    
  9.7500000E-05  9.7999997E-05  0.1133333       13.30282    
  9.7999997E-05  9.8500001E-05  0.1013333       9.129612    
  9.8500001E-05  9.8999997E-05  7.9999998E-02   16.72609    
  9.8999997E-05  9.9500001E-05  2.7999999E-02   18.17740    
  9.9500001E-05  9.9999997E-05  1.3333333E-02   28.03060    


 # Detector n:            5   Yield5    
 # N. of x1 intervals         200
   0.000000      5.0000000E-07   0.000000       0.000000    
  5.0000000E-07  1.0000000E-06   0.000000       0.000000    
  1.0000000E-06  1.5000001E-06  1.2000000E-02   27.21655    
  1.5000001E-06  2.0000000E-06   0.000000       0.000000    
  2.0000000E-06  2.4999999E-06   0.000000       0.000000    
  2.4999999E-06  3.0000001E-06   0.000000       0.000000    
  3.0000001E-06  3.5000000E-06   0.000000       0.000000    
  3.5000000E-06  4.0000000E-06   0.000000       0.000000    
  4.0000000E-06  4.5000002E-06   0.000000       0.000000    
  4.5000002E-06  4.9999999E-06   0.000000       0.000000    
  4.9999999E-06  5.5000000E-06   0.000000       0.000000    
  5.5000000E-06  6.0000002E-06   0.000000       0.000000    
  6.0000002E-06  6.4999999E-06   0.000000       0.000000    
  6.4999999E-06  7.0000001E-06   0.000000       0.000000    
  7.0000001E-06  7.4999998E-06  1.3333333E-03   99.00000    
  7.4999998E-06  8.0000000E-06  6.6666664E-03   37.79645    
  8.0000000E-06  8.5000001E-06  3.0666666E-02   17.85107    
  8.5000001E-06  9.0000003E-06  5.4666664E-02   9.756098    
  9.0000003E-06  9.4999996E-06  0.1400000       9.247699    
  9.4999996E-06  9.9999997E-06  0.5226667       3.598657    
  9.9999997E-06  1.0500000E-05  0.3253333       6.904943    
  1.0500000E-05  1.1000000E-05  0.3720000       6.527966    
  1.1000000E-05  1.1500000E-05  0.6920000       5.975245    
  1.1500000E-05  1.2000000E-05  0.8106667       5.038067    
  1.2000000E-05  1.2500000E-05  0.8466666       2.446925    
  1.2500000E-05  1.3000000E-05   1.088000       3.321443    
  1.3000000E-05  1.3500000E-05   1.394667       3.457768    
  1.3500000E-05  1.4000000E-05   1.722667       3.244186    
  1.4000000E-05  1.4500000E-05   2.085333       2.748723    
  1.4500000E-05  1.5000000E-05   2.269333       2.397233    
  1.5000000E-05  1.5500000E-05   2.798667       2.599610    
  1.5500000E-05  1.6000000E-05   3.026667       2.093256    
  1.6000000E-05  1.6500000E-05   3.492000       1.797999    
  1.6500000E-05  1.7000000E-05   3.644000       1.307835    
  1.7000000E-05  1.7500000E-05   4.101333       1.912755    
  1.7500000E-05  1.8000001E-05   4.381333       1.501123    
  1.8000001E-05  1.8500001E-05   4.776000       1.781437    
  1.8500001E-05  1.8999999E-05   4.870667       1.667166    
  1.8999999E-05  1.9499999E-05   5.245333       1.347023    
  1.9499999E-05  1.9999999E-05   5.348000       1.570935    
  1.9999999E-05  2.0500000E-05   5.444000       1.782621    
  2.0500000E-05  2.1000000E-05   5.692000       1.388141    
  2.1000000E-05  2.1500000E-05   5.752000       1.255413    
  2.1500000E-05  2.2000000E-05   6.137333       1.593239    
  2.2000000E-05  2.2500000E-05   6.118667       1.466133    
  2.2500000E-05  2.3000001E-05   6.466667       1.304730    
  2.3000001E-05  2.3500001E-05   6.518667       1.575988    
  2.3500001E-05  2.4000001E-05   6.548000       1.154366    
  2.4000001E-05  2.4499999E-05   6.561333       1.559511    
  2.4499999E-05  2.4999999E-05   6.534667       1.532184    
  2.4999999E-05  2.5500000E-05   6.485333       1.212993    
  2.5500000E-05  2.6000000E-05   6.665333       1.684329    
  2.6000000E-05  2.6500000E-05   6.676000       1.617841    
  2.6500000E-05  2.7000000E-05   6.666667       1.368106    
  2.7000000E-05  2.7500000E-05   6.938667       1.779825    
  2.7500000E-05  2.8000000E-05   6.625333       1.022410    
  2.8000000E-05  2.8500001E-05   6.596000       1.691903    
  2.8500001E-05  2.9000001E-05   6.522666       1.172318    
  2.9000001E-05  2.9499999E-05   6.668000       1.347045    
  2.9499999E-05  2.9999999E-05   6.597333       1.518610    
  2.9999999E-05  3.0499999E-05   6.470667       1.718244    
  3.0499999E-05  3.1000000E-05   6.525333       1.130097    
  3.1000000E-05  3.1500000E-05   6.465333       1.498973    
  3.1500000E-05  3.2000000E-05   6.396000       1.502798    
  3.2000000E-05  3.2500000E-05   6.430666       1.150503    
  3.2500000E-05  3.3000000E-05   6.230667       1.158148    
  3.3000000E-05  3.3500000E-05   6.132000       1.807526    
  3.3500000E-05  3.4000001E-05   6.181334       1.709021    
  3.4000001E-05  3.4500001E-05   5.888000       1.681725    
  3.4500001E-05  3.5000001E-05   5.926667       1.764785    
  3.5000001E-05  3.5500001E-05   5.729333       1.596372    
  3.5500001E-05  3.6000001E-05   5.814667       1.585644    
  3.6000001E-05  3.6500001E-05   5.761333       1.675645    
  3.6500001E-05  3.7000002E-05   5.660000       1.550635    
  3.7000002E-05  3.7499998E-05   5.670667       1.661371    
  3.7499998E-05  3.7999998E-05   5.609334       1.095296    
  3.7999998E-05  3.8499998E-05   5.541333       1.449043    
  3.8499998E-05  3.8999999E-05   5.497334       1.498301    
  3.8999999E-05  3.9499999E-05   5.257333       1.505689    
  3.9499999E-05  3.9999999E-05   5.289333       1.355751    
  3.9999999E-05  4.0499999E-05   5.204000       1.345616    
  4.0499999E-05  4.0999999E-05   5.145333       1.130051    
  4.0999999E-05  4.1499999E-05   5.148000       1.628880    
  4.1499999E-05  4.2000000E-05   4.924000       1.620919    
  4.2000000E-05  4.2500000E-05   4.853333       1.444782    
  4.2500000E-05  4.3000000E-05   4.804000       2.283605    
  4.3000000E-05  4.3500000E-05   4.702667       1.894183    
  4.3500000E-05  4.4000000E-05   4.693333       1.576275    
  4.4000000E-05  4.4500001E-05   4.636000       2.018740    
  4.4500001E-05  4.5000001E-05   4.657333       1.487511    
  4.5000001E-05  4.5500001E-05   4.480000       2.011643    
  4.5500001E-05  4.6000001E-05   4.293334       1.480574    
  4.6000001E-05  4.6500001E-05   4.126667       2.199026    
  4.6500001E-05  4.7000001E-05   4.162667       1.481895    
  4.7000001E-05  4.7500002E-05   4.221334       1.908886    
  4.7500002E-05  4.8000002E-05   4.061333       1.435696    
  4.8000002E-05  4.8499998E-05   3.992000       2.109655    
  4.8499998E-05  4.8999998E-05   3.908000       1.843728    
  4.8999998E-05  4.9499999E-05   3.769333       2.263529    
  4.9499999E-05  4.9999999E-05   3.825333       2.074113    
  4.9999999E-05  5.0499999E-05   3.748000       1.873136    
  5.0499999E-05  5.0999999E-05   3.636000       1.881248    
  5.0999999E-05  5.1499999E-05   3.592000       1.553898    
  5.1499999E-05  5.1999999E-05   3.562667       1.665194    
  5.1999999E-05  5.2500000E-05   3.604000       1.907201    
  5.2500000E-05  5.3000000E-05   3.476000       1.671558    
  5.3000000E-05  5.3500000E-05   3.389333       1.793400    
  5.3500000E-05  5.4000000E-05   3.332000       1.559525    
  5.4000000E-05  5.4500000E-05   3.328000       2.085753    
  5.4500000E-05  5.5000000E-05   3.246667       1.678619    
  5.5000000E-05  5.5500001E-05   3.130667       1.913345    
  5.5500001E-05  5.6000001E-05   3.076000       1.943555    
  5.6000001E-05  5.6500001E-05   3.126667       2.314475    
  5.6500001E-05  5.7000001E-05   3.098667       1.683649    
  5.7000001E-05  5.7500001E-05   2.942667       2.227528    
  5.7500001E-05  5.8000001E-05   2.908000       1.865841    
  5.8000001E-05  5.8500002E-05   7.029333       1.130566    
  5.8500002E-05  5.8999998E-05   2.737333       2.472956    
  5.8999998E-05  5.9499998E-05   10.63333      0.8480684    
  5.9499998E-05  5.9999998E-05   2.677333       2.316674    
  5.9999998E-05  6.0499999E-05   2.658667       2.373704    
  6.0499999E-05  6.0999999E-05   2.716000       2.254484    
  6.0999999E-05  6.1500003E-05   2.576000       1.728123    
  6.1500003E-05  6.1999999E-05   2.617333       2.301932    
  6.1999999E-05  6.2500003E-05   2.482667       3.379499    
  6.2500003E-05  6.2999999E-05   2.533333       1.821039    
  6.2999999E-05  6.3500003E-05   2.326667       1.764979    
  6.3500003E-05  6.4000000E-05   2.325333       2.541022    
  6.4000000E-05  6.4499996E-05   2.264000       2.045928    
  6.4499996E-05  6.5000000E-05   2.229333       2.149666    
  6.5000000E-05  6.5499997E-05   2.325333       2.941926    
  6.5499997E-05  6.6000001E-05   2.177333       2.433352    
  6.6000001E-05  6.6499997E-05   2.206667       2.319464    
  6.6499997E-05  6.7000001E-05   2.070667       2.484711    
  6.7000001E-05  6.7499997E-05   4.796000       1.660195    
  6.7499997E-05  6.8000001E-05   1.989333       1.909725    
  6.8000001E-05  6.8499998E-05   1.962667       2.602507    
  6.8499998E-05  6.9000002E-05   1.989333       2.499226    
  6.9000002E-05  6.9499998E-05   2.498667       2.664428    
  6.9499998E-05  7.0000002E-05   1.716000       3.081948    
  7.0000002E-05  7.0499998E-05   1.548000       3.750481    
  7.0499998E-05  7.1000002E-05   1.549333       2.762503    
  7.1000002E-05  7.1499999E-05   1.502667       2.874827    
  7.1499999E-05  7.2000003E-05   1.506667       3.235150    
  7.2000003E-05  7.2499999E-05   1.440000       2.700649    
  7.2499999E-05  7.3000003E-05   1.529333       3.250955    
  7.3000003E-05  7.3499999E-05   1.394667       3.171181    
  7.3499999E-05  7.4000003E-05   1.377333       3.883092    
  7.4000003E-05  7.4500000E-05   1.320000       1.916532    
  7.4500000E-05  7.4999996E-05   1.269333       4.458854    
  7.4999996E-05  7.5500000E-05   1.257333       3.092483    
  7.5500000E-05  7.5999997E-05   1.305333       3.407947    
  7.5999997E-05  7.6500000E-05   1.234667       2.789918    
  7.6500000E-05  7.6999997E-05   1.257333       3.481059    
  7.6999997E-05  7.7500001E-05   1.152000       2.957947    
  7.7500001E-05  7.7999997E-05   1.220000       3.710792    
  7.7999997E-05  7.8500001E-05   1.081333       3.753635    
  7.8500001E-05  7.8999998E-05   1.080000       4.242164    
  7.8999998E-05  7.9500001E-05   1.058667       2.768326    
  7.9500001E-05  7.9999998E-05   1.041333       3.059617    
  7.9999998E-05  8.0500002E-05   1.036000       5.551182    
  8.0500002E-05  8.0999998E-05   1.037333       2.877406    
  8.0999998E-05  8.1500002E-05   1.020000       3.930894    
  8.1500002E-05  8.1999999E-05   1.002667       2.537072    
  8.1999999E-05  8.2500002E-05  0.9320000       4.054331    
  8.2500002E-05  8.2999999E-05  0.9506667       3.549325    
  8.2999999E-05  8.3500003E-05  0.9053333       3.479388    
  8.3500003E-05  8.3999999E-05  0.8600000       5.018701    
  8.3999999E-05  8.4500003E-05  0.7906666       4.517289    
  8.4500003E-05  8.5000000E-05  0.7986667       4.429100    
  8.5000000E-05  8.5499996E-05  0.7533333       2.972939    
  8.5499996E-05  8.6000000E-05  0.7933334       4.997805    
  8.6000000E-05  8.6499997E-05  0.7453333       4.346296    
  8.6499997E-05  8.7000000E-05  0.6826667       3.813062    
  8.7000000E-05  8.7499997E-05  0.6746666       3.618737    
  8.7499997E-05  8.8000001E-05  0.6440000       4.341484    
  8.8000001E-05  8.8499997E-05  0.6026667       4.343437    
  8.8499997E-05  8.9000001E-05  0.5533333       3.890759    
  8.9000001E-05  8.9499998E-05  0.5320000       3.318183    
  8.9499998E-05  9.0000001E-05  0.4973333       6.387066    
  9.0000001E-05  9.0499998E-05  0.4693333       4.739175    
  9.0499998E-05  9.1000002E-05  0.5253333       6.671797    
  9.1000002E-05  9.1499998E-05  0.4440000       6.204360    
  9.1499998E-05  9.2000002E-05  0.3920000       5.759401    
  9.2000002E-05  9.2499999E-05  0.4186667       4.965936    
  9.2499999E-05  9.3000002E-05  0.3853333       5.201833    
  9.3000002E-05  9.3499999E-05  0.3533333       6.017486    
  9.3499999E-05  9.4000003E-05  0.3386667       5.890495    
  9.4000003E-05  9.4499999E-05  0.2973333       5.792520    
  9.4499999E-05  9.5000003E-05  0.3506667       5.005249    
  9.5000003E-05  9.5500000E-05  0.2653333       5.428864    
  9.5500000E-05  9.6000003E-05  0.2653333       7.938608    
  9.6000003E-05  9.6500000E-05  0.1933333       8.605899    
  9.6500000E-05  9.6999996E-05  0.1560000       8.030810    
  9.6999996E-05  9.7500000E-05  0.1813333       7.337168    
  9.7500000E-05  9.7999997E-05  0.1133333       13.30282    
  9.7999997E-05  9.8500001E-05  0.1013333       9.129612    
  9.8500001E-05  9.8999997E-05  7.9999998E-02   16.72609    
  9.8999997E-05  9.9500001E-05  2.7999999E-02   18.17740    
  9.9500001E-05  9.9999997E-05  1.3333333E-02   28.03060    


 # Detector n:            6   Yield6    
 # N. of x1 intervals         200
   0.000000      5.0000000E-07   0.000000       0.000000    
  5.0000000E-07  1.0000000E-06   0.000000       0.000000    
  1.0000000E-06  1.5000001E-06  9.3333330E-03   35.40684    
  1.5000001E-06  2.0000000E-06   0.000000       0.000000    
  2.0000000E-06  2.4999999E-06   0.000000       0.000000    
  2.4999999E-06  3.0000001E-06   0.000000       0.000000    
  3.0000001E-06  3.5000000E-06   0.000000       0.000000    
  3.5000000E-06  4.0000000E-06   0.000000       0.000000    
  4.0000000E-06  4.5000002E-06   0.000000       0.000000    
  4.5000002E-06  4.9999999E-06   0.000000       0.000000    
  4.9999999E-06  5.5000000E-06   0.000000       0.000000    
  5.5000000E-06  6.0000002E-06   0.000000       0.000000    
  6.0000002E-06  6.4999999E-06   0.000000       0.000000    
  6.4999999E-06  7.0000001E-06   0.000000       0.000000    
  7.0000001E-06  7.4999998E-06  1.3333333E-03   99.00000    
  7.4999998E-06  8.0000000E-06  6.6666664E-03   37.79645    
  8.0000000E-06  8.5000001E-06  3.0666666E-02   17.85107    
  8.5000001E-06  9.0000003E-06  5.4666664E-02   9.756098    
  9.0000003E-06  9.4999996E-06  0.1400000       9.247699    
  9.4999996E-06  9.9999997E-06  0.5226667       3.598657    
  9.9999997E-06  1.0500000E-05  0.3253333       6.904943    
  1.0500000E-05  1.1000000E-05  0.3720000       6.527966    
  1.1000000E-05  1.1500000E-05  0.6920000       5.975245    
  1.1500000E-05  1.2000000E-05  0.8106667       5.038067    
  1.2000000E-05  1.2500000E-05  0.8466666       2.446925    
  1.2500000E-05  1.3000000E-05   1.088000       3.321443    
  1.3000000E-05  1.3500000E-05   1.394667       3.457768    
  1.3500000E-05  1.4000000E-05   1.722667       3.244186    
  1.4000000E-05  1.4500000E-05   2.084000       2.772294    
  1.4500000E-05  1.5000000E-05   2.265333       2.408565    
  1.5000000E-05  1.5500000E-05   2.797333       2.599351    
  1.5500000E-05  1.6000000E-05   3.024000       2.084670    
  1.6000000E-05  1.6500000E-05   3.492000       1.797999    
  1.6500000E-05  1.7000000E-05   3.642667       1.319965    
  1.7000000E-05  1.7500000E-05   4.100000       1.921964    
  1.7500000E-05  1.8000001E-05   4.378666       1.496073    
  1.8000001E-05  1.8500001E-05   4.776000       1.781437    
  1.8500001E-05  1.8999999E-05   4.866667       1.666993    
  1.8999999E-05  1.9499999E-05   5.244000       1.359512    
  1.9499999E-05  1.9999999E-05   5.348000       1.570935    
  1.9999999E-05  2.0500000E-05   5.440000       1.811430    
  2.0500000E-05  2.1000000E-05   5.688000       1.384022    
  2.1000000E-05  2.1500000E-05   5.752000       1.255413    
  2.1500000E-05  2.2000000E-05   6.137333       1.593239    
  2.2000000E-05  2.2500000E-05   6.116000       1.455528    
  2.2500000E-05  2.3000001E-05   6.462667       1.313270    
  2.3000001E-05  2.3500001E-05   6.516000       1.573994    
  2.3500001E-05  2.4000001E-05   6.544000       1.162135    
  2.4000001E-05  2.4499999E-05   6.560000       1.565644    
  2.4499999E-05  2.4999999E-05   6.532000       1.536107    
  2.4999999E-05  2.5500000E-05   6.482667       1.227751    
  2.5500000E-05  2.6000000E-05   6.664000       1.682050    
  2.6000000E-05  2.6500000E-05   6.676000       1.617841    
  2.6500000E-05  2.7000000E-05   6.664000       1.357177    
  2.7000000E-05  2.7500000E-05   6.936000       1.778670    
  2.7500000E-05  2.8000000E-05   6.622666       1.021292    
  2.8000000E-05  2.8500001E-05   6.592000       1.695413    
  2.8500001E-05  2.9000001E-05   6.521333       1.181159    
  2.9000001E-05  2.9499999E-05   6.658667       1.341161    
  2.9499999E-05  2.9999999E-05   6.594666       1.523715    
  2.9999999E-05  3.0499999E-05   6.468000       1.712300    
  3.0499999E-05  3.1000000E-05   6.525333       1.130097    
  3.1000000E-05  3.1500000E-05   6.461333       1.508395    
  3.1500000E-05  3.2000000E-05   6.393333       1.495490    
  3.2000000E-05  3.2500000E-05   6.424000       1.162599    
  3.2500000E-05  3.3000000E-05   6.226666       1.155836    
  3.3000000E-05  3.3500000E-05   6.126667       1.836899    
  3.3500000E-05  3.4000001E-05   6.178667       1.709175    
  3.4000001E-05  3.4500001E-05   5.884000       1.684959    
  3.4500001E-05  3.5000001E-05   5.925333       1.758038    
  3.5000001E-05  3.5500001E-05   5.728000       1.605060    
  3.5500001E-05  3.6000001E-05   5.813334       1.593170    
  3.6000001E-05  3.6500001E-05   5.753334       1.674611    
  3.6500001E-05  3.7000002E-05   5.657333       1.545549    
  3.7000002E-05  3.7499998E-05   5.665333       1.660293    
  3.7499998E-05  3.7999998E-05   5.608000       1.089977    
  3.7999998E-05  3.8499998E-05   5.536000       1.464822    
  3.8499998E-05  3.8999999E-05   5.496000       1.495013    
  3.8999999E-05  3.9499999E-05   5.256000       1.503016    
  3.9499999E-05  3.9999999E-05   5.289333       1.355751    
  3.9999999E-05  4.0499999E-05   5.201334       1.355824    
  4.0499999E-05  4.0999999E-05   5.141333       1.112298    
  4.0999999E-05  4.1499999E-05   5.146667       1.628802    
  4.1499999E-05  4.2000000E-05   4.924000       1.620919    
  4.2000000E-05  4.2500000E-05   4.853333       1.444782    
  4.2500000E-05  4.3000000E-05   4.801333       2.280264    
  4.3000000E-05  4.3500000E-05   4.702667       1.894183    
  4.3500000E-05  4.4000000E-05   4.692000       1.573501    
  4.4000000E-05  4.4500001E-05   4.634667       2.030386    
  4.4500001E-05  4.5000001E-05   4.654666       1.495787    
  4.5000001E-05  4.5500001E-05   4.478667       2.028910    
  4.5500001E-05  4.6000001E-05   4.292000       1.478332    
  4.6000001E-05  4.6500001E-05   4.125333       2.189946    
  4.6500001E-05  4.7000001E-05   4.161334       1.487999    
  4.7000001E-05  4.7500002E-05   4.220000       1.908667    
  4.7500002E-05  4.8000002E-05   4.061333       1.435696    
  4.8000002E-05  4.8499998E-05   3.989333       2.071615    
  4.8499998E-05  4.8999998E-05   3.905333       1.854889    
  4.8999998E-05  4.9499999E-05   3.768000       2.270798    
  4.9499999E-05  4.9999999E-05   3.824000       2.090306    
  4.9999999E-05  5.0499999E-05   3.748000       1.873136    
  5.0499999E-05  5.0999999E-05   3.633333       1.896729    
  5.0999999E-05  5.1499999E-05   3.590667       1.561177    
  5.1499999E-05  5.1999999E-05   3.561333       1.664555    
  5.1999999E-05  5.2500000E-05   3.604000       1.907201    
  5.2500000E-05  5.3000000E-05   3.473333       1.645690    
  5.3000000E-05  5.3500000E-05   3.385333       1.792369    
  5.3500000E-05  5.4000000E-05   3.329333       1.554227    
  5.4000000E-05  5.4500000E-05   3.324000       2.071187    
  5.4500000E-05  5.5000000E-05   3.242667       1.698061    
  5.5000000E-05  5.5500001E-05   3.129333       1.904993    
  5.5500001E-05  5.6000001E-05   3.073333       1.919639    
  5.6000001E-05  5.6500001E-05   3.126667       2.314475    
  5.6500001E-05  5.7000001E-05   3.097333       1.667075    
  5.7000001E-05  5.7500001E-05   2.940000       2.210822    
  5.7500001E-05  5.8000001E-05   2.906667       1.865327    
  5.8000001E-05  5.8500002E-05   7.029333       1.130566    
  5.8500002E-05  5.8999998E-05   2.737333       2.472956    
  5.8999998E-05  5.9499998E-05   10.63200      0.8491939    
  5.9499998E-05  5.9999998E-05   2.677333       2.316674    
  5.9999998E-05  6.0499999E-05   2.657333       2.394576    
  6.0499999E-05  6.0999999E-05   2.712000       2.260790    
  6.0999999E-05  6.1500003E-05   2.574667       1.726135    
  6.1500003E-05  6.1999999E-05   2.614667       2.284364    
  6.1999999E-05  6.2500003E-05   2.481333       3.389174    
  6.2500003E-05  6.2999999E-05   2.533333       1.821039    
  6.2999999E-05  6.3500003E-05   2.324000       1.776030    
  6.3500003E-05  6.4000000E-05   2.325333       2.541022    
  6.4000000E-05  6.4499996E-05   2.261333       2.002858    
  6.4499996E-05  6.5000000E-05   2.229333       2.149666    
  6.5000000E-05  6.5499997E-05   2.325333       2.941926    
  6.5499997E-05  6.6000001E-05   2.176000       2.455135    
  6.6000001E-05  6.6499997E-05   2.204000       2.351689    
  6.6499997E-05  6.7000001E-05   2.070667       2.484711    
  6.7000001E-05  6.7499997E-05   4.793334       1.681686    
  6.7499997E-05  6.8000001E-05   1.988000       1.905787    
  6.8000001E-05  6.8499998E-05   1.962667       2.602507    
  6.8499998E-05  6.9000002E-05   1.988000       2.487247    
  6.9000002E-05  6.9499998E-05   2.498667       2.664428    
  6.9499998E-05  7.0000002E-05   1.716000       3.081948    
  7.0000002E-05  7.0499998E-05   1.548000       3.750481    
  7.0499998E-05  7.1000002E-05   1.548000       2.770435    
  7.1000002E-05  7.1499999E-05   1.502667       2.874827    
  7.1499999E-05  7.2000003E-05   1.506667       3.235150    
  7.2000003E-05  7.2499999E-05   1.440000       2.700649    
  7.2499999E-05  7.3000003E-05   1.528000       3.266137    
  7.3000003E-05  7.3499999E-05   1.393333       3.214757    
  7.3499999E-05  7.4000003E-05   1.377333       3.883092    
  7.4000003E-05  7.4500000E-05   1.318667       1.845520    
  7.4500000E-05  7.4999996E-05   1.269333       4.458854    
  7.4999996E-05  7.5500000E-05   1.256000       3.120369    
  7.5500000E-05  7.5999997E-05   1.305333       3.407947    
  7.5999997E-05  7.6500000E-05   1.233333       2.789345    
  7.6500000E-05  7.6999997E-05   1.257333       3.481059    
  7.6999997E-05  7.7500001E-05   1.152000       2.957947    
  7.7500001E-05  7.7999997E-05   1.220000       3.710792    
  7.7999997E-05  7.8500001E-05   1.081333       3.753635    
  7.8500001E-05  7.8999998E-05   1.078667       4.241493    
  7.8999998E-05  7.9500001E-05   1.060000       2.774230    
  7.9500001E-05  7.9999998E-05   1.041333       3.059617    
  7.9999998E-05  8.0500002E-05   1.036000       5.551182    
  8.0500002E-05  8.0999998E-05   1.037333       2.877406    
  8.0999998E-05  8.1500002E-05   1.017333       3.893591    
  8.1500002E-05  8.1999999E-05   1.002667       2.537072    
  8.1999999E-05  8.2500002E-05  0.9320000       4.054331    
  8.2500002E-05  8.2999999E-05  0.9493333       3.451743    
  8.2999999E-05  8.3500003E-05  0.9053333       3.479388    
  8.3500003E-05  8.3999999E-05  0.8586667       5.023752    
  8.3999999E-05  8.4500003E-05  0.7906666       4.517289    
  8.4500003E-05  8.5000000E-05  0.7986667       4.429100    
  8.5000000E-05  8.5499996E-05  0.7533333       2.972939    
  8.5499996E-05  8.6000000E-05  0.7933334       4.997805    
  8.6000000E-05  8.6499997E-05  0.7453333       4.346296    
  8.6499997E-05  8.7000000E-05  0.6826667       3.813062    
  8.7000000E-05  8.7499997E-05  0.6746666       3.618737    
  8.7499997E-05  8.8000001E-05  0.6440000       4.341484    
  8.8000001E-05  8.8499997E-05  0.6026667       4.343437    
  8.8499997E-05  8.9000001E-05  0.5533333       3.890759    
  8.9000001E-05  8.9499998E-05  0.5320000       3.318183    
  8.9499998E-05  9.0000001E-05  0.4973333       6.387066    
  9.0000001E-05  9.0499998E-05  0.4693333       4.739175    
  9.0499998E-05  9.1000002E-05  0.5253333       6.671797    
  9.1000002E-05  9.1499998E-05  0.4440000       6.204360    
  9.1499998E-05  9.2000002E-05  0.3920000       5.759401    
  9.2000002E-05  9.2499999E-05  0.4186667       4.965936    
  9.2499999E-05  9.3000002E-05  0.3853333       5.201833    
  9.3000002E-05  9.3499999E-05  0.3533333       6.017486    
  9.3499999E-05  9.4000003E-05  0.3386667       5.890495    
  9.4000003E-05  9.4499999E-05  0.2973333       5.792520    
  9.4499999E-05  9.5000003E-05  0.3506667       5.005249    
  9.5000003E-05  9.5500000E-05  0.2653333       5.428864    
  9.5500000E-05  9.6000003E-05  0.2653333       7.938608    
  9.6000003E-05  9.6500000E-05  0.1933333       8.605899    
  9.6500000E-05  9.6999996E-05  0.1560000       8.030810    
  9.6999996E-05  9.7500000E-05  0.1813333       7.337168    
  9.7500000E-05  9.7999997E-05  0.1133333       13.30282    
  9.7999997E-05  9.8500001E-05  0.1013333       9.129612    
  9.8500001E-05  9.8999997E-05  7.9999998E-02   16.72609    
  9.8999997E-05  9.9500001E-05  2.7999999E-02   18.17740    
  9.9500001E-05  9.9999997E-05  1.3333333E-02   28.03060    


 # Detector n:            7   Yield7    
 # N. of x1 intervals         200
   0.000000      5.0000000E-07   0.000000       0.000000    
  5.0000000E-07  1.0000000E-06   0.000000       0.000000    
  1.0000000E-06  1.5000001E-06   0.000000       0.000000    
  1.5000001E-06  2.0000000E-06   0.000000       0.000000    
  2.0000000E-06  2.4999999E-06   0.000000       0.000000    
  2.4999999E-06  3.0000001E-06  3.9999997E-03   72.37469    
  3.0000001E-06  3.5000000E-06   0.000000       0.000000    
  3.5000000E-06  4.0000000E-06   0.000000       0.000000    
  4.0000000E-06  4.5000002E-06   0.000000       0.000000    
  4.5000002E-06  4.9999999E-06   0.000000       0.000000    
  4.9999999E-06  5.5000000E-06   0.000000       0.000000    
  5.5000000E-06  6.0000002E-06   0.000000       0.000000    
  6.0000002E-06  6.4999999E-06   0.000000       0.000000    
  6.4999999E-06  7.0000001E-06   0.000000       0.000000    
  7.0000001E-06  7.4999998E-06   0.000000       0.000000    
  7.4999998E-06  8.0000000E-06  3.9999997E-03   53.45225    
  8.0000000E-06  8.5000001E-06  2.2666667E-02   25.64058    
  8.5000001E-06  9.0000003E-06  3.9999999E-02   14.63850    
  9.0000003E-06  9.4999996E-06  0.1186667       10.46298    
  9.4999996E-06  9.9999997E-06  0.4186667       4.672808    
  9.9999997E-06  1.0500000E-05  0.2706667       8.558639    
  1.0500000E-05  1.1000000E-05  0.3053333       8.021498    
  1.1000000E-05  1.1500000E-05  0.5826667       6.247720    
  1.1500000E-05  1.2000000E-05  0.7040000       5.391672    
  1.2000000E-05  1.2500000E-05  0.7106667       2.812472    
  1.2500000E-05  1.3000000E-05  0.9640000       3.352680    
  1.3000000E-05  1.3500000E-05   1.225333       3.418064    
  1.3500000E-05  1.4000000E-05   1.542667       3.180357    
  1.4000000E-05  1.4500000E-05   1.862667       2.928118    
  1.4500000E-05  1.5000000E-05   2.029333       2.251227    
  1.5000000E-05  1.5500000E-05   2.529333       2.580027    
  1.5500000E-05  1.6000000E-05   2.785333       2.270087    
  1.6000000E-05  1.6500000E-05   3.210667       1.945189    
  1.6500000E-05  1.7000000E-05   3.386667       1.191833    
  1.7000000E-05  1.7500000E-05   3.798667       2.068989    
  1.7500000E-05  1.8000001E-05   4.084000       1.713973    
  1.8000001E-05  1.8500001E-05   4.460000       1.830187    
  1.8500001E-05  1.8999999E-05   4.577333       1.904017    
  1.8999999E-05  1.9499999E-05   4.928000       1.261075    
  1.9499999E-05  1.9999999E-05   5.014667       1.622376    
  1.9999999E-05  2.0500000E-05   5.145333       1.796325    
  2.0500000E-05  2.1000000E-05   5.384000       1.361353    
  2.1000000E-05  2.1500000E-05   5.416000       1.425744    
  2.1500000E-05  2.2000000E-05   5.822667       1.586443    
  2.2000000E-05  2.2500000E-05   5.788000       1.649874    
  2.2500000E-05  2.3000001E-05   6.137333       1.530756    
  2.3000001E-05  2.3500001E-05   6.220000       1.579604    
  2.3500001E-05  2.4000001E-05   6.220000       1.348950    
  2.4000001E-05  2.4499999E-05   6.245333       1.741018    
  2.4499999E-05  2.4999999E-05   6.228000       1.508124    
  2.4999999E-05  2.5500000E-05   6.168000       1.308852    
  2.5500000E-05  2.6000000E-05   6.382667       1.729543    
  2.6000000E-05  2.6500000E-05   6.400000       1.585838    
  2.6500000E-05  2.7000000E-05   6.382667       1.170394    
  2.7000000E-05  2.7500000E-05   6.660000       1.962429    
  2.7500000E-05  2.8000000E-05   6.362667       1.023794    
  2.8000000E-05  2.8500001E-05   6.309333       1.782697    
  2.8500001E-05  2.9000001E-05   6.212000       1.257500    
  2.9000001E-05  2.9499999E-05   6.406667       1.364712    
  2.9499999E-05  2.9999999E-05   6.377333       1.681025    
  2.9999999E-05  3.0499999E-05   6.214667       1.687041    
  3.0499999E-05  3.1000000E-05   6.268000       1.161702    
  3.1000000E-05  3.1500000E-05   6.241333       1.349954    
  3.1500000E-05  3.2000000E-05   6.174667       1.486490    
  3.2000000E-05  3.2500000E-05   6.214667       1.274752    
  3.2500000E-05  3.3000000E-05   6.006667       1.257924    
  3.3000000E-05  3.3500000E-05   5.898667       2.123485    
  3.3500000E-05  3.4000001E-05   5.973333       1.735380    
  3.4000001E-05  3.4500001E-05   5.662667       1.701842    
  3.4500001E-05  3.5000001E-05   5.734667       1.785941    
  3.5000001E-05  3.5500001E-05   5.518667       1.648078    
  3.5500001E-05  3.6000001E-05   5.625333       1.679999    
  3.6000001E-05  3.6500001E-05   5.570667       1.616599    
  3.6500001E-05  3.7000002E-05   5.449333       1.659566    
  3.7000002E-05  3.7499998E-05   5.481333       1.698947    
  3.7499998E-05  3.7999998E-05   5.433333       1.094120    
  3.7999998E-05  3.8499998E-05   5.333333       1.354886    
  3.8499998E-05  3.8999999E-05   5.333333       1.464612    
  3.8999999E-05  3.9499999E-05   5.092000       1.577066    
  3.9499999E-05  3.9999999E-05   5.137333       1.382877    
  3.9999999E-05  4.0499999E-05   5.038667       1.329212    
  4.0499999E-05  4.0999999E-05   4.973333       1.189506    
  4.0999999E-05  4.1499999E-05   5.000000       1.688956    
  4.1499999E-05  4.2000000E-05   4.785333       1.786489    
  4.2000000E-05  4.2500000E-05   4.690667       1.505388    
  4.2500000E-05  4.3000000E-05   4.645333       2.338416    
  4.3000000E-05  4.3500000E-05   4.584000       1.924625    
  4.3500000E-05  4.4000000E-05   4.564000       1.521741    
  4.4000000E-05  4.4500001E-05   4.486667       1.891055    
  4.4500001E-05  4.5000001E-05   4.509333       1.477274    
  4.5000001E-05  4.5500001E-05   4.337333       1.988097    
  4.5500001E-05  4.6000001E-05   4.160000       1.506508    
  4.6000001E-05  4.6500001E-05   4.001333       2.222763    
  4.6500001E-05  4.7000001E-05   4.026667       1.487436    
  4.7000001E-05  4.7500002E-05   4.090667       1.957921    
  4.7500002E-05  4.8000002E-05   3.920000       1.460153    
  4.8000002E-05  4.8499998E-05   3.882667       2.065870    
  4.8499998E-05  4.8999998E-05   3.784000       2.084510    
  4.8999998E-05  4.9499999E-05   3.656000       2.396559    
  4.9499999E-05  4.9999999E-05   3.704000       2.074044    
  4.9999999E-05  5.0499999E-05   3.649333       1.828540    
  5.0499999E-05  5.0999999E-05   3.542667       1.797003    
  5.0999999E-05  5.1499999E-05   3.482667       1.618347    
  5.1499999E-05  5.1999999E-05   3.456000       1.717827    
  5.1999999E-05  5.2500000E-05   3.484000       1.824970    
  5.2500000E-05  5.3000000E-05   3.400000       1.698089    
  5.3000000E-05  5.3500000E-05   3.284000       1.813651    
  5.3500000E-05  5.4000000E-05   3.242667       1.601433    
  5.4000000E-05  5.4500000E-05   3.229333       1.968579    
  5.4500000E-05  5.5000000E-05   3.153333       1.586127    
  5.5000000E-05  5.5500001E-05   3.020000       2.036587    
  5.5500001E-05  5.6000001E-05   2.982667       2.090813    
  5.6000001E-05  5.6500001E-05   3.010667       2.562092    
  5.6500001E-05  5.7000001E-05   2.997333       1.723924    
  5.7000001E-05  5.7500001E-05   2.845333       2.372753    
  5.7500001E-05  5.8000001E-05   2.814667       1.790184    
  5.8000001E-05  5.8500002E-05   6.897333       1.179335    
  5.8500002E-05  5.8999998E-05   2.674667       2.534681    
  5.8999998E-05  5.9499998E-05   10.40800      0.9563605    
  5.9499998E-05  5.9999998E-05   2.600000       2.646657    
  5.9999998E-05  6.0499999E-05   2.596000       2.382543    
  6.0499999E-05  6.0999999E-05   2.621333       2.273682    
  6.0999999E-05  6.1500003E-05   2.481333       1.948255    
  6.1500003E-05  6.1999999E-05   2.532000       2.399323    
  6.1999999E-05  6.2500003E-05   2.405333       3.478322    
  6.2500003E-05  6.2999999E-05   2.474667       2.042242    
  6.2999999E-05  6.3500003E-05   2.258667       1.862346    
  6.3500003E-05  6.4000000E-05   2.262667       2.610543    
  6.4000000E-05  6.4499996E-05   2.214667       1.895253    
  6.4499996E-05  6.5000000E-05   2.181333       2.185277    
  6.5000000E-05  6.5499997E-05   2.277333       3.074507    
  6.5499997E-05  6.6000001E-05   2.109333       2.804893    
  6.6000001E-05  6.6499997E-05   2.132000       2.313825    
  6.6499997E-05  6.7000001E-05   2.022667       2.717134    
  6.7000001E-05  6.7499997E-05   4.717333       1.634115    
  6.7499997E-05  6.8000001E-05   1.938667       1.773943    
  6.8000001E-05  6.8499998E-05   1.904000       2.635936    
  6.8499998E-05  6.9000002E-05   1.936000       2.604102    
  6.9000002E-05  6.9499998E-05   2.432000       2.717788    
  6.9499998E-05  7.0000002E-05   1.664000       3.152179    
  7.0000002E-05  7.0499998E-05   1.509333       4.020995    
  7.0499998E-05  7.1000002E-05   1.508000       2.760223    
  7.1000002E-05  7.1499999E-05   1.465333       2.895240    
  7.1499999E-05  7.2000003E-05   1.469333       3.223469    
  7.2000003E-05  7.2499999E-05   1.406667       2.753014    
  7.2499999E-05  7.3000003E-05   1.488000       3.397261    
  7.3000003E-05  7.3499999E-05   1.348000       2.913169    
  7.3499999E-05  7.4000003E-05   1.357333       3.863468    
  7.4000003E-05  7.4500000E-05   1.288000       2.003504    
  7.4500000E-05  7.4999996E-05   1.232000       4.392698    
  7.4999996E-05  7.5500000E-05   1.225333       2.724077    
  7.5500000E-05  7.5999997E-05   1.276000       3.471943    
  7.5999997E-05  7.6500000E-05   1.213333       2.821600    
  7.6500000E-05  7.6999997E-05   1.222667       3.529576    
  7.6999997E-05  7.7500001E-05   1.124000       3.188694    
  7.7500001E-05  7.7999997E-05   1.185333       3.734853    
  7.7999997E-05  7.8500001E-05   1.057333       3.746293    
  7.8500001E-05  7.8999998E-05   1.040000       4.175463    
  7.8999998E-05  7.9500001E-05   1.029333       2.680708    
  7.9500001E-05  7.9999998E-05   1.024000       3.167723    
  7.9999998E-05  8.0500002E-05   1.025333       5.629138    
  8.0500002E-05  8.0999998E-05   1.024000       2.935572    
  8.0999998E-05  8.1500002E-05  0.9920000       4.158917    
  8.1500002E-05  8.1999999E-05  0.9853333       2.683062    
  8.1999999E-05  8.2500002E-05  0.9146667       3.937402    
  8.2500002E-05  8.2999999E-05  0.9266667       3.433052    
  8.2999999E-05  8.3500003E-05  0.8853334       3.639027    
  8.3500003E-05  8.3999999E-05  0.8413333       4.951030    
  8.3999999E-05  8.4500003E-05  0.7760000       4.507766    
  8.4500003E-05  8.5000000E-05  0.7826667       4.501720    
  8.5000000E-05  8.5499996E-05  0.7413333       2.901686    
  8.5499996E-05  8.6000000E-05  0.7706667       5.019856    
  8.6000000E-05  8.6499997E-05  0.7213333       4.256549    
  8.6499997E-05  8.7000000E-05  0.6720000       3.894582    
  8.7000000E-05  8.7499997E-05  0.6573333       3.659156    
  8.7499997E-05  8.8000001E-05  0.6320000       4.620068    
  8.8000001E-05  8.8499997E-05  0.5813333       3.834952    
  8.8499997E-05  8.9000001E-05  0.5413333       3.940887    
  8.9000001E-05  8.9499998E-05  0.5266666       3.223680    
  8.9499998E-05  9.0000001E-05  0.4906667       6.400101    
  9.0000001E-05  9.0499998E-05  0.4693333       4.702541    
  9.0499998E-05  9.1000002E-05  0.5093333       6.668973    
  9.1000002E-05  9.1499998E-05  0.4306667       6.358873    
  9.1499998E-05  9.2000002E-05  0.3853333       6.045823    
  9.2000002E-05  9.2499999E-05  0.4106667       5.225154    
  9.2499999E-05  9.3000002E-05  0.3826667       5.198198    
  9.3000002E-05  9.3499999E-05  0.3480000       5.686600    
  9.3499999E-05  9.4000003E-05  0.3346667       5.989361    
  9.4000003E-05  9.4499999E-05  0.2906667       5.731979    
  9.4499999E-05  9.5000003E-05  0.3440000       5.112754    
  9.5000003E-05  9.5500000E-05  0.2626667       5.351488    
  9.5500000E-05  9.6000003E-05  0.2626667       7.681597    
  9.6000003E-05  9.6500000E-05  0.1920000       8.732977    
  9.6500000E-05  9.6999996E-05  0.1506667       7.538838    
  9.6999996E-05  9.7500000E-05  0.1800000       7.433815    
  9.7500000E-05  9.7999997E-05  0.1106667       13.64618    
  9.7999997E-05  9.8500001E-05  0.1013333       9.129612    
  9.8500001E-05  9.8999997E-05  7.9999998E-02   16.72609    
  9.8999997E-05  9.9500001E-05  2.7999999E-02   18.17740    
  9.9500001E-05  9.9999997E-05  1.3333333E-02   28.03060    
