 # Detector n:            1   Yield1    
 # N. of x1 intervals         120
   0.000000      5.0000000E-07   0.000000       0.000000    
  5.0000000E-07  1.0000000E-06   0.000000       0.000000    
  1.0000000E-06  1.5000001E-06   11.61200      0.9895325    
  1.5000001E-06  2.0000000E-06   14.88400      0.6212215    
  2.0000000E-06  2.4999999E-06   5.898667       1.229849    
  2.4999999E-06  3.0000001E-06   6.764000       1.344565    
  3.0000001E-06  3.5000000E-06   8.205334       1.554814    
  3.5000000E-06  4.0000000E-06   9.858666       1.017320    
  4.0000000E-06  4.5000002E-06   11.80933      0.9343386    
  4.5000002E-06  4.9999999E-06   13.28933       1.242232    
  4.9999999E-06  5.5000000E-06   14.93200       1.094073    
  5.5000000E-06  6.0000002E-06   16.70133      0.7617285    
  6.0000002E-06  6.4999999E-06   17.24133      0.7571579    
  6.4999999E-06  7.0000001E-06   18.33600      0.9244419    
  7.0000001E-06  7.4999998E-06   19.31333       1.032426    
  7.4999998E-06  8.0000000E-06   19.90800       1.222599    
  8.0000000E-06  8.5000001E-06   31.33200      0.5769124    
  8.5000001E-06  9.0000003E-06   20.60933       1.029622    
  9.0000003E-06  9.4999996E-06   20.56267      0.7027172    
  9.4999996E-06  9.9999997E-06   33.53733      0.7298868    
  9.9999997E-06  1.0500000E-05   15.71600      0.8177073    
  1.0500000E-05  1.1000000E-05   12.71600      0.8905425    
  1.1000000E-05  1.1500000E-05   13.87467      0.9199310    
  1.1500000E-05  1.2000000E-05   11.73333      0.9581431    
  1.2000000E-05  1.2500000E-05   10.28400       1.084165    
  1.2500000E-05  1.3000000E-05   10.40667       1.038621    
  1.3000000E-05  1.3500000E-05   10.51467       1.448299    
  1.3500000E-05  1.4000000E-05   10.77867       1.418385    
  1.4000000E-05  1.4500000E-05   10.66933      0.9392035    
  1.4500000E-05  1.5000000E-05   10.59733       1.256047    
  1.5000000E-05  1.5500000E-05   10.59733       1.232464    
  1.5500000E-05  1.6000000E-05   10.48400      0.9609303    
  1.6000000E-05  1.6500000E-05   10.58267       1.052867    
  1.6500000E-05  1.7000000E-05   10.47600       1.277723    
  1.7000000E-05  1.7500000E-05   10.26667       1.431857    
  1.7500000E-05  1.8000001E-05   10.40933       1.525818    
  1.8000001E-05  1.8500001E-05   10.13467       1.277978    
  1.8500001E-05  1.8999999E-05   9.896000      0.7990177    
  1.8999999E-05  1.9499999E-05   10.03600       1.524802    
  1.9499999E-05  1.9999999E-05   9.777333      0.8461998    
  1.9999999E-05  2.0500000E-05   9.514667      0.8162931    
  2.0500000E-05  2.1000000E-05   9.129333       1.122139    
  2.1000000E-05  2.1500000E-05   9.242666       1.107171    
  2.1500000E-05  2.2000000E-05   9.261333       1.313999    
  2.2000000E-05  2.2500000E-05   8.945333       1.468461    
  2.2500000E-05  2.3000001E-05   8.774667      0.8404028    
  2.3000001E-05  2.3500001E-05   8.541333       1.327628    
  2.3500001E-05  2.4000001E-05   8.221334       1.510561    
  2.4000001E-05  2.4499999E-05   7.860000       1.155959    
  2.4499999E-05  2.4999999E-05   7.786667       1.025459    
  2.4999999E-05  2.5500000E-05   7.736000       1.059123    
  2.5500000E-05  2.6000000E-05   7.596000       1.459020    
  2.6000000E-05  2.6500000E-05   7.609334       1.404647    
  2.6500000E-05  2.7000000E-05   7.358666       1.225122    
  2.7000000E-05  2.7500000E-05   7.206666       1.004518    
  2.7500000E-05  2.8000000E-05   6.852000       1.168515    
  2.8000000E-05  2.8500001E-05   6.886667       1.864891    
  2.8500001E-05  2.9000001E-05   6.528000       1.470163    
  2.9000001E-05  2.9499999E-05   6.445333       1.418582    
  2.9499999E-05  2.9999999E-05   6.165333       1.697000    
  2.9999999E-05  3.0499999E-05   6.116000       1.292458    
  3.0499999E-05  3.1000000E-05   5.904000       1.195710    
  3.1000000E-05  3.1500000E-05   5.797333       1.489699    
  3.1500000E-05  3.2000000E-05   5.676000       1.224579    
  3.2000000E-05  3.2500000E-05   5.538667       1.474793    
  3.2500000E-05  3.3000000E-05   5.504000       1.290915    
  3.3000000E-05  3.3500000E-05   5.186666       1.527965    
  3.3500000E-05  3.4000001E-05   5.174667       1.575377    
  3.4000001E-05  3.4500001E-05   5.012000       1.817328    
  3.4500001E-05  3.5000001E-05   4.854667       1.714936    
  3.5000001E-05  3.5500001E-05   4.473333       1.330356    
  3.5500001E-05  3.6000001E-05   4.602667       1.749912    
  3.6000001E-05  3.6500001E-05   4.553333       1.404561    
  3.6500001E-05  3.7000002E-05   4.205333       1.693558    
  3.7000002E-05  3.7499998E-05   4.196000       1.863070    
  3.7499998E-05  3.7999998E-05   3.918667       2.008721    
  3.7999998E-05  3.8499998E-05   3.713333       2.177148    
  3.8499998E-05  3.8999999E-05   3.806667       2.110107    
  3.8999999E-05  3.9499999E-05   3.682667      0.9998078    
  3.9499999E-05  3.9999999E-05   3.560000       1.968393    
  3.9999999E-05  4.0499999E-05   3.468000       2.181759    
  4.0499999E-05  4.0999999E-05   3.468000       2.076888    
  4.0999999E-05  4.1499999E-05   3.392000       1.711599    
  4.1499999E-05  4.2000000E-05   3.206667       1.793941    
  4.2000000E-05  4.2500000E-05   3.193333       2.045199    
  4.2500000E-05  4.3000000E-05   2.997333       2.266876    
  4.3000000E-05  4.3500000E-05   2.937333       1.506285    
  4.3500000E-05  4.4000000E-05   2.684000       1.815376    
  4.4000000E-05  4.4500001E-05   2.676000       2.073522    
  4.4500001E-05  4.5000001E-05   2.581333       2.016826    
  4.5000001E-05  4.5500001E-05   2.433333       1.962575    
  4.5500001E-05  4.6000001E-05   2.324000       1.968178    
  4.6000001E-05  4.6500001E-05   2.334667       1.491909    
  4.6500001E-05  4.7000001E-05   2.284000       1.935899    
  4.7000001E-05  4.7500002E-05   2.086667       3.041982    
  4.7500002E-05  4.8000002E-05   2.033333       3.001388    
  4.8000002E-05  4.8499998E-05   1.905333       2.416484    
  4.8499998E-05  4.8999998E-05   1.813333       2.949044    
  4.8999998E-05  4.9499999E-05   1.774667       2.868943    
  4.9499999E-05  4.9999999E-05   1.720000       2.678148    
  4.9999999E-05  5.0499999E-05   1.634667       2.100453    
  5.0499999E-05  5.0999999E-05   1.400000       2.696144    
  5.0999999E-05  5.1499999E-05   1.445333       2.827715    
  5.1499999E-05  5.1999999E-05   1.333333       3.776809    
  5.1999999E-05  5.2500000E-05   1.189333       2.957906    
  5.2500000E-05  5.3000000E-05   1.206667       3.399346    
  5.3000000E-05  5.3500000E-05   1.109333       2.632497    
  5.3500000E-05  5.4000000E-05   1.089333       3.614104    
  5.4000000E-05  5.4500000E-05  0.9013333       4.878133    
  5.4500000E-05  5.5000000E-05  0.8480000       4.665033    
  5.5000000E-05  5.5500001E-05  0.7840000       2.660433    
  5.5500001E-05  5.6000001E-05  0.6973333       6.387901    
  5.6000001E-05  5.6500001E-05  0.6786667       4.082070    
  5.6500001E-05  5.7000001E-05  0.5653333       6.332888    
  5.7000001E-05  5.7500001E-05  0.4853333       6.589317    
  5.7500001E-05  5.8000001E-05  0.3880000       4.793431    
  5.8000001E-05  5.8500002E-05  0.3440000       8.533422    
  5.8500002E-05  5.8999998E-05  0.2320000       6.666950    
  5.8999998E-05  5.9499998E-05  0.1653333       9.768199    
  5.9499998E-05  5.9999998E-05  5.5999998E-02   15.66473    


 # Detector n:            2   Yield2    
 # N. of x1 intervals         120
   0.000000      5.0000000E-07   0.000000       0.000000    
  5.0000000E-07  1.0000000E-06   0.000000       0.000000    
  1.0000000E-06  1.5000001E-06   0.000000       0.000000    
  1.5000001E-06  2.0000000E-06   0.000000       0.000000    
  2.0000000E-06  2.4999999E-06   0.000000       0.000000    
  2.4999999E-06  3.0000001E-06  2.6666666E-03   68.13851    
  3.0000001E-06  3.5000000E-06  6.7999996E-02   13.40154    
  3.5000000E-06  4.0000000E-06  0.3680000       5.191230    
  4.0000000E-06  4.5000002E-06   1.337333       3.236826    
  4.5000002E-06  4.9999999E-06   2.725333       2.923574    
  4.9999999E-06  5.5000000E-06   4.749333       1.631408    
  5.5000000E-06  6.0000002E-06   6.818666       1.666977    
  6.0000002E-06  6.4999999E-06   9.016000       1.435847    
  6.4999999E-06  7.0000001E-06   10.51067       1.091966    
  7.0000001E-06  7.4999998E-06   12.32800       1.108348    
  7.4999998E-06  8.0000000E-06   13.55600       1.215011    
  8.0000000E-06  8.5000001E-06   22.43467      0.7362868    
  8.5000001E-06  9.0000003E-06   15.57467       1.168995    
  9.0000003E-06  9.4999996E-06   16.13067       1.044307    
  9.4999996E-06  9.9999997E-06   26.42000      0.7935380    
  9.9999997E-06  1.0500000E-05   12.94533      0.9282574    
  1.0500000E-05  1.1000000E-05   10.59067       1.146167    
  1.1000000E-05  1.1500000E-05   11.66000       1.046841    
  1.1500000E-05  1.2000000E-05   9.958667       1.016406    
  1.2000000E-05  1.2500000E-05   8.850667       1.063535    
  1.2500000E-05  1.3000000E-05   9.017333       1.130910    
  1.3000000E-05  1.3500000E-05   9.142667       1.572668    
  1.3500000E-05  1.4000000E-05   9.361333       1.739470    
  1.4000000E-05  1.4500000E-05   9.340000      0.9682876    
  1.4500000E-05  1.5000000E-05   9.277333       1.268575    
  1.5000000E-05  1.5500000E-05   9.342667       1.326038    
  1.5500000E-05  1.6000000E-05   9.157333       1.127405    
  1.6000000E-05  1.6500000E-05   9.332000       1.131313    
  1.6500000E-05  1.7000000E-05   9.305333       1.526499    
  1.7000000E-05  1.7500000E-05   9.126667       1.665156    
  1.7500000E-05  1.8000001E-05   9.194667       1.529040    
  1.8000001E-05  1.8500001E-05   8.978666       1.466397    
  1.8500001E-05  1.8999999E-05   8.724000      0.9099416    
  1.8999999E-05  1.9499999E-05   8.969334       1.449974    
  1.9499999E-05  1.9999999E-05   8.690666       1.081251    
  1.9999999E-05  2.0500000E-05   8.486667      0.6544121    
  2.0500000E-05  2.1000000E-05   8.148000       1.164142    
  2.1000000E-05  2.1500000E-05   8.308000       1.187223    
  2.1500000E-05  2.2000000E-05   8.242666       1.405052    
  2.2000000E-05  2.2500000E-05   8.013333       1.756852    
  2.2500000E-05  2.3000001E-05   7.817333       1.093417    
  2.3000001E-05  2.3500001E-05   7.622667       1.385255    
  2.3500001E-05  2.4000001E-05   7.314667       1.847613    
  2.4000001E-05  2.4499999E-05   6.990667       1.269325    
  2.4499999E-05  2.4999999E-05   6.989333       1.166489    
  2.4999999E-05  2.5500000E-05   6.917333       1.447533    
  2.5500000E-05  2.6000000E-05   6.805333       1.492339    
  2.6000000E-05  2.6500000E-05   6.816000       1.135067    
  2.6500000E-05  2.7000000E-05   6.594666       1.204939    
  2.7000000E-05  2.7500000E-05   6.430666       1.202571    
  2.7500000E-05  2.8000000E-05   6.162667       1.694896    
  2.8000000E-05  2.8500001E-05   6.136000       1.834803    
  2.8500001E-05  2.9000001E-05   5.821333       1.486056    
  2.9000001E-05  2.9499999E-05   5.740000       1.538823    
  2.9499999E-05  2.9999999E-05   5.540000       1.318225    
  2.9999999E-05  3.0499999E-05   5.468000       1.601825    
  3.0499999E-05  3.1000000E-05   5.340000       1.333970    
  3.1000000E-05  3.1500000E-05   5.190667       1.699543    
  3.1500000E-05  3.2000000E-05   5.044000       1.258764    
  3.2000000E-05  3.2500000E-05   5.004000       1.702952    
  3.2500000E-05  3.3000000E-05   4.914667       1.631394    
  3.3000000E-05  3.3500000E-05   4.634666       1.723792    
  3.3500000E-05  3.4000001E-05   4.648000       1.631117    
  3.4000001E-05  3.4500001E-05   4.436000       1.984940    
  3.4500001E-05  3.5000001E-05   4.360000       1.989447    
  3.5000001E-05  3.5500001E-05   4.022666       1.502451    
  3.5500001E-05  3.6000001E-05   4.116000       1.643492    
  3.6000001E-05  3.6500001E-05   4.054667       1.504982    
  3.6500001E-05  3.7000002E-05   3.764000       1.715276    
  3.7000002E-05  3.7499998E-05   3.792000       1.887539    
  3.7499998E-05  3.7999998E-05   3.505333       2.557363    
  3.7999998E-05  3.8499998E-05   3.356000       2.383222    
  3.8499998E-05  3.8999999E-05   3.441333       2.427877    
  3.8999999E-05  3.9499999E-05   3.337333       1.405884    
  3.9499999E-05  3.9999999E-05   3.148000       2.632536    
  3.9999999E-05  4.0499999E-05   3.110667       2.275217    
  4.0499999E-05  4.0999999E-05   3.085333       2.277791    
  4.0999999E-05  4.1499999E-05   3.014667       1.665137    
  4.1499999E-05  4.2000000E-05   2.869333       2.073151    
  4.2000000E-05  4.2500000E-05   2.861333       2.028652    
  4.2500000E-05  4.3000000E-05   2.681333       2.622000    
  4.3000000E-05  4.3500000E-05   2.669333       1.832172    
  4.3500000E-05  4.4000000E-05   2.366667       2.356789    
  4.4000000E-05  4.4500001E-05   2.374667       2.629478    
  4.4500001E-05  4.5000001E-05   2.342667       2.299664    
  4.5000001E-05  4.5500001E-05   2.197333       2.036935    
  4.5500001E-05  4.6000001E-05   2.065333       2.180677    
  4.6000001E-05  4.6500001E-05   2.074667       1.524137    
  4.6500001E-05  4.7000001E-05   2.014667       2.252250    
  4.7000001E-05  4.7500002E-05   1.840000       3.636106    
  4.7500002E-05  4.8000002E-05   1.826667       2.822279    
  4.8000002E-05  4.8499998E-05   1.678667       2.387001    
  4.8499998E-05  4.8999998E-05   1.602667       2.990217    
  4.8999998E-05  4.9499999E-05   1.552000       2.908301    
  4.9499999E-05  4.9999999E-05   1.536000       2.322990    
  4.9999999E-05  5.0499999E-05   1.477333       1.853715    
  5.0499999E-05  5.0999999E-05   1.246667       2.906596    
  5.0999999E-05  5.1499999E-05   1.301333       2.890724    
  5.1499999E-05  5.1999999E-05   1.193333       4.143127    
  5.1999999E-05  5.2500000E-05   1.066667       2.976845    
  5.2500000E-05  5.3000000E-05   1.080000       4.199605    
  5.3000000E-05  5.3500000E-05  0.9733333       3.249946    
  5.3500000E-05  5.4000000E-05  0.9746667       3.678703    
  5.4000000E-05  5.4500000E-05  0.8066667       5.332248    
  5.4500000E-05  5.5000000E-05  0.7306667       5.460531    
  5.5000000E-05  5.5500001E-05  0.6693333       2.717812    
  5.5500001E-05  5.6000001E-05  0.5906667       5.983310    
  5.6000001E-05  5.6500001E-05  0.6133333       4.300990    
  5.6500001E-05  5.7000001E-05  0.5040000       7.100741    
  5.7000001E-05  5.7500001E-05  0.4253333       7.504828    
  5.7500001E-05  5.8000001E-05  0.3546667       5.887819    
  5.8000001E-05  5.8500002E-05  0.3066667       9.149640    
  5.8500002E-05  5.8999998E-05  0.2000000       6.399405    
  5.8999998E-05  5.9499998E-05  0.1560000       9.707536    
  5.9499998E-05  5.9999998E-05  4.9333334E-02   17.63427    


 # Detector n:            3   Yield3    
 # N. of x1 intervals         120
   0.000000      5.0000000E-07   0.000000       0.000000    
  5.0000000E-07  1.0000000E-06   0.000000       0.000000    
  1.0000000E-06  1.5000001E-06   0.000000       0.000000    
  1.5000001E-06  2.0000000E-06   0.000000       0.000000    
  2.0000000E-06  2.4999999E-06   0.000000       0.000000    
  2.4999999E-06  3.0000001E-06  2.1333333E-02   39.31614    
  3.0000001E-06  3.5000000E-06  2.5333332E-02   23.70509    
  3.5000000E-06  4.0000000E-06  0.1573333       10.14424    
  4.0000000E-06  4.5000002E-06  0.6813334       4.865456    
  4.5000002E-06  4.9999999E-06   1.508000       3.428788    
  4.9999999E-06  5.5000000E-06   2.782667       2.438728    
  5.5000000E-06  6.0000002E-06   4.256000       2.110156    
  6.0000002E-06  6.4999999E-06   5.928000       1.826023    
  6.4999999E-06  7.0000001E-06   7.121333       1.130872    
  7.0000001E-06  7.4999998E-06   8.449333       1.403956    
  7.4999998E-06  8.0000000E-06   9.452000       1.116187    
  8.0000000E-06  8.5000001E-06   15.88933       1.025736    
  8.5000001E-06  9.0000003E-06   11.01067       1.290489    
  9.0000003E-06  9.4999996E-06   11.62933      0.7714660    
  9.4999996E-06  9.9999997E-06   19.19333      0.8624420    
  9.9999997E-06  1.0500000E-05   9.241333       1.404219    
  1.0500000E-05  1.1000000E-05   7.546667       1.393409    
  1.1000000E-05  1.1500000E-05   8.346666      0.9933918    
  1.1500000E-05  1.2000000E-05   7.016000       1.203067    
  1.2000000E-05  1.2500000E-05   6.334667       1.118784    
  1.2500000E-05  1.3000000E-05   6.388000       1.504246    
  1.3000000E-05  1.3500000E-05   6.493333       1.522833    
  1.3500000E-05  1.4000000E-05   6.741333       1.924751    
  1.4000000E-05  1.4500000E-05   6.837333      0.8243220    
  1.4500000E-05  1.5000000E-05   6.632000       1.346018    
  1.5000000E-05  1.5500000E-05   6.698667       1.352750    
  1.5500000E-05  1.6000000E-05   6.648000       1.270206    
  1.6000000E-05  1.6500000E-05   6.749333       1.164255    
  1.6500000E-05  1.7000000E-05   6.733334       1.569772    
  1.7000000E-05  1.7500000E-05   6.658667       1.564421    
  1.7500000E-05  1.8000001E-05   6.713333       1.629845    
  1.8000001E-05  1.8500001E-05   6.442667       1.650132    
  1.8500001E-05  1.8999999E-05   6.348000      0.9861976    
  1.8999999E-05  1.9499999E-05   6.546667       1.756392    
  1.9499999E-05  1.9999999E-05   6.426667       1.709304    
  1.9999999E-05  2.0500000E-05   6.169333       1.208384    
  2.0500000E-05  2.1000000E-05   5.962667       1.332412    
  2.1000000E-05  2.1500000E-05   6.041333       1.412492    
  2.1500000E-05  2.2000000E-05   6.036000       1.656158    
  2.2000000E-05  2.2500000E-05   5.786667       2.043244    
  2.2500000E-05  2.3000001E-05   5.670667       1.414487    
  2.3000001E-05  2.3500001E-05   5.616000       1.483564    
  2.3500001E-05  2.4000001E-05   5.418667       1.912271    
  2.4000001E-05  2.4499999E-05   5.044000       1.500267    
  2.4499999E-05  2.4999999E-05   5.016000       1.411689    
  2.4999999E-05  2.5500000E-05   5.013333       1.636387    
  2.5500000E-05  2.6000000E-05   4.996000       1.880998    
  2.6000000E-05  2.6500000E-05   4.980000       1.301648    
  2.6500000E-05  2.7000000E-05   4.813334       1.272430    
  2.7000000E-05  2.7500000E-05   4.765333       1.303264    
  2.7500000E-05  2.8000000E-05   4.572000       1.900462    
  2.8000000E-05  2.8500001E-05   4.526667       2.005635    
  2.8500001E-05  2.9000001E-05   4.338666       2.230093    
  2.9000001E-05  2.9499999E-05   4.234667       1.796051    
  2.9499999E-05  2.9999999E-05   4.081333       1.351331    
  2.9999999E-05  3.0499999E-05   3.977333       1.739755    
  3.0499999E-05  3.1000000E-05   3.950667       1.799610    
  3.1000000E-05  3.1500000E-05   3.834667       1.984053    
  3.1500000E-05  3.2000000E-05   3.774667       1.740849    
  3.2000000E-05  3.2500000E-05   3.730667       2.102409    
  3.2500000E-05  3.3000000E-05   3.600000       1.941986    
  3.3000000E-05  3.3500000E-05   3.345333       2.117707    
  3.3500000E-05  3.4000001E-05   3.513333       1.589533    
  3.4000001E-05  3.4500001E-05   3.328000       2.190322    
  3.4500001E-05  3.5000001E-05   3.229333       2.129046    
  3.5000001E-05  3.5500001E-05   2.961333       1.628467    
  3.5500001E-05  3.6000001E-05   3.034667       1.747792    
  3.6000001E-05  3.6500001E-05   3.006667       1.539840    
  3.6500001E-05  3.7000002E-05   2.762667       1.855622    
  3.7000002E-05  3.7499998E-05   2.796000       1.847180    
  3.7499998E-05  3.7999998E-05   2.586667       3.087870    
  3.7999998E-05  3.8499998E-05   2.492000       2.485186    
  3.8499998E-05  3.8999999E-05   2.562667       2.829188    
  3.8999999E-05  3.9499999E-05   2.462667       2.023527    
  3.9499999E-05  3.9999999E-05   2.310667       2.672306    
  3.9999999E-05  4.0499999E-05   2.320000       2.352614    
  4.0499999E-05  4.0999999E-05   2.324000       2.463196    
  4.0999999E-05  4.1499999E-05   2.229333       2.331002    
  4.1499999E-05  4.2000000E-05   2.196000       2.408298    
  4.2000000E-05  4.2500000E-05   2.094667       2.244962    
  4.2500000E-05  4.3000000E-05   2.034667       2.323078    
  4.3000000E-05  4.3500000E-05   1.954667       2.133375    
  4.3500000E-05  4.4000000E-05   1.748000       2.663016    
  4.4000000E-05  4.4500001E-05   1.776000       2.851441    
  4.4500001E-05  4.5000001E-05   1.720000       2.965632    
  4.5000001E-05  4.5500001E-05   1.630667       2.673390    
  4.5500001E-05  4.6000001E-05   1.542667       2.517316    
  4.6000001E-05  4.6500001E-05   1.577333       2.055235    
  4.6500001E-05  4.7000001E-05   1.542667       2.771555    
  4.7000001E-05  4.7500002E-05   1.357333       3.032939    
  4.7500002E-05  4.8000002E-05   1.374667       4.210636    
  4.8000002E-05  4.8499998E-05   1.241333       2.823510    
  4.8499998E-05  4.8999998E-05   1.156000       3.373439    
  4.8999998E-05  4.9499999E-05   1.166667       4.151083    
  4.9499999E-05  4.9999999E-05   1.173333       2.559072    
  4.9999999E-05  5.0499999E-05   1.066667       2.246028    
  5.0499999E-05  5.0999999E-05  0.9173333       4.025027    
  5.0999999E-05  5.1499999E-05  0.9880000       3.560298    
  5.1499999E-05  5.1999999E-05  0.9173333       4.217264    
  5.1999999E-05  5.2500000E-05  0.8106667       3.334976    
  5.2500000E-05  5.3000000E-05  0.8186666       5.423372    
  5.3000000E-05  5.3500000E-05  0.7426667       3.798184    
  5.3500000E-05  5.4000000E-05  0.7360000       3.808043    
  5.4000000E-05  5.4500000E-05  0.6000000       5.653111    
  5.4500000E-05  5.5000000E-05  0.5200000       5.741693    
  5.5000000E-05  5.5500001E-05  0.4946667       3.404894    
  5.5500001E-05  5.6000001E-05  0.4493333       6.852516    
  5.6000001E-05  5.6500001E-05  0.4693333       5.483554    
  5.6500001E-05  5.7000001E-05  0.3866667       7.732578    
  5.7000001E-05  5.7500001E-05  0.3293333       6.882591    
  5.7500001E-05  5.8000001E-05  0.2866667       6.374930    
  5.8000001E-05  5.8500002E-05  0.2280000       10.58186    
  5.8500002E-05  5.8999998E-05  0.1560000       8.030810    
  5.8999998E-05  5.9499998E-05  0.1200000       10.15749    
  5.9499998E-05  5.9999998E-05  3.9999999E-02   19.51800    


 # Detector n:            4   Yield4    
 # N. of x1 intervals         120
   0.000000      5.0000000E-07   0.000000       0.000000    
  5.0000000E-07  1.0000000E-06   0.000000       0.000000    
  1.0000000E-06  1.5000001E-06  1.7333332E-02   29.50708    
  1.5000001E-06  2.0000000E-06   0.000000       0.000000    
  2.0000000E-06  2.4999999E-06   0.000000       0.000000    
  2.4999999E-06  3.0000001E-06   0.000000       0.000000    
  3.0000001E-06  3.5000000E-06   0.000000       0.000000    
  3.5000000E-06  4.0000000E-06   0.000000       0.000000    
  4.0000000E-06  4.5000002E-06   0.000000       0.000000    
  4.5000002E-06  4.9999999E-06   0.000000       0.000000    
  4.9999999E-06  5.5000000E-06   0.000000       0.000000    
  5.5000000E-06  6.0000002E-06   0.000000       0.000000    
  6.0000002E-06  6.4999999E-06   0.000000       0.000000    
  6.4999999E-06  7.0000001E-06   0.000000       0.000000    
  7.0000001E-06  7.4999998E-06   0.000000       0.000000    
  7.4999998E-06  8.0000000E-06  9.3333330E-03   28.57143    
  8.0000000E-06  8.5000001E-06  3.4666665E-02   22.14224    
  8.5000001E-06  9.0000003E-06  5.3333331E-02   16.63688    
  9.0000003E-06  9.4999996E-06  0.1226667       10.41762    
  9.4999996E-06  9.9999997E-06  0.3773333       5.397065    
  9.9999997E-06  1.0500000E-05  0.3240000       7.504749    
  1.0500000E-05  1.1000000E-05  0.4240000       5.880707    
  1.1000000E-05  1.1500000E-05  0.6813334       2.335488    
  1.1500000E-05  1.2000000E-05  0.7693333       2.957177    
  1.2000000E-05  1.2500000E-05  0.8746666       3.868039    
  1.2500000E-05  1.3000000E-05   1.105333       2.291918    
  1.3000000E-05  1.3500000E-05   1.378667       2.896053    
  1.3500000E-05  1.4000000E-05   1.785333       2.855991    
  1.4000000E-05  1.4500000E-05   1.878667       2.099732    
  1.4500000E-05  1.5000000E-05   2.162667       2.055766    
  1.5000000E-05  1.5500000E-05   2.409333       2.507212    
  1.5500000E-05  1.6000000E-05   2.718667       3.194943    
  1.6000000E-05  1.6500000E-05   3.014667       1.095805    
  1.6500000E-05  1.7000000E-05   3.149333       2.064677    
  1.7000000E-05  1.7500000E-05   3.256000       1.589609    
  1.7500000E-05  1.8000001E-05   3.574667       2.448816    
  1.8000001E-05  1.8500001E-05   3.577333       2.056613    
  1.8500001E-05  1.8999999E-05   3.689333       1.903706    
  1.8999999E-05  1.9499999E-05   3.986667       2.793907    
  1.9499999E-05  1.9999999E-05   4.013333       2.188300    
  1.9999999E-05  2.0500000E-05   4.054667       1.264886    
  2.0500000E-05  2.1000000E-05   4.042666       1.625730    
  2.1000000E-05  2.1500000E-05   4.069334       1.754359    
  2.1500000E-05  2.2000000E-05   4.254667       1.949237    
  2.2000000E-05  2.2500000E-05   4.137333       2.196500    
  2.2500000E-05  2.3000001E-05   4.166667       1.410492    
  2.3000001E-05  2.3500001E-05   4.220000       1.840774    
  2.3500001E-05  2.4000001E-05   4.162667       2.319838    
  2.4000001E-05  2.4499999E-05   3.901333       1.477736    
  2.4499999E-05  2.4999999E-05   3.960000       1.282432    
  2.4999999E-05  2.5500000E-05   4.009333       1.767254    
  2.5500000E-05  2.6000000E-05   4.062667       2.025124    
  2.6000000E-05  2.6500000E-05   4.088000       1.442488    
  2.6500000E-05  2.7000000E-05   4.006667       1.646690    
  2.7000000E-05  2.7500000E-05   3.988000       1.392737    
  2.7500000E-05  2.8000000E-05   3.853333       2.054801    
  2.8000000E-05  2.8500001E-05   3.872000       2.278868    
  2.8500001E-05  2.9000001E-05   3.738667       2.509392    
  2.9000001E-05  2.9499999E-05   3.660000       2.121752    
  2.9499999E-05  2.9999999E-05   3.560000       1.377210    
  2.9999999E-05  3.0499999E-05   3.496000       1.981122    
  3.0499999E-05  3.1000000E-05   3.428000       1.903604    
  3.1000000E-05  3.1500000E-05   3.449333       2.150125    
  3.1500000E-05  3.2000000E-05   3.385333       1.958956    
  3.2000000E-05  3.2500000E-05   3.356000       2.112364    
  3.2500000E-05  3.3000000E-05   3.209333       2.057775    
  3.3000000E-05  3.3500000E-05   3.029333       2.085649    
  3.3500000E-05  3.4000001E-05   3.180000       1.835173    
  3.4000001E-05  3.4500001E-05   3.046667       2.171238    
  3.4500001E-05  3.5000001E-05   2.982667       2.431680    
  3.5000001E-05  3.5500001E-05   2.744000       1.730954    
  3.5500001E-05  3.6000001E-05   2.810667       1.755219    
  3.6000001E-05  3.6500001E-05   2.790667       1.842321    
  3.6500001E-05  3.7000002E-05   2.561333       1.944981    
  3.7000002E-05  3.7499998E-05   2.614667       1.862417    
  3.7499998E-05  3.7999998E-05   2.410667       3.010845    
  3.7999998E-05  3.8499998E-05   2.354667       2.333439    
  3.8499998E-05  3.8999999E-05   2.397333       2.913794    
  3.8999999E-05  3.9499999E-05   2.294667       2.308300    
  3.9499999E-05  3.9999999E-05   2.176000       2.857934    
  3.9999999E-05  4.0499999E-05   2.177333       2.743780    
  4.0499999E-05  4.0999999E-05   2.188000       2.454023    
  4.0999999E-05  4.1499999E-05   2.101333       2.233981    
  4.1499999E-05  4.2000000E-05   2.088000       2.718559    
  4.2000000E-05  4.2500000E-05   1.984000       2.162505    
  4.2500000E-05  4.3000000E-05   1.934667       2.263678    
  4.3000000E-05  4.3500000E-05   1.868000       2.033590    
  4.3500000E-05  4.4000000E-05   1.662667       2.450795    
  4.4000000E-05  4.4500001E-05   1.708000       2.953049    
  4.4500001E-05  4.5000001E-05   1.644000       3.073518    
  4.5000001E-05  4.5500001E-05   1.564000       2.455649    
  4.5500001E-05  4.6000001E-05   1.482667       2.770310    
  4.6000001E-05  4.6500001E-05   1.509333       1.964857    
  4.6500001E-05  4.7000001E-05   1.474667       2.855524    
  4.7000001E-05  4.7500002E-05   1.297333       3.133732    
  4.7500002E-05  4.8000002E-05   1.330667       4.296116    
  4.8000002E-05  4.8499998E-05   1.188000       2.738325    
  4.8499998E-05  4.8999998E-05   1.125333       3.365251    
  4.8999998E-05  4.9499999E-05   1.121333       4.117065    
  4.9499999E-05  4.9999999E-05   1.125333       2.569440    
  4.9999999E-05  5.0499999E-05   1.028000       1.934376    
  5.0499999E-05  5.0999999E-05  0.8960000       4.185604    
  5.0999999E-05  5.1499999E-05  0.9600000       3.438327    
  5.1499999E-05  5.1999999E-05  0.8880000       4.400340    
  5.1999999E-05  5.2500000E-05  0.7786667       3.339198    
  5.2500000E-05  5.3000000E-05  0.7906666       5.574042    
  5.3000000E-05  5.3500000E-05  0.7226667       3.837334    
  5.3500000E-05  5.4000000E-05  0.7013333       3.514356    
  5.4000000E-05  5.4500000E-05  0.5813333       5.602692    
  5.4500000E-05  5.5000000E-05  0.5080000       6.228512    
  5.5000000E-05  5.5500001E-05  0.4840000       3.520201    
  5.5500001E-05  5.6000001E-05  0.4386667       6.606511    
  5.6000001E-05  5.6500001E-05  0.4546667       5.718744    
  5.6500001E-05  5.7000001E-05  0.3626667       7.703061    
  5.7000001E-05  5.7500001E-05  0.3186667       7.259143    
  5.7500001E-05  5.8000001E-05  0.2813333       6.525352    
  5.8000001E-05  5.8500002E-05  0.2200000       10.79303    
  5.8500002E-05  5.8999998E-05  0.1533333       7.915296    
  5.8999998E-05  5.9499998E-05  0.1160000       10.26240    
  5.9499998E-05  5.9999998E-05  3.8666666E-02   19.85167    


 # Detector n:            5   Yield5    
 # N. of x1 intervals         120
   0.000000      5.0000000E-07   0.000000       0.000000    
  5.0000000E-07  1.0000000E-06   0.000000       0.000000    
  1.0000000E-06  1.5000001E-06  1.7333332E-02   29.50708    
  1.5000001E-06  2.0000000E-06   0.000000       0.000000    
  2.0000000E-06  2.4999999E-06   0.000000       0.000000    
  2.4999999E-06  3.0000001E-06   0.000000       0.000000    
  3.0000001E-06  3.5000000E-06   0.000000       0.000000    
  3.5000000E-06  4.0000000E-06   0.000000       0.000000    
  4.0000000E-06  4.5000002E-06   0.000000       0.000000    
  4.5000002E-06  4.9999999E-06   0.000000       0.000000    
  4.9999999E-06  5.5000000E-06   0.000000       0.000000    
  5.5000000E-06  6.0000002E-06   0.000000       0.000000    
  6.0000002E-06  6.4999999E-06   0.000000       0.000000    
  6.4999999E-06  7.0000001E-06   0.000000       0.000000    
  7.0000001E-06  7.4999998E-06   0.000000       0.000000    
  7.4999998E-06  8.0000000E-06  9.3333330E-03   28.57143    
  8.0000000E-06  8.5000001E-06  3.4666665E-02   22.14224    
  8.5000001E-06  9.0000003E-06  5.3333331E-02   16.63688    
  9.0000003E-06  9.4999996E-06  0.1226667       10.41762    
  9.4999996E-06  9.9999997E-06  0.3773333       5.397065    
  9.9999997E-06  1.0500000E-05  0.3240000       7.504749    
  1.0500000E-05  1.1000000E-05  0.4240000       5.880707    
  1.1000000E-05  1.1500000E-05  0.6813334       2.335488    
  1.1500000E-05  1.2000000E-05  0.7693333       2.957177    
  1.2000000E-05  1.2500000E-05  0.8746666       3.868039    
  1.2500000E-05  1.3000000E-05   1.105333       2.291918    
  1.3000000E-05  1.3500000E-05   1.378667       2.896053    
  1.3500000E-05  1.4000000E-05   1.785333       2.855991    
  1.4000000E-05  1.4500000E-05   1.878667       2.099732    
  1.4500000E-05  1.5000000E-05   2.162667       2.055766    
  1.5000000E-05  1.5500000E-05   2.409333       2.507212    
  1.5500000E-05  1.6000000E-05   2.717333       3.196027    
  1.6000000E-05  1.6500000E-05   3.013333       1.092840    
  1.6500000E-05  1.7000000E-05   3.149333       2.064677    
  1.7000000E-05  1.7500000E-05   3.256000       1.589609    
  1.7500000E-05  1.8000001E-05   3.574667       2.448816    
  1.8000001E-05  1.8500001E-05   3.577333       2.056613    
  1.8500001E-05  1.8999999E-05   3.689333       1.903706    
  1.8999999E-05  1.9499999E-05   3.985333       2.793469    
  1.9499999E-05  1.9999999E-05   4.013333       2.188300    
  1.9999999E-05  2.0500000E-05   4.054667       1.264886    
  2.0500000E-05  2.1000000E-05   4.042666       1.625730    
  2.1000000E-05  2.1500000E-05   4.069334       1.754359    
  2.1500000E-05  2.2000000E-05   4.253333       1.951575    
  2.2000000E-05  2.2500000E-05   4.136000       2.195349    
  2.2500000E-05  2.3000001E-05   4.166667       1.410492    
  2.3000001E-05  2.3500001E-05   4.220000       1.840774    
  2.3500001E-05  2.4000001E-05   4.162667       2.319838    
  2.4000001E-05  2.4499999E-05   3.900000       1.482921    
  2.4499999E-05  2.4999999E-05   3.960000       1.282432    
  2.4999999E-05  2.5500000E-05   4.009333       1.767254    
  2.5500000E-05  2.6000000E-05   4.061333       2.027270    
  2.6000000E-05  2.6500000E-05   4.088000       1.442488    
  2.6500000E-05  2.7000000E-05   4.005333       1.650695    
  2.7000000E-05  2.7500000E-05   3.988000       1.392737    
  2.7500000E-05  2.8000000E-05   3.852000       2.044951    
  2.8000000E-05  2.8500001E-05   3.872000       2.278868    
  2.8500001E-05  2.9000001E-05   3.738667       2.509392    
  2.9000001E-05  2.9499999E-05   3.660000       2.121752    
  2.9499999E-05  2.9999999E-05   3.560000       1.377210    
  2.9999999E-05  3.0499999E-05   3.496000       1.981122    
  3.0499999E-05  3.1000000E-05   3.428000       1.903604    
  3.1000000E-05  3.1500000E-05   3.449333       2.150125    
  3.1500000E-05  3.2000000E-05   3.385333       1.958956    
  3.2000000E-05  3.2500000E-05   3.356000       2.112364    
  3.2500000E-05  3.3000000E-05   3.209333       2.057775    
  3.3000000E-05  3.3500000E-05   3.029333       2.085649    
  3.3500000E-05  3.4000001E-05   3.178667       1.840524    
  3.4000001E-05  3.4500001E-05   3.046667       2.171238    
  3.4500001E-05  3.5000001E-05   2.982667       2.431680    
  3.5000001E-05  3.5500001E-05   2.742667       1.744421    
  3.5500001E-05  3.6000001E-05   2.810667       1.755219    
  3.6000001E-05  3.6500001E-05   2.790667       1.842321    
  3.6500001E-05  3.7000002E-05   2.561333       1.944981    
  3.7000002E-05  3.7499998E-05   2.614667       1.862417    
  3.7499998E-05  3.7999998E-05   2.410667       3.010845    
  3.7999998E-05  3.8499998E-05   2.354667       2.333439    
  3.8499998E-05  3.8999999E-05   2.397333       2.913794    
  3.8999999E-05  3.9499999E-05   2.294667       2.308300    
  3.9499999E-05  3.9999999E-05   2.174667       2.853012    
  3.9999999E-05  4.0499999E-05   2.177333       2.743780    
  4.0499999E-05  4.0999999E-05   2.188000       2.454023    
  4.0999999E-05  4.1499999E-05   2.100000       2.249908    
  4.1499999E-05  4.2000000E-05   2.086667       2.731316    
  4.2000000E-05  4.2500000E-05   1.984000       2.162505    
  4.2500000E-05  4.3000000E-05   1.934667       2.263678    
  4.3000000E-05  4.3500000E-05   1.866667       2.058722    
  4.3500000E-05  4.4000000E-05   1.662667       2.450795    
  4.4000000E-05  4.4500001E-05   1.708000       2.953049    
  4.4500001E-05  4.5000001E-05   1.644000       3.073518    
  4.5000001E-05  4.5500001E-05   1.562667       2.431153    
  4.5500001E-05  4.6000001E-05   1.482667       2.770310    
  4.6000001E-05  4.6500001E-05   1.509333       1.964857    
  4.6500001E-05  4.7000001E-05   1.474667       2.855524    
  4.7000001E-05  4.7500002E-05   1.297333       3.133732    
  4.7500002E-05  4.8000002E-05   1.330667       4.296116    
  4.8000002E-05  4.8499998E-05   1.186667       2.725898    
  4.8499998E-05  4.8999998E-05   1.125333       3.365251    
  4.8999998E-05  4.9499999E-05   1.121333       4.117065    
  4.9499999E-05  4.9999999E-05   1.125333       2.569440    
  4.9999999E-05  5.0499999E-05   1.028000       1.934376    
  5.0499999E-05  5.0999999E-05  0.8946667       4.181991    
  5.0999999E-05  5.1499999E-05  0.9600000       3.438327    
  5.1499999E-05  5.1999999E-05  0.8880000       4.400340    
  5.1999999E-05  5.2500000E-05  0.7786667       3.339198    
  5.2500000E-05  5.3000000E-05  0.7906666       5.574042    
  5.3000000E-05  5.3500000E-05  0.7226667       3.837334    
  5.3500000E-05  5.4000000E-05  0.7013333       3.514356    
  5.4000000E-05  5.4500000E-05  0.5813333       5.602692    
  5.4500000E-05  5.5000000E-05  0.5080000       6.228512    
  5.5000000E-05  5.5500001E-05  0.4840000       3.520201    
  5.5500001E-05  5.6000001E-05  0.4386667       6.606511    
  5.6000001E-05  5.6500001E-05  0.4546667       5.718744    
  5.6500001E-05  5.7000001E-05  0.3626667       7.703061    
  5.7000001E-05  5.7500001E-05  0.3186667       7.259143    
  5.7500001E-05  5.8000001E-05  0.2813333       6.525352    
  5.8000001E-05  5.8500002E-05  0.2200000       10.79303    
  5.8500002E-05  5.8999998E-05  0.1533333       7.915296    
  5.8999998E-05  5.9499998E-05  0.1160000       10.26240    
  5.9499998E-05  5.9999998E-05  3.8666666E-02   19.85167    


 # Detector n:            6   Yield6    
 # N. of x1 intervals         120
   0.000000      5.0000000E-07   0.000000       0.000000    
  5.0000000E-07  1.0000000E-06   0.000000       0.000000    
  1.0000000E-06  1.5000001E-06  1.5999999E-02   27.81743    
  1.5000001E-06  2.0000000E-06   0.000000       0.000000    
  2.0000000E-06  2.4999999E-06   0.000000       0.000000    
  2.4999999E-06  3.0000001E-06   0.000000       0.000000    
  3.0000001E-06  3.5000000E-06   0.000000       0.000000    
  3.5000000E-06  4.0000000E-06   0.000000       0.000000    
  4.0000000E-06  4.5000002E-06   0.000000       0.000000    
  4.5000002E-06  4.9999999E-06   0.000000       0.000000    
  4.9999999E-06  5.5000000E-06   0.000000       0.000000    
  5.5000000E-06  6.0000002E-06   0.000000       0.000000    
  6.0000002E-06  6.4999999E-06   0.000000       0.000000    
  6.4999999E-06  7.0000001E-06   0.000000       0.000000    
  7.0000001E-06  7.4999998E-06   0.000000       0.000000    
  7.4999998E-06  8.0000000E-06  9.3333330E-03   28.57143    
  8.0000000E-06  8.5000001E-06  3.4666665E-02   22.14224    
  8.5000001E-06  9.0000003E-06  5.3333331E-02   16.63688    
  9.0000003E-06  9.4999996E-06  0.1226667       10.41762    
  9.4999996E-06  9.9999997E-06  0.3773333       5.397065    
  9.9999997E-06  1.0500000E-05  0.3240000       7.504749    
  1.0500000E-05  1.1000000E-05  0.4226667       5.929305    
  1.1000000E-05  1.1500000E-05  0.6813334       2.335488    
  1.1500000E-05  1.2000000E-05  0.7680000       3.015612    
  1.2000000E-05  1.2500000E-05  0.8746666       3.868039    
  1.2500000E-05  1.3000000E-05   1.105333       2.291918    
  1.3000000E-05  1.3500000E-05   1.378667       2.896053    
  1.3500000E-05  1.4000000E-05   1.781333       2.893689    
  1.4000000E-05  1.4500000E-05   1.876000       2.099454    
  1.4500000E-05  1.5000000E-05   2.162667       2.055766    
  1.5000000E-05  1.5500000E-05   2.409333       2.507212    
  1.5500000E-05  1.6000000E-05   2.717333       3.196027    
  1.6000000E-05  1.6500000E-05   3.010667       1.099939    
  1.6500000E-05  1.7000000E-05   3.148000       2.081249    
  1.7000000E-05  1.7500000E-05   3.256000       1.589609    
  1.7500000E-05  1.8000001E-05   3.574667       2.448816    
  1.8000001E-05  1.8500001E-05   3.573333       2.081111    
  1.8500001E-05  1.8999999E-05   3.688000       1.905815    
  1.8999999E-05  1.9499999E-05   3.984000       2.792571    
  1.9499999E-05  1.9999999E-05   4.010667       2.189863    
  1.9999999E-05  2.0500000E-05   4.054667       1.264886    
  2.0500000E-05  2.1000000E-05   4.037333       1.650689    
  2.1000000E-05  2.1500000E-05   4.069334       1.754359    
  2.1500000E-05  2.2000000E-05   4.252000       1.952798    
  2.2000000E-05  2.2500000E-05   4.136000       2.195349    
  2.2500000E-05  2.3000001E-05   4.166667       1.410492    
  2.3000001E-05  2.3500001E-05   4.218667       1.857828    
  2.3500001E-05  2.4000001E-05   4.161333       2.330797    
  2.4000001E-05  2.4499999E-05   3.897333       1.464256    
  2.4499999E-05  2.4999999E-05   3.960000       1.282432    
  2.4999999E-05  2.5500000E-05   4.009333       1.767254    
  2.5500000E-05  2.6000000E-05   4.058667       2.021178    
  2.6000000E-05  2.6500000E-05   4.086667       1.443644    
  2.6500000E-05  2.7000000E-05   4.001333       1.648019    
  2.7000000E-05  2.7500000E-05   3.984000       1.425123    
  2.7500000E-05  2.8000000E-05   3.850667       2.037521    
  2.8000000E-05  2.8500001E-05   3.866667       2.269621    
  2.8500001E-05  2.9000001E-05   3.737333       2.531062    
  2.9000001E-05  2.9499999E-05   3.658667       2.121497    
  2.9499999E-05  2.9999999E-05   3.560000       1.377210    
  2.9999999E-05  3.0499999E-05   3.494667       1.994638    
  3.0499999E-05  3.1000000E-05   3.425333       1.895403    
  3.1000000E-05  3.1500000E-05   3.449333       2.150125    
  3.1500000E-05  3.2000000E-05   3.384000       1.945872    
  3.2000000E-05  3.2500000E-05   3.353333       2.099948    
  3.2500000E-05  3.3000000E-05   3.208000       2.068437    
  3.3000000E-05  3.3500000E-05   3.029333       2.085649    
  3.3500000E-05  3.4000001E-05   3.178667       1.840524    
  3.4000001E-05  3.4500001E-05   3.045333       2.167266    
  3.4500001E-05  3.5000001E-05   2.982667       2.431680    
  3.5000001E-05  3.5500001E-05   2.741333       1.769214    
  3.5500001E-05  3.6000001E-05   2.809333       1.762910    
  3.6000001E-05  3.6500001E-05   2.789333       1.849831    
  3.6500001E-05  3.7000002E-05   2.561333       1.944981    
  3.7000002E-05  3.7499998E-05   2.614667       1.862417    
  3.7499998E-05  3.7999998E-05   2.410667       3.010845    
  3.7999998E-05  3.8499998E-05   2.353333       2.349738    
  3.8499998E-05  3.8999999E-05   2.394667       2.934749    
  3.8999999E-05  3.9499999E-05   2.293333       2.289483    
  3.9499999E-05  3.9999999E-05   2.173333       2.860689    
  3.9999999E-05  4.0499999E-05   2.177333       2.743780    
  4.0499999E-05  4.0999999E-05   2.184000       2.489829    
  4.0999999E-05  4.1499999E-05   2.100000       2.249908    
  4.1499999E-05  4.2000000E-05   2.085333       2.710209    
  4.2000000E-05  4.2500000E-05   1.981333       2.148018    
  4.2500000E-05  4.3000000E-05   1.933333       2.238536    
  4.3000000E-05  4.3500000E-05   1.862667       2.050331    
  4.3500000E-05  4.4000000E-05   1.662667       2.450795    
  4.4000000E-05  4.4500001E-05   1.708000       2.953049    
  4.4500001E-05  4.5000001E-05   1.642667       3.063749    
  4.5000001E-05  4.5500001E-05   1.560000       2.442155    
  4.5500001E-05  4.6000001E-05   1.481333       2.762139    
  4.6000001E-05  4.6500001E-05   1.509333       1.964857    
  4.6500001E-05  4.7000001E-05   1.473333       2.870974    
  4.7000001E-05  4.7500002E-05   1.296000       3.134545    
  4.7500002E-05  4.8000002E-05   1.328000       4.337070    
  4.8000002E-05  4.8499998E-05   1.186667       2.725898    
  4.8499998E-05  4.8999998E-05   1.125333       3.365251    
  4.8999998E-05  4.9499999E-05   1.121333       4.117065    
  4.9499999E-05  4.9999999E-05   1.125333       2.569440    
  4.9999999E-05  5.0499999E-05   1.028000       1.934376    
  5.0499999E-05  5.0999999E-05  0.8946667       4.181991    
  5.0999999E-05  5.1499999E-05  0.9600000       3.438327    
  5.1499999E-05  5.1999999E-05  0.8880000       4.400340    
  5.1999999E-05  5.2500000E-05  0.7773333       3.329813    
  5.2500000E-05  5.3000000E-05  0.7906666       5.574042    
  5.3000000E-05  5.3500000E-05  0.7226667       3.837334    
  5.3500000E-05  5.4000000E-05  0.7013333       3.514356    
  5.4000000E-05  5.4500000E-05  0.5813333       5.602692    
  5.4500000E-05  5.5000000E-05  0.5080000       6.228512    
  5.5000000E-05  5.5500001E-05  0.4840000       3.520201    
  5.5500001E-05  5.6000001E-05  0.4386667       6.606511    
  5.6000001E-05  5.6500001E-05  0.4546667       5.718744    
  5.6500001E-05  5.7000001E-05  0.3626667       7.703061    
  5.7000001E-05  5.7500001E-05  0.3186667       7.259143    
  5.7500001E-05  5.8000001E-05  0.2813333       6.525352    
  5.8000001E-05  5.8500002E-05  0.2200000       10.79303    
  5.8500002E-05  5.8999998E-05  0.1533333       7.915296    
  5.8999998E-05  5.9499998E-05  0.1160000       10.26240    
  5.9499998E-05  5.9999998E-05  3.8666666E-02   19.85167    


 # Detector n:            7   Yield7    
 # N. of x1 intervals         120
   0.000000      5.0000000E-07   0.000000       0.000000    
  5.0000000E-07  1.0000000E-06   0.000000       0.000000    
  1.0000000E-06  1.5000001E-06   0.000000       0.000000    
  1.5000001E-06  2.0000000E-06   0.000000       0.000000    
  2.0000000E-06  2.4999999E-06   0.000000       0.000000    
  2.4999999E-06  3.0000001E-06  1.3333333E-03   99.00000    
  3.0000001E-06  3.5000000E-06   0.000000       0.000000    
  3.5000000E-06  4.0000000E-06   0.000000       0.000000    
  4.0000000E-06  4.5000002E-06   0.000000       0.000000    
  4.5000002E-06  4.9999999E-06   0.000000       0.000000    
  4.9999999E-06  5.5000000E-06   0.000000       0.000000    
  5.5000000E-06  6.0000002E-06   0.000000       0.000000    
  6.0000002E-06  6.4999999E-06   0.000000       0.000000    
  6.4999999E-06  7.0000001E-06   0.000000       0.000000    
  7.0000001E-06  7.4999998E-06   0.000000       0.000000    
  7.4999998E-06  8.0000000E-06  5.3333333E-03   44.32026    
  8.0000000E-06  8.5000001E-06  2.0000000E-02   19.51800    
  8.5000001E-06  9.0000003E-06  4.1333333E-02   22.38228    
  9.0000003E-06  9.4999996E-06  8.9333333E-02   13.96711    
  9.4999996E-06  9.9999997E-06  0.3080000       6.266919    
  9.9999997E-06  1.0500000E-05  0.2626667       8.032962    
  1.0500000E-05  1.1000000E-05  0.3466667       5.119040    
  1.1000000E-05  1.1500000E-05  0.5933334       2.364514    
  1.1500000E-05  1.2000000E-05  0.6520000       2.707474    
  1.2000000E-05  1.2500000E-05  0.7640000       4.344513    
  1.2500000E-05  1.3000000E-05  0.9626666       2.830272    
  1.3000000E-05  1.3500000E-05   1.237333       2.690269    
  1.3500000E-05  1.4000000E-05   1.588000       2.897638    
  1.4000000E-05  1.4500000E-05   1.674667       2.175643    
  1.4500000E-05  1.5000000E-05   1.965333       2.239393    
  1.5000000E-05  1.5500000E-05   2.202667       2.957353    
  1.5500000E-05  1.6000000E-05   2.474667       3.372579    
  1.6000000E-05  1.6500000E-05   2.796000       1.418987    
  1.6500000E-05  1.7000000E-05   2.925333       2.219367    
  1.7000000E-05  1.7500000E-05   2.994667       2.033515    
  1.7500000E-05  1.8000001E-05   3.314667       2.531636    
  1.8000001E-05  1.8500001E-05   3.329333       2.068424    
  1.8500001E-05  1.8999999E-05   3.430667       1.987069    
  1.8999999E-05  1.9499999E-05   3.773333       2.682123    
  1.9499999E-05  1.9999999E-05   3.776000       2.079953    
  1.9999999E-05  2.0500000E-05   3.828000       1.184622    
  2.0500000E-05  2.1000000E-05   3.816000       1.782264    
  2.1000000E-05  2.1500000E-05   3.864000       1.724243    
  2.1500000E-05  2.2000000E-05   4.016000       2.124130    
  2.2000000E-05  2.2500000E-05   3.909333       2.237175    
  2.2500000E-05  2.3000001E-05   3.972000       1.541273    
  2.3000001E-05  2.3500001E-05   4.022667       1.819901    
  2.3500001E-05  2.4000001E-05   3.969333       2.334436    
  2.4000001E-05  2.4499999E-05   3.718667       1.527049    
  2.4499999E-05  2.4999999E-05   3.816000       1.343738    
  2.4999999E-05  2.5500000E-05   3.842667       1.714112    
  2.5500000E-05  2.6000000E-05   3.893333       2.010698    
  2.6000000E-05  2.6500000E-05   3.924000       1.539694    
  2.6500000E-05  2.7000000E-05   3.824000       1.615020    
  2.7000000E-05  2.7500000E-05   3.829333       1.649929    
  2.7500000E-05  2.8000000E-05   3.705333       2.002683    
  2.8000000E-05  2.8500001E-05   3.720000       2.256113    
  2.8500001E-05  2.9000001E-05   3.606667       2.443444    
  2.9000001E-05  2.9499999E-05   3.532000       2.095385    
  2.9499999E-05  2.9999999E-05   3.436000       1.455125    
  2.9999999E-05  3.0499999E-05   3.384000       2.111494    
  3.0499999E-05  3.1000000E-05   3.314667       1.764024    
  3.1000000E-05  3.1500000E-05   3.337333       2.055161    
  3.1500000E-05  3.2000000E-05   3.270667       1.972798    
  3.2000000E-05  3.2500000E-05   3.234667       2.257289    
  3.2500000E-05  3.3000000E-05   3.124000       2.001430    
  3.3000000E-05  3.3500000E-05   2.933333       2.028792    
  3.3500000E-05  3.4000001E-05   3.086667       1.862610    
  3.4000001E-05  3.4500001E-05   2.964000       2.236194    
  3.4500001E-05  3.5000001E-05   2.884000       2.573678    
  3.5000001E-05  3.5500001E-05   2.660000       1.846102    
  3.5500001E-05  3.6000001E-05   2.712000       1.835986    
  3.6000001E-05  3.6500001E-05   2.716000       1.949860    
  3.6500001E-05  3.7000002E-05   2.469333       2.217207    
  3.7000002E-05  3.7499998E-05   2.533333       1.853349    
  3.7499998E-05  3.7999998E-05   2.352000       3.051084    
  3.7999998E-05  3.8499998E-05   2.274667       2.331755    
  3.8499998E-05  3.8999999E-05   2.325333       3.074257    
  3.8999999E-05  3.9499999E-05   2.218667       2.468649    
  3.9499999E-05  3.9999999E-05   2.104000       2.842946    
  3.9999999E-05  4.0499999E-05   2.109333       2.735349    
  4.0499999E-05  4.0999999E-05   2.108000       2.256238    
  4.0999999E-05  4.1499999E-05   2.028000       2.187906    
  4.1499999E-05  4.2000000E-05   2.009333       2.504671    
  4.2000000E-05  4.2500000E-05   1.936000       2.241204    
  4.2500000E-05  4.3000000E-05   1.880000       2.316819    
  4.3000000E-05  4.3500000E-05   1.800000       2.102600    
  4.3500000E-05  4.4000000E-05   1.638667       2.344563    
  4.4000000E-05  4.4500001E-05   1.664000       3.022953    
  4.4500001E-05  4.5000001E-05   1.589333       3.059987    
  4.5000001E-05  4.5500001E-05   1.514667       2.607519    
  4.5500001E-05  4.6000001E-05   1.444000       2.899623    
  4.6000001E-05  4.6500001E-05   1.466667       1.899170    
  4.6500001E-05  4.7000001E-05   1.434667       2.947723    
  4.7000001E-05  4.7500002E-05   1.262667       3.117975    
  4.7500002E-05  4.8000002E-05   1.294667       4.339252    
  4.8000002E-05  4.8499998E-05   1.154667       2.880892    
  4.8499998E-05  4.8999998E-05   1.100000       3.467962    
  4.8999998E-05  4.9499999E-05   1.088000       4.429964    
  4.9499999E-05  4.9999999E-05   1.105333       2.692294    
  4.9999999E-05  5.0499999E-05   1.006667       2.002461    
  5.0499999E-05  5.0999999E-05  0.8733333       4.124963    
  5.0999999E-05  5.1499999E-05  0.9360000       3.465544    
  5.1499999E-05  5.1999999E-05  0.8693333       4.077727    
  5.1999999E-05  5.2500000E-05  0.7640000       3.400743    
  5.2500000E-05  5.3000000E-05  0.7720000       5.385801    
  5.3000000E-05  5.3500000E-05  0.7040000       4.095341    
  5.3500000E-05  5.4000000E-05  0.6826667       3.791564    
  5.4000000E-05  5.4500000E-05  0.5706667       5.597733    
  5.4500000E-05  5.5000000E-05  0.4973333       6.141191    
  5.5000000E-05  5.5500001E-05  0.4813333       3.569003    
  5.5500001E-05  5.6000001E-05  0.4226667       6.000802    
  5.6000001E-05  5.6500001E-05  0.4453333       5.822124    
  5.6500001E-05  5.7000001E-05  0.3600000       7.800420    
  5.7000001E-05  5.7500001E-05  0.3160000       7.468303    
  5.7500001E-05  5.8000001E-05  0.2760000       6.293451    
  5.8000001E-05  5.8500002E-05  0.2146667       10.92835    
  5.8500002E-05  5.8999998E-05  0.1506667       7.865659    
  5.8999998E-05  5.9499998E-05  0.1133333       10.56954    
  5.9499998E-05  5.9999998E-05  3.7333332E-02   20.15790    
