 # Detector n:            1   Yield1    
 # N. of x1 intervals         160
   0.000000      5.0000000E-07   0.000000       0.000000    
  5.0000000E-07  1.0000000E-06   0.000000       0.000000    
  1.0000000E-06  1.5000001E-06   9.832000      0.9655674    
  1.5000001E-06  2.0000000E-06   12.60400       1.251670    
  2.0000000E-06  2.4999999E-06   4.982666       1.723500    
  2.4999999E-06  3.0000001E-06   5.748000       1.685471    
  3.0000001E-06  3.5000000E-06   7.141333       1.111693    
  3.5000000E-06  4.0000000E-06   8.702666       1.090422    
  4.0000000E-06  4.5000002E-06   10.18533       1.052469    
  4.5000002E-06  4.9999999E-06   11.91600      0.9072912    
  4.9999999E-06  5.5000000E-06   13.54667       1.267956    
  5.5000000E-06  6.0000002E-06   15.33067       1.079230    
  6.0000002E-06  6.4999999E-06   16.67200      0.8070906    
  6.4999999E-06  7.0000001E-06   18.19467      0.6784098    
  7.0000001E-06  7.4999998E-06   19.88133      0.7283625    
  7.4999998E-06  8.0000000E-06   20.54533      0.8675433    
  8.0000000E-06  8.5000001E-06   34.78533      0.5126759    
  8.5000001E-06  9.0000003E-06   22.20400      0.7018058    
  9.0000003E-06  9.4999996E-06   22.35333      0.7219108    
  9.4999996E-06  9.9999997E-06   39.98533      0.3574511    
  9.9999997E-06  1.0500000E-05   17.08000       1.118544    
  1.0500000E-05  1.1000000E-05   13.16400      0.9047020    
  1.1000000E-05  1.1500000E-05   14.70400      0.8749934    
  1.1500000E-05  1.2000000E-05   12.07333       1.142514    
  1.2000000E-05  1.2500000E-05   10.48533       1.244739    
  1.2500000E-05  1.3000000E-05   10.61200      0.9285516    
  1.3000000E-05  1.3500000E-05   10.92800       1.017236    
  1.3500000E-05  1.4000000E-05   11.26000       1.060774    
  1.4000000E-05  1.4500000E-05   11.40133      0.8969902    
  1.4500000E-05  1.5000000E-05   11.60133      0.9223239    
  1.5000000E-05  1.5500000E-05   11.76000      0.9301692    
  1.5500000E-05  1.6000000E-05   12.07600       1.206170    
  1.6000000E-05  1.6500000E-05   12.03467      0.7259259    
  1.6500000E-05  1.7000000E-05   11.94800      0.7619904    
  1.7000000E-05  1.7500000E-05   12.09600      0.8130963    
  1.7500000E-05  1.8000001E-05   12.32400      0.9125692    
  1.8000001E-05  1.8500001E-05   12.00400      0.7184088    
  1.8500001E-05  1.8999999E-05   11.84533      0.9285213    
  1.8999999E-05  1.9499999E-05   11.76667       1.092849    
  1.9499999E-05  1.9999999E-05   11.99333       1.011307    
  1.9999999E-05  2.0500000E-05   11.90800      0.8086095    
  2.0500000E-05  2.1000000E-05   11.52267      0.9173362    
  2.1000000E-05  2.1500000E-05   11.83867      0.7564961    
  2.1500000E-05  2.2000000E-05   11.43067      0.7656944    
  2.2000000E-05  2.2500000E-05   11.47733      0.8490706    
  2.2500000E-05  2.3000001E-05   11.41733      0.8900712    
  2.3000001E-05  2.3500001E-05   11.18800       1.091396    
  2.3500001E-05  2.4000001E-05   10.96667       1.204156    
  2.4000001E-05  2.4499999E-05   10.89467      0.9775634    
  2.4499999E-05  2.4999999E-05   10.57600       1.129410    
  2.4999999E-05  2.5500000E-05   10.60400       1.371754    
  2.5500000E-05  2.6000000E-05   10.36933      0.8920242    
  2.6000000E-05  2.6500000E-05   10.21067      0.9181052    
  2.6500000E-05  2.7000000E-05   10.18267       1.063232    
  2.7000000E-05  2.7500000E-05   9.980000       1.048633    
  2.7500000E-05  2.8000000E-05   9.853333       1.384000    
  2.8000000E-05  2.8500001E-05   9.428000       1.501699    
  2.8500001E-05  2.9000001E-05   9.329333       1.390092    
  2.9000001E-05  2.9499999E-05   9.410666       1.208800    
  2.9499999E-05  2.9999999E-05   9.082666       1.132195    
  2.9999999E-05  3.0499999E-05   8.848000      0.8059319    
  3.0499999E-05  3.1000000E-05   8.946667       1.080422    
  3.1000000E-05  3.1500000E-05   8.689333       1.360551    
  3.1500000E-05  3.2000000E-05   8.488000       1.438748    
  3.2000000E-05  3.2500000E-05   8.362667      0.9560248    
  3.2500000E-05  3.3000000E-05   8.290667      0.9226193    
  3.3000000E-05  3.3500000E-05   8.046667       1.322045    
  3.3500000E-05  3.4000001E-05   7.854667       1.161928    
  3.4000001E-05  3.4500001E-05   7.608000       1.249934    
  3.4500001E-05  3.5000001E-05   7.416000       1.324648    
  3.5000001E-05  3.5500001E-05   7.445333       1.749249    
  3.5500001E-05  3.6000001E-05   7.381333       1.313222    
  3.6000001E-05  3.6500001E-05   7.026667       1.517264    
  3.6500001E-05  3.7000002E-05   6.949333       1.545725    
  3.7000002E-05  3.7499998E-05   6.860000       1.148344    
  3.7499998E-05  3.7999998E-05   6.564000       1.491852    
  3.7999998E-05  3.8499998E-05   6.750667       1.315406    
  3.8499998E-05  3.8999999E-05   6.320000       1.668249    
  3.8999999E-05  3.9499999E-05   6.317333       1.467108    
  3.9499999E-05  3.9999999E-05   6.228000       2.057861    
  3.9999999E-05  4.0499999E-05   6.072000       1.877292    
  4.0499999E-05  4.0999999E-05   5.857333       1.476697    
  4.0999999E-05  4.1499999E-05   5.853333       1.077758    
  4.1499999E-05  4.2000000E-05   5.709333       1.913467    
  4.2000000E-05  4.2500000E-05   5.593333       1.841082    
  4.2500000E-05  4.3000000E-05   5.317333       1.429602    
  4.3000000E-05  4.3500000E-05   5.276000       1.418465    
  4.3500000E-05  4.4000000E-05   5.202667       1.366027    
  4.4000000E-05  4.4500001E-05   5.168000       1.026541    
  4.4500001E-05  4.5000001E-05   4.968000       1.227882    
  4.5000001E-05  4.5500001E-05   4.885334       1.579740    
  4.5500001E-05  4.6000001E-05   4.809333       1.721752    
  4.6000001E-05  4.6500001E-05   4.853333       1.012338    
  4.6500001E-05  4.7000001E-05   4.581333       1.615260    
  4.7000001E-05  4.7500002E-05   4.544000       1.422787    
  4.7500002E-05  4.8000002E-05   4.306667       1.326478    
  4.8000002E-05  4.8499998E-05   4.196000       1.723092    
  4.8499998E-05  4.8999998E-05   4.265333       1.411495    
  4.8999998E-05  4.9499999E-05   4.064000       1.377953    
  4.9499999E-05  4.9999999E-05   4.010667       2.313962    
  4.9999999E-05  5.0499999E-05   3.809333       1.347713    
  5.0499999E-05  5.0999999E-05   3.724000       1.589889    
  5.0999999E-05  5.1499999E-05   3.613333       1.690700    
  5.1499999E-05  5.1999999E-05   3.596000       2.116941    
  5.1999999E-05  5.2500000E-05   3.505333       2.036327    
  5.2500000E-05  5.3000000E-05   3.505333       1.669931    
  5.3000000E-05  5.3500000E-05   3.316000       1.901098    
  5.3500000E-05  5.4000000E-05   3.326667       2.210647    
  5.4000000E-05  5.4500000E-05   3.174667       1.891428    
  5.4500000E-05  5.5000000E-05   3.268000       2.205610    
  5.5000000E-05  5.5500001E-05   3.136000       1.311743    
  5.5500001E-05  5.6000001E-05   3.052000       2.633529    
  5.6000001E-05  5.6500001E-05   2.880000       2.441632    
  5.6500001E-05  5.7000001E-05   2.796000       1.973449    
  5.7000001E-05  5.7500001E-05   2.742667       2.132397    
  5.7500001E-05  5.8000001E-05   2.696000       1.601248    
  5.8000001E-05  5.8500002E-05   3.721333       1.091980    
  5.8500002E-05  5.8999998E-05   2.548000       1.686620    
  5.8999998E-05  5.9499998E-05   4.564000       1.369953    
  5.9499998E-05  5.9999998E-05   2.518667       2.003570    
  5.9999998E-05  6.0499999E-05   2.286667       3.306546    
  6.0499999E-05  6.0999999E-05   2.170667       2.850338    
  6.0999999E-05  6.1500003E-05   2.140000       2.830315    
  6.1500003E-05  6.1999999E-05   2.184000       2.618044    
  6.1999999E-05  6.2500003E-05   2.077333       2.237019    
  6.2500003E-05  6.2999999E-05   2.000000       2.236068    
  6.2999999E-05  6.3500003E-05   1.872000       1.587399    
  6.3500003E-05  6.4000000E-05   1.925333       2.158749    
  6.4000000E-05  6.4499996E-05   1.844000       1.940766    
  6.4499996E-05  6.5000000E-05   1.744000       3.344747    
  6.5000000E-05  6.5499997E-05   1.662667       3.038256    
  6.5499997E-05  6.6000001E-05   1.554667       2.886070    
  6.6000001E-05  6.6499997E-05   1.566667       4.057403    
  6.6499997E-05  6.7000001E-05   1.430667       2.602364    
  6.7000001E-05  6.7499997E-05   2.146667       2.834193    
  6.7499997E-05  6.8000001E-05   1.388000       3.242799    
  6.8000001E-05  6.8499998E-05   1.289333       3.274396    
  6.8499998E-05  6.9000002E-05   1.253333       2.604289    
  6.9000002E-05  6.9499998E-05   1.408000       2.949755    
  6.9499998E-05  7.0000002E-05   1.122667       3.886974    
  7.0000002E-05  7.0499998E-05   1.092000       3.171247    
  7.0499998E-05  7.1000002E-05  0.9853333       4.829653    
  7.1000002E-05  7.1499999E-05  0.8533334       4.823185    
  7.1499999E-05  7.2000003E-05  0.8520000       4.405337    
  7.2000003E-05  7.2499999E-05  0.8306667       4.531085    
  7.2499999E-05  7.3000003E-05  0.7560000       4.994195    
  7.3000003E-05  7.3499999E-05  0.7360000       2.719978    
  7.3499999E-05  7.4000003E-05  0.6240000       3.035821    
  7.4000003E-05  7.4500000E-05  0.6560000       3.248401    
  7.4500000E-05  7.4999996E-05  0.5666667       5.677091    
  7.4999996E-05  7.5500000E-05  0.5346667       4.794075    
  7.5500000E-05  7.5999997E-05  0.4893333       6.503730    
  7.5999997E-05  7.6500000E-05  0.4560000       5.616776    
  7.6500000E-05  7.6999997E-05  0.4040000       4.161558    
  7.6999997E-05  7.7500001E-05  0.3280000       7.060945    
  7.7500001E-05  7.7999997E-05  0.2720000       5.776356    
  7.7999997E-05  7.8500001E-05  0.2186667       7.054673    
  7.8500001E-05  7.8999998E-05  0.1453333       9.055589    
  7.8999998E-05  7.9500001E-05  0.1053333       13.16351    
  7.9500001E-05  7.9999998E-05  3.9999999E-02   13.80131    


 # Detector n:            2   Yield2    
 # N. of x1 intervals         160
   0.000000      5.0000000E-07   0.000000       0.000000    
  5.0000000E-07  1.0000000E-06   0.000000       0.000000    
  1.0000000E-06  1.5000001E-06   0.000000       0.000000    
  1.5000001E-06  2.0000000E-06   0.000000       0.000000    
  2.0000000E-06  2.4999999E-06  1.3333333E-03   99.00000    
  2.4999999E-06  3.0000001E-06   0.000000       0.000000    
  3.0000001E-06  3.5000000E-06  5.1999997E-02   12.89357    
  3.5000000E-06  4.0000000E-06  0.3586667       6.585878    
  4.0000000E-06  4.5000002E-06   1.136000       2.834661    
  4.5000002E-06  4.9999999E-06   2.424000       2.624254    
  4.9999999E-06  5.5000000E-06   4.445333       1.855788    
  5.5000000E-06  6.0000002E-06   6.421333       1.215240    
  6.0000002E-06  6.4999999E-06   8.932000       1.266612    
  6.4999999E-06  7.0000001E-06   10.58400       1.006550    
  7.0000001E-06  7.4999998E-06   12.90133      0.9355916    
  7.4999998E-06  8.0000000E-06   14.11600      0.8160427    
  8.0000000E-06  8.5000001E-06   24.67467      0.7926521    
  8.5000001E-06  9.0000003E-06   16.79733      0.6706156    
  9.0000003E-06  9.4999996E-06   17.40667      0.7477167    
  9.4999996E-06  9.9999997E-06   31.54400      0.5308036    
  9.9999997E-06  1.0500000E-05   14.00133       1.146693    
  1.0500000E-05  1.1000000E-05   11.04133      0.8384044    
  1.1000000E-05  1.1500000E-05   12.43467      0.9142371    
  1.1500000E-05  1.2000000E-05   10.37867       1.402580    
  1.2000000E-05  1.2500000E-05   9.062667       1.602115    
  1.2500000E-05  1.3000000E-05   9.248000      0.9032889    
  1.3000000E-05  1.3500000E-05   9.642667       1.178152    
  1.3500000E-05  1.4000000E-05   9.900000      0.8991495    
  1.4000000E-05  1.4500000E-05   10.01200      0.8068033    
  1.4500000E-05  1.5000000E-05   10.26000       1.054555    
  1.5000000E-05  1.5500000E-05   10.45600      0.9542366    
  1.5500000E-05  1.6000000E-05   10.67867       1.205968    
  1.6000000E-05  1.6500000E-05   10.71600      0.8451716    
  1.6500000E-05  1.7000000E-05   10.62133      0.7365330    
  1.7000000E-05  1.7500000E-05   10.81600      0.8575313    
  1.7500000E-05  1.8000001E-05   10.97333      0.9975920    
  1.8000001E-05  1.8500001E-05   10.66533      0.9637679    
  1.8500001E-05  1.8999999E-05   10.53867      0.9818358    
  1.8999999E-05  1.9499999E-05   10.52267       1.170450    
  1.9499999E-05  1.9999999E-05   10.75200       1.353554    
  1.9999999E-05  2.0500000E-05   10.68533      0.9154003    
  2.0500000E-05  2.1000000E-05   10.33733      0.8428801    
  2.1000000E-05  2.1500000E-05   10.59867      0.8316534    
  2.1500000E-05  2.2000000E-05   10.20800      0.9795864    
  2.2000000E-05  2.2500000E-05   10.30533       1.154463    
  2.2500000E-05  2.3000001E-05   10.22267       1.149046    
  2.3000001E-05  2.3500001E-05   10.00933       1.124898    
  2.3500001E-05  2.4000001E-05   9.728000       1.303495    
  2.4000001E-05  2.4499999E-05   9.749333       1.209978    
  2.4499999E-05  2.4999999E-05   9.450666       1.168623    
  2.4999999E-05  2.5500000E-05   9.478666       1.560134    
  2.5500000E-05  2.6000000E-05   9.316000      0.9290085    
  2.6000000E-05  2.6500000E-05   9.097333      0.8253393    
  2.6500000E-05  2.7000000E-05   9.122666       1.295394    
  2.7000000E-05  2.7500000E-05   8.949333      0.9886366    
  2.7500000E-05  2.8000000E-05   8.808000       1.392132    
  2.8000000E-05  2.8500001E-05   8.532000       1.611727    
  2.8500001E-05  2.9000001E-05   8.285334       1.415687    
  2.9000001E-05  2.9499999E-05   8.409333       1.242515    
  2.9499999E-05  2.9999999E-05   8.204000       1.000121    
  2.9999999E-05  3.0499999E-05   7.936000      0.9661505    
  3.0499999E-05  3.1000000E-05   8.038667       1.084610    
  3.1000000E-05  3.1500000E-05   7.800000       1.385565    
  3.1500000E-05  3.2000000E-05   7.544000       1.518812    
  3.2000000E-05  3.2500000E-05   7.490667      0.9745477    
  3.2500000E-05  3.3000000E-05   7.398667      0.9425116    
  3.3000000E-05  3.3500000E-05   7.197333       1.435704    
  3.3500000E-05  3.4000001E-05   7.005333       1.192031    
  3.4000001E-05  3.4500001E-05   6.813334       1.416109    
  3.4500001E-05  3.5000001E-05   6.638667       1.389765    
  3.5000001E-05  3.5500001E-05   6.629333       1.609603    
  3.5500001E-05  3.6000001E-05   6.600000       1.125319    
  3.6000001E-05  3.6500001E-05   6.265333       1.531375    
  3.6500001E-05  3.7000002E-05   6.240000       1.606527    
  3.7000002E-05  3.7499998E-05   6.097333       1.414231    
  3.7499998E-05  3.7999998E-05   5.908000       1.621755    
  3.7999998E-05  3.8499998E-05   6.140000       1.448025    
  3.8499998E-05  3.8999999E-05   5.717333       2.034559    
  3.8999999E-05  3.9499999E-05   5.652000       1.459725    
  3.9499999E-05  3.9999999E-05   5.636000       2.373471    
  3.9999999E-05  4.0499999E-05   5.477334       2.010051    
  4.0499999E-05  4.0999999E-05   5.241333       1.572187    
  4.0999999E-05  4.1499999E-05   5.229333      0.9789064    
  4.1499999E-05  4.2000000E-05   5.117333       1.904325    
  4.2000000E-05  4.2500000E-05   5.024000       1.739661    
  4.2500000E-05  4.3000000E-05   4.805333       1.207277    
  4.3000000E-05  4.3500000E-05   4.677333       1.702655    
  4.3500000E-05  4.4000000E-05   4.658667       1.508532    
  4.4000000E-05  4.4500001E-05   4.625333       1.027994    
  4.4500001E-05  4.5000001E-05   4.430666       1.304467    
  4.5000001E-05  4.5500001E-05   4.408000       1.825546    
  4.5500001E-05  4.6000001E-05   4.344000       1.826320    
  4.6000001E-05  4.6500001E-05   4.296000       1.411496    
  4.6500001E-05  4.7000001E-05   4.074667       1.875774    
  4.7000001E-05  4.7500002E-05   4.062667       1.628392    
  4.7500002E-05  4.8000002E-05   3.793333       1.387017    
  4.8000002E-05  4.8499998E-05   3.744000       1.718124    
  4.8499998E-05  4.8999998E-05   3.773333       1.210510    
  4.8999998E-05  4.9499999E-05   3.602667       1.707951    
  4.9499999E-05  4.9999999E-05   3.569333       2.275650    
  4.9999999E-05  5.0499999E-05   3.412000       1.787842    
  5.0499999E-05  5.0999999E-05   3.260000       1.569265    
  5.0999999E-05  5.1499999E-05   3.216000       1.610525    
  5.1499999E-05  5.1999999E-05   3.221333       2.277941    
  5.1999999E-05  5.2500000E-05   3.110667       2.450982    
  5.2500000E-05  5.3000000E-05   3.152000       1.512737    
  5.3000000E-05  5.3500000E-05   2.962667       2.230076    
  5.3500000E-05  5.4000000E-05   2.976000       2.009932    
  5.4000000E-05  5.4500000E-05   2.846667       1.790131    
  5.4500000E-05  5.5000000E-05   2.897333       1.994820    
  5.5000000E-05  5.5500001E-05   2.832000       1.623343    
  5.5500001E-05  5.6000001E-05   2.712000       2.689755    
  5.6000001E-05  5.6500001E-05   2.588000       2.385859    
  5.6500001E-05  5.7000001E-05   2.506667       1.678454    
  5.7000001E-05  5.7500001E-05   2.458667       2.161631    
  5.7500001E-05  5.8000001E-05   2.424000       2.280574    
  5.8000001E-05  5.8500002E-05   3.274667      0.9165437    
  5.8500002E-05  5.8999998E-05   2.252000       2.271340    
  5.8999998E-05  5.9499998E-05   4.050667       1.257303    
  5.9499998E-05  5.9999998E-05   2.233333       1.937837    
  5.9999998E-05  6.0499999E-05   2.052000       3.204186    
  6.0499999E-05  6.0999999E-05   1.948000       2.520459    
  6.0999999E-05  6.1500003E-05   1.918667       3.154300    
  6.1500003E-05  6.1999999E-05   1.968000       2.935031    
  6.1999999E-05  6.2500003E-05   1.868000       2.156062    
  6.2500003E-05  6.2999999E-05   1.812000       2.359431    
  6.2999999E-05  6.3500003E-05   1.668000       1.730864    
  6.3500003E-05  6.4000000E-05   1.718667       2.101614    
  6.4000000E-05  6.4499996E-05   1.634667       2.150756    
  6.4499996E-05  6.5000000E-05   1.528000       3.457839    
  6.5000000E-05  6.5499997E-05   1.469333       3.647223    
  6.5499997E-05  6.6000001E-05   1.393333       3.512291    
  6.6000001E-05  6.6499997E-05   1.401333       3.797734    
  6.6499997E-05  6.7000001E-05   1.264000       3.081335    
  6.7000001E-05  6.7499997E-05   1.910667       2.694719    
  6.7499997E-05  6.8000001E-05   1.246667       3.965882    
  6.8000001E-05  6.8499998E-05   1.137333       3.821466    
  6.8499998E-05  6.9000002E-05   1.110667       3.053228    
  6.9000002E-05  6.9499998E-05   1.256000       3.077510    
  6.9499998E-05  7.0000002E-05   1.006667       3.224988    
  7.0000002E-05  7.0499998E-05  0.9733333       2.847678    
  7.0499998E-05  7.1000002E-05  0.8933333       4.800046    
  7.1000002E-05  7.1499999E-05  0.7680000       5.049666    
  7.1499999E-05  7.2000003E-05  0.7826667       4.439119    
  7.2000003E-05  7.2499999E-05  0.7306666       4.171500    
  7.2499999E-05  7.3000003E-05  0.6613333       4.799549    
  7.3000003E-05  7.3499999E-05  0.6506667       2.507332    
  7.3499999E-05  7.4000003E-05  0.5480000       4.042153    
  7.4000003E-05  7.4500000E-05  0.5773333       3.494860    
  7.4500000E-05  7.4999996E-05  0.5026667       5.950671    
  7.4999996E-05  7.5500000E-05  0.4600000       5.073943    
  7.5500000E-05  7.5999997E-05  0.4306667       6.765760    
  7.5999997E-05  7.6500000E-05  0.4186667       6.086767    
  7.6500000E-05  7.6999997E-05  0.3546667       4.843646    
  7.6999997E-05  7.7500001E-05  0.2840000       8.450705    
  7.7500001E-05  7.7999997E-05  0.2293333       7.113825    
  7.7999997E-05  7.8500001E-05  0.1960000       7.465303    
  7.8500001E-05  7.8999998E-05  0.1266667       8.671100    
  7.8999998E-05  7.9500001E-05  8.9333333E-02   16.18364    
  7.9500001E-05  7.9999998E-05  3.5999998E-02   14.54786    


 # Detector n:            3   Yield3    
 # N. of x1 intervals         160
   0.000000      5.0000000E-07   0.000000       0.000000    
  5.0000000E-07  1.0000000E-06   0.000000       0.000000    
  1.0000000E-06  1.5000001E-06   0.000000       0.000000    
  1.5000001E-06  2.0000000E-06   0.000000       0.000000    
  2.0000000E-06  2.4999999E-06   0.000000       0.000000    
  2.4999999E-06  3.0000001E-06  2.5333332E-02   22.41812    
  3.0000001E-06  3.5000000E-06  1.7333332E-02   24.84100    
  3.5000000E-06  4.0000000E-06  0.1493333       9.769110    
  4.0000000E-06  4.5000002E-06  0.5520000       3.755353    
  4.5000002E-06  4.9999999E-06   1.273333       3.541019    
  4.9999999E-06  5.5000000E-06   2.546667       3.225925    
  5.5000000E-06  6.0000002E-06   3.868000       1.454445    
  6.0000002E-06  6.4999999E-06   5.624000      0.9675123    
  6.4999999E-06  7.0000001E-06   6.918667       1.416856    
  7.0000001E-06  7.4999998E-06   8.640000       1.166193    
  7.4999998E-06  8.0000000E-06   9.660000       1.247810    
  8.0000000E-06  8.5000001E-06   17.48933      0.8875397    
  8.5000001E-06  9.0000003E-06   11.73200      0.9754466    
  9.0000003E-06  9.4999996E-06   12.37733      0.7101140    
  9.4999996E-06  9.9999997E-06   22.78267      0.7283428    
  9.9999997E-06  1.0500000E-05   9.798667       1.277533    
  1.0500000E-05  1.1000000E-05   7.605333      0.9867858    
  1.1000000E-05  1.1500000E-05   8.761333      0.9405369    
  1.1500000E-05  1.2000000E-05   7.177333       1.663920    
  1.2000000E-05  1.2500000E-05   6.278666       1.560660    
  1.2500000E-05  1.3000000E-05   6.373333       1.383761    
  1.3000000E-05  1.3500000E-05   6.633333       1.547963    
  1.3500000E-05  1.4000000E-05   6.929333       1.348168    
  1.4000000E-05  1.4500000E-05   7.025333      0.8295088    
  1.4500000E-05  1.5000000E-05   7.197333       1.170769    
  1.5000000E-05  1.5500000E-05   7.422667      0.9206555    
  1.5500000E-05  1.6000000E-05   7.706666       1.548350    
  1.6000000E-05  1.6500000E-05   7.570667       1.168957    
  1.6500000E-05  1.7000000E-05   7.536000      0.9428338    
  1.7000000E-05  1.7500000E-05   7.832000       1.242748    
  1.7500000E-05  1.8000001E-05   7.974667       1.006892    
  1.8000001E-05  1.8500001E-05   7.557333       1.169310    
  1.8500001E-05  1.8999999E-05   7.529333       1.411502    
  1.8999999E-05  1.9499999E-05   7.646667       1.170717    
  1.9499999E-05  1.9999999E-05   7.692000       1.507761    
  1.9999999E-05  2.0500000E-05   7.738667       1.169323    
  2.0500000E-05  2.1000000E-05   7.498667      0.9486952    
  2.1000000E-05  2.1500000E-05   7.700000       1.283773    
  2.1500000E-05  2.2000000E-05   7.352000      0.9800447    
  2.2000000E-05  2.2500000E-05   7.453333       1.300589    
  2.2500000E-05  2.3000001E-05   7.336000       1.205274    
  2.3000001E-05  2.3500001E-05   7.320000       1.430689    
  2.3500001E-05  2.4000001E-05   7.094666       1.401828    
  2.4000001E-05  2.4499999E-05   7.186666       1.512047    
  2.4499999E-05  2.4999999E-05   6.921333       1.269762    
  2.4999999E-05  2.5500000E-05   6.870667       1.621449    
  2.5500000E-05  2.6000000E-05   6.834667       1.165079    
  2.6000000E-05  2.6500000E-05   6.641334       1.119268    
  2.6500000E-05  2.7000000E-05   6.782667       1.425768    
  2.7000000E-05  2.7500000E-05   6.533333       1.534591    
  2.7500000E-05  2.8000000E-05   6.468000       1.415006    
  2.8000000E-05  2.8500001E-05   6.237333       1.811943    
  2.8500001E-05  2.9000001E-05   6.141334       1.721620    
  2.9000001E-05  2.9499999E-05   6.116000       1.346487    
  2.9499999E-05  2.9999999E-05   6.009333       1.347748    
  2.9999999E-05  3.0499999E-05   5.764000       1.061235    
  3.0499999E-05  3.1000000E-05   5.885334       1.166624    
  3.1000000E-05  3.1500000E-05   5.773333       1.659538    
  3.1500000E-05  3.2000000E-05   5.558667       1.516556    
  3.2000000E-05  3.2500000E-05   5.517334       1.641020    
  3.2500000E-05  3.3000000E-05   5.469333       1.110793    
  3.3000000E-05  3.3500000E-05   5.264000       1.513502    
  3.3500000E-05  3.4000001E-05   5.166667       1.236095    
  3.4000001E-05  3.4500001E-05   5.017334       1.219578    
  3.4500001E-05  3.5000001E-05   4.900000       1.555515    
  3.5000001E-05  3.5500001E-05   4.874667       1.980028    
  3.5500001E-05  3.6000001E-05   4.865334       1.266986    
  3.6000001E-05  3.6500001E-05   4.617333       1.828376    
  3.6500001E-05  3.7000002E-05   4.704000       1.700781    
  3.7000002E-05  3.7499998E-05   4.477334       1.691083    
  3.7499998E-05  3.7999998E-05   4.369333       1.975053    
  3.7999998E-05  3.8499998E-05   4.560000       1.822508    
  3.8499998E-05  3.8999999E-05   4.281333       2.472511    
  3.8999999E-05  3.9499999E-05   4.158667       1.344348    
  3.9499999E-05  3.9999999E-05   4.150667       2.475285    
  3.9999999E-05  4.0499999E-05   3.992000       2.558265    
  4.0499999E-05  4.0999999E-05   3.905333       1.827075    
  4.0999999E-05  4.1499999E-05   3.840000       1.608130    
  4.1499999E-05  4.2000000E-05   3.729333       2.166037    
  4.2000000E-05  4.2500000E-05   3.728000       1.937707    
  4.2500000E-05  4.3000000E-05   3.590667       1.755394    
  4.3000000E-05  4.3500000E-05   3.460000       2.106912    
  4.3500000E-05  4.4000000E-05   3.376000       2.553128    
  4.4000000E-05  4.4500001E-05   3.410667       1.503068    
  4.4500001E-05  4.5000001E-05   3.306667       1.565772    
  4.5000001E-05  4.5500001E-05   3.321333       1.460258    
  4.5500001E-05  4.6000001E-05   3.176000       2.345927    
  4.6000001E-05  4.6500001E-05   3.142667       1.647716    
  4.6500001E-05  4.7000001E-05   3.044000       2.065009    
  4.7000001E-05  4.7500002E-05   2.986667       2.367696    
  4.7500002E-05  4.8000002E-05   2.837333       2.013639    
  4.8000002E-05  4.8499998E-05   2.768000       2.285753    
  4.8499998E-05  4.8999998E-05   2.844000       1.451298    
  4.8999998E-05  4.9499999E-05   2.666667       1.642624    
  4.9499999E-05  4.9999999E-05   2.621333       2.823007    
  4.9999999E-05  5.0499999E-05   2.557333       1.970913    
  5.0499999E-05  5.0999999E-05   2.406667       1.643479    
  5.0999999E-05  5.1499999E-05   2.406667       2.471436    
  5.1499999E-05  5.1999999E-05   2.412000       2.459501    
  5.1999999E-05  5.2500000E-05   2.228000       2.568733    
  5.2500000E-05  5.3000000E-05   2.321333       1.782570    
  5.3000000E-05  5.3500000E-05   2.192000       2.864330    
  5.3500000E-05  5.4000000E-05   2.225333       2.277826    
  5.4000000E-05  5.4500000E-05   2.106667       2.466383    
  5.4500000E-05  5.5000000E-05   2.154667       2.376822    
  5.5000000E-05  5.5500001E-05   2.122667       1.893077    
  5.5500001E-05  5.6000001E-05   2.090667       2.881819    
  5.6000001E-05  5.6500001E-05   1.928000       3.170433    
  5.6500001E-05  5.7000001E-05   1.849333       2.113100    
  5.7000001E-05  5.7500001E-05   1.814667       3.044957    
  5.7500001E-05  5.8000001E-05   1.809333       1.801420    
  5.8000001E-05  5.8500002E-05   2.488000       1.534868    
  5.8500002E-05  5.8999998E-05   1.708000       2.585221    
  5.8999998E-05  5.9499998E-05   3.028000       1.836555    
  5.9499998E-05  5.9999998E-05   1.648000       2.824606    
  5.9999998E-05  6.0499999E-05   1.542667       3.057174    
  6.0499999E-05  6.0999999E-05   1.489333       3.028028    
  6.0999999E-05  6.1500003E-05   1.430667       3.245293    
  6.1500003E-05  6.1999999E-05   1.468000       2.832315    
  6.1999999E-05  6.2500003E-05   1.368000       3.252875    
  6.2500003E-05  6.2999999E-05   1.317333       2.868653    
  6.2999999E-05  6.3500003E-05   1.270667       2.789799    
  6.3500003E-05  6.4000000E-05   1.290667       2.982096    
  6.4000000E-05  6.4499996E-05   1.253333       2.848886    
  6.4499996E-05  6.5000000E-05   1.178667       3.371236    
  6.5000000E-05  6.5499997E-05   1.086667       4.894811    
  6.5499997E-05  6.6000001E-05   1.048000       3.847568    
  6.6000001E-05  6.6499997E-05   1.026667       4.358741    
  6.6499997E-05  6.7000001E-05  0.9400000       3.834287    
  6.7000001E-05  6.7499997E-05   1.394667       3.544476    
  6.7499997E-05  6.8000001E-05  0.9506667       3.677642    
  6.8000001E-05  6.8499998E-05  0.8440000       4.099170    
  6.8499998E-05  6.9000002E-05  0.8520000       3.992911    
  6.9000002E-05  6.9499998E-05  0.9320000       2.823686    
  6.9499998E-05  7.0000002E-05  0.7813333       3.816906    
  7.0000002E-05  7.0499998E-05  0.7546667       4.221838    
  7.0499998E-05  7.1000002E-05  0.6533333       4.924007    
  7.1000002E-05  7.1499999E-05  0.6053333       5.253464    
  7.1499999E-05  7.2000003E-05  0.5866666       4.371679    
  7.2000003E-05  7.2499999E-05  0.5600000       5.026654    
  7.2499999E-05  7.3000003E-05  0.4973333       4.772247    
  7.3000003E-05  7.3499999E-05  0.5106667       2.957266    
  7.3499999E-05  7.4000003E-05  0.3973333       4.784507    
  7.4000003E-05  7.4500000E-05  0.4440000       4.530171    
  7.4500000E-05  7.4999996E-05  0.4040000       6.503289    
  7.4999996E-05  7.5500000E-05  0.3480000       6.749015    
  7.5500000E-05  7.5999997E-05  0.3386667       7.208980    
  7.5999997E-05  7.6500000E-05  0.3133333       7.120511    
  7.6500000E-05  7.6999997E-05  0.2706667       4.883702    
  7.6999997E-05  7.7500001E-05  0.2213333       9.516765    
  7.7500001E-05  7.7999997E-05  0.1773333       9.330582    
  7.7999997E-05  7.8500001E-05  0.1373333       8.511477    
  7.8500001E-05  7.8999998E-05  9.7333334E-02   9.160102    
  7.8999998E-05  7.9500001E-05  7.1999997E-02   18.54495    
  7.9500001E-05  7.9999998E-05  3.3333331E-02   17.23783    


 # Detector n:            4   Yield4    
 # N. of x1 intervals         160
   0.000000      5.0000000E-07   0.000000       0.000000    
  5.0000000E-07  1.0000000E-06   0.000000       0.000000    
  1.0000000E-06  1.5000001E-06  2.0000000E-02   27.60262    
  1.5000001E-06  2.0000000E-06   0.000000       0.000000    
  2.0000000E-06  2.4999999E-06   0.000000       0.000000    
  2.4999999E-06  3.0000001E-06   0.000000       0.000000    
  3.0000001E-06  3.5000000E-06   0.000000       0.000000    
  3.5000000E-06  4.0000000E-06   0.000000       0.000000    
  4.0000000E-06  4.5000002E-06   0.000000       0.000000    
  4.5000002E-06  4.9999999E-06   0.000000       0.000000    
  4.9999999E-06  5.5000000E-06   0.000000       0.000000    
  5.5000000E-06  6.0000002E-06   0.000000       0.000000    
  6.0000002E-06  6.4999999E-06   0.000000       0.000000    
  6.4999999E-06  7.0000001E-06   0.000000       0.000000    
  7.0000001E-06  7.4999998E-06  1.3333333E-03   99.00000    
  7.4999998E-06  8.0000000E-06  3.9999997E-03   53.45225    
  8.0000000E-06  8.5000001E-06  2.7999999E-02   19.46815    
  8.5000001E-06  9.0000003E-06  5.5999998E-02   15.27207    
  9.0000003E-06  9.4999996E-06  0.1346667       9.772862    
  9.4999996E-06  9.9999997E-06  0.4693334       6.793618    
  9.9999997E-06  1.0500000E-05  0.3346667       6.347767    
  1.0500000E-05  1.1000000E-05  0.4360000       7.207196    
  1.1000000E-05  1.1500000E-05  0.7080000       4.991219    
  1.1500000E-05  1.2000000E-05  0.7786667       3.513405    
  1.2000000E-05  1.2500000E-05  0.8746666       3.635781    
  1.2500000E-05  1.3000000E-05   1.170667       1.964722    
  1.3000000E-05  1.3500000E-05   1.333333       3.152097    
  1.3500000E-05  1.4000000E-05   1.756000       2.810148    
  1.4000000E-05  1.4500000E-05   1.956000       3.235260    
  1.4500000E-05  1.5000000E-05   2.432000       2.135144    
  1.5000000E-05  1.5500000E-05   2.698667       1.707637    
  1.5500000E-05  1.6000000E-05   3.006667       2.657320    
  1.6000000E-05  1.6500000E-05   3.245333       2.086378    
  1.6500000E-05  1.7000000E-05   3.561333       1.567918    
  1.7000000E-05  1.7500000E-05   3.862667       1.624727    
  1.7500000E-05  1.8000001E-05   4.233334       1.309484    
  1.8000001E-05  1.8500001E-05   4.192000       1.720080    
  1.8500001E-05  1.8999999E-05   4.354667       1.814259    
  1.8999999E-05  1.9499999E-05   4.637333       1.959672    
  1.9499999E-05  1.9999999E-05   4.804000       1.876058    
  1.9999999E-05  2.0500000E-05   5.034667       1.401780    
  2.0500000E-05  2.1000000E-05   4.985333       1.333698    
  2.1000000E-05  2.1500000E-05   5.373333       1.263874    
  2.1500000E-05  2.2000000E-05   5.254667       1.530801    
  2.2000000E-05  2.2500000E-05   5.420000       1.224376    
  2.2500000E-05  2.3000001E-05   5.425333       1.084932    
  2.3000001E-05  2.3500001E-05   5.516000       1.680738    
  2.3500001E-05  2.4000001E-05   5.496000       1.781045    
  2.4000001E-05  2.4499999E-05   5.604000       1.714478    
  2.4499999E-05  2.4999999E-05   5.476000       1.477866    
  2.4999999E-05  2.5500000E-05   5.584000       1.638791    
  2.5500000E-05  2.6000000E-05   5.498667       1.306840    
  2.6000000E-05  2.6500000E-05   5.448000       1.173431    
  2.6500000E-05  2.7000000E-05   5.641333       1.536981    
  2.7000000E-05  2.7500000E-05   5.445333       1.753576    
  2.7500000E-05  2.8000000E-05   5.378667       1.334023    
  2.8000000E-05  2.8500001E-05   5.305333       2.135201    
  2.8500001E-05  2.9000001E-05   5.281333       2.075982    
  2.9000001E-05  2.9499999E-05   5.256000       1.456892    
  2.9499999E-05  2.9999999E-05   5.226666       1.500555    
  2.9999999E-05  3.0499999E-05   5.049334       1.097319    
  3.0499999E-05  3.1000000E-05   5.222667       1.184080    
  3.1000000E-05  3.1500000E-05   5.206666       1.695895    
  3.1500000E-05  3.2000000E-05   4.949333       1.567965    
  3.2000000E-05  3.2500000E-05   4.926667       1.673166    
  3.2500000E-05  3.3000000E-05   4.900000       1.058380    
  3.3000000E-05  3.3500000E-05   4.726666       1.588409    
  3.3500000E-05  3.4000001E-05   4.680000       1.344950    
  3.4000001E-05  3.4500001E-05   4.561333       1.103841    
  3.4500001E-05  3.5000001E-05   4.497334       1.660470    
  3.5000001E-05  3.5500001E-05   4.482666       2.289475    
  3.5500001E-05  3.6000001E-05   4.490667       1.359835    
  3.6000001E-05  3.6500001E-05   4.208000       1.852306    
  3.6500001E-05  3.7000002E-05   4.384000       1.768106    
  3.7000002E-05  3.7499998E-05   4.156000       2.008037    
  3.7499998E-05  3.7999998E-05   4.088000       2.124394    
  3.7999998E-05  3.8499998E-05   4.230667       2.086725    
  3.8499998E-05  3.8999999E-05   3.981333       2.652031    
  3.8999999E-05  3.9499999E-05   3.909333       1.436524    
  3.9499999E-05  3.9999999E-05   3.933333       2.396116    
  3.9999999E-05  4.0499999E-05   3.772000       2.772459    
  4.0499999E-05  4.0999999E-05   3.728000       2.012645    
  4.0999999E-05  4.1499999E-05   3.614667       1.622119    
  4.1499999E-05  4.2000000E-05   3.537333       2.253409    
  4.2000000E-05  4.2500000E-05   3.533333       2.074001    
  4.2500000E-05  4.3000000E-05   3.420000       1.776524    
  4.3000000E-05  4.3500000E-05   3.297333       2.027201    
  4.3500000E-05  4.4000000E-05   3.236000       2.357083    
  4.4000000E-05  4.4500001E-05   3.256000       1.567987    
  4.4500001E-05  4.5000001E-05   3.137333       1.400624    
  4.5000001E-05  4.5500001E-05   3.160000       1.981326    
  4.5500001E-05  4.6000001E-05   3.024000       2.337158    
  4.6000001E-05  4.6500001E-05   3.001333       1.872926    
  4.6500001E-05  4.7000001E-05   2.925333       2.238341    
  4.7000001E-05  4.7500002E-05   2.854667       2.536663    
  4.7500002E-05  4.8000002E-05   2.724000       2.116101    
  4.8000002E-05  4.8499998E-05   2.666667       2.349772    
  4.8499998E-05  4.8999998E-05   2.726667       1.334704    
  4.8999998E-05  4.9499999E-05   2.568000       1.964100    
  4.9499999E-05  4.9999999E-05   2.514667       2.997517    
  4.9999999E-05  5.0499999E-05   2.477333       2.129953    
  5.0499999E-05  5.0999999E-05   2.310667       1.726700    
  5.0999999E-05  5.1499999E-05   2.346667       2.245166    
  5.1499999E-05  5.1999999E-05   2.340000       2.653443    
  5.1999999E-05  5.2500000E-05   2.178667       2.744442    
  5.2500000E-05  5.3000000E-05   2.226667       2.106778    
  5.3000000E-05  5.3500000E-05   2.126667       2.879921    
  5.3500000E-05  5.4000000E-05   2.176000       2.540492    
  5.4000000E-05  5.4500000E-05   2.029333       2.474385    
  5.4500000E-05  5.5000000E-05   2.101333       2.463555    
  5.5000000E-05  5.5500001E-05   2.078667       1.897705    
  5.5500001E-05  5.6000001E-05   2.044000       2.757970    
  5.6000001E-05  5.6500001E-05   1.880000       3.181342    
  5.6500001E-05  5.7000001E-05   1.806667       2.028801    
  5.7000001E-05  5.7500001E-05   1.780000       2.994917    
  5.7500001E-05  5.8000001E-05   1.758667       1.684829    
  5.8000001E-05  5.8500002E-05   2.401333       1.566544    
  5.8500002E-05  5.8999998E-05   1.666667       2.748090    
  5.8999998E-05  5.9499998E-05   2.941333       1.885617    
  5.9499998E-05  5.9999998E-05   1.614667       2.671591    
  5.9999998E-05  6.0499999E-05   1.497333       3.037131    
  6.0499999E-05  6.0999999E-05   1.457333       3.097414    
  6.0999999E-05  6.1500003E-05   1.392000       3.266751    
  6.1500003E-05  6.1999999E-05   1.424000       2.981588    
  6.1999999E-05  6.2500003E-05   1.328000       3.492888    
  6.2500003E-05  6.2999999E-05   1.293333       2.659942    
  6.2999999E-05  6.3500003E-05   1.233333       2.707332    
  6.3500003E-05  6.4000000E-05   1.262667       2.891332    
  6.4000000E-05  6.4499996E-05   1.222667       3.045078    
  6.4499996E-05  6.5000000E-05   1.158667       3.433563    
  6.5000000E-05  6.5499997E-05   1.053333       4.722966    
  6.5499997E-05  6.6000001E-05   1.033333       3.996431    
  6.6000001E-05  6.6499997E-05   1.001333       4.442583    
  6.6499997E-05  6.7000001E-05  0.9240000       4.036721    
  6.7000001E-05  6.7499997E-05   1.365333       3.712590    
  6.7499997E-05  6.8000001E-05  0.9280000       3.677952    
  6.8000001E-05  6.8499998E-05  0.8306667       4.055267    
  6.8499998E-05  6.9000002E-05  0.8346667       4.086996    
  6.9000002E-05  6.9499998E-05  0.9013333       2.454399    
  6.9499998E-05  7.0000002E-05  0.7573333       4.130495    
  7.0000002E-05  7.0499998E-05  0.7346666       4.196152    
  7.0499998E-05  7.1000002E-05  0.6386667       4.846200    
  7.1000002E-05  7.1499999E-05  0.6026667       5.230792    
  7.1499999E-05  7.2000003E-05  0.5813333       4.859231    
  7.2000003E-05  7.2499999E-05  0.5400000       4.995262    
  7.2499999E-05  7.3000003E-05  0.4773333       4.835826    
  7.3000003E-05  7.3499999E-05  0.4960000       3.078431    
  7.3499999E-05  7.4000003E-05  0.3920000       5.145587    
  7.4000003E-05  7.4500000E-05  0.4293333       4.765119    
  7.4500000E-05  7.4999996E-05  0.3946667       6.680311    
  7.4999996E-05  7.5500000E-05  0.3400000       6.366621    
  7.5500000E-05  7.5999997E-05  0.3306667       6.980749    
  7.5999997E-05  7.6500000E-05  0.3000000       7.417982    
  7.6500000E-05  7.6999997E-05  0.2693333       4.632654    
  7.6999997E-05  7.7500001E-05  0.2213333       9.516765    
  7.7500001E-05  7.7999997E-05  0.1746667       9.577904    
  7.7999997E-05  7.8500001E-05  0.1360000       8.392851    
  7.8500001E-05  7.8999998E-05  9.4666667E-02   8.859976    
  7.8999998E-05  7.9500001E-05  6.7999996E-02   18.77796    
  7.9500001E-05  7.9999998E-05  3.3333331E-02   17.23783    


 # Detector n:            5   Yield5    
 # N. of x1 intervals         160
   0.000000      5.0000000E-07   0.000000       0.000000    
  5.0000000E-07  1.0000000E-06   0.000000       0.000000    
  1.0000000E-06  1.5000001E-06  2.0000000E-02   27.60262    
  1.5000001E-06  2.0000000E-06   0.000000       0.000000    
  2.0000000E-06  2.4999999E-06   0.000000       0.000000    
  2.4999999E-06  3.0000001E-06   0.000000       0.000000    
  3.0000001E-06  3.5000000E-06   0.000000       0.000000    
  3.5000000E-06  4.0000000E-06   0.000000       0.000000    
  4.0000000E-06  4.5000002E-06   0.000000       0.000000    
  4.5000002E-06  4.9999999E-06   0.000000       0.000000    
  4.9999999E-06  5.5000000E-06   0.000000       0.000000    
  5.5000000E-06  6.0000002E-06   0.000000       0.000000    
  6.0000002E-06  6.4999999E-06   0.000000       0.000000    
  6.4999999E-06  7.0000001E-06   0.000000       0.000000    
  7.0000001E-06  7.4999998E-06  1.3333333E-03   99.00000    
  7.4999998E-06  8.0000000E-06  3.9999997E-03   53.45225    
  8.0000000E-06  8.5000001E-06  2.7999999E-02   19.46815    
  8.5000001E-06  9.0000003E-06  5.5999998E-02   15.27207    
  9.0000003E-06  9.4999996E-06  0.1346667       9.772862    
  9.4999996E-06  9.9999997E-06  0.4693334       6.793618    
  9.9999997E-06  1.0500000E-05  0.3346667       6.347767    
  1.0500000E-05  1.1000000E-05  0.4360000       7.207196    
  1.1000000E-05  1.1500000E-05  0.7080000       4.991219    
  1.1500000E-05  1.2000000E-05  0.7786667       3.513405    
  1.2000000E-05  1.2500000E-05  0.8746666       3.635781    
  1.2500000E-05  1.3000000E-05   1.170667       1.964722    
  1.3000000E-05  1.3500000E-05   1.333333       3.152097    
  1.3500000E-05  1.4000000E-05   1.756000       2.810148    
  1.4000000E-05  1.4500000E-05   1.956000       3.235260    
  1.4500000E-05  1.5000000E-05   2.432000       2.135144    
  1.5000000E-05  1.5500000E-05   2.697333       1.707561    
  1.5500000E-05  1.6000000E-05   3.006667       2.657320    
  1.6000000E-05  1.6500000E-05   3.245333       2.086378    
  1.6500000E-05  1.7000000E-05   3.561333       1.567918    
  1.7000000E-05  1.7500000E-05   3.862667       1.624727    
  1.7500000E-05  1.8000001E-05   4.232000       1.302677    
  1.8000001E-05  1.8500001E-05   4.192000       1.720080    
  1.8500001E-05  1.8999999E-05   4.354667       1.814259    
  1.8999999E-05  1.9499999E-05   4.637333       1.959672    
  1.9499999E-05  1.9999999E-05   4.804000       1.876058    
  1.9999999E-05  2.0500000E-05   5.034667       1.401780    
  2.0500000E-05  2.1000000E-05   4.984000       1.334476    
  2.1000000E-05  2.1500000E-05   5.372000       1.271026    
  2.1500000E-05  2.2000000E-05   5.253333       1.529024    
  2.2000000E-05  2.2500000E-05   5.417333       1.223848    
  2.2500000E-05  2.3000001E-05   5.424000       1.077254    
  2.3000001E-05  2.3500001E-05   5.516000       1.680738    
  2.3500001E-05  2.4000001E-05   5.494667       1.787934    
  2.4000001E-05  2.4499999E-05   5.602667       1.724296    
  2.4499999E-05  2.4999999E-05   5.476000       1.477866    
  2.4999999E-05  2.5500000E-05   5.584000       1.638791    
  2.5500000E-05  2.6000000E-05   5.497334       1.323163    
  2.6000000E-05  2.6500000E-05   5.446667       1.170358    
  2.6500000E-05  2.7000000E-05   5.641333       1.536981    
  2.7000000E-05  2.7500000E-05   5.445333       1.753576    
  2.7500000E-05  2.8000000E-05   5.378667       1.334023    
  2.8000000E-05  2.8500001E-05   5.304000       2.140403    
  2.8500001E-05  2.9000001E-05   5.281333       2.075982    
  2.9000001E-05  2.9499999E-05   5.256000       1.456892    
  2.9499999E-05  2.9999999E-05   5.226666       1.500555    
  2.9999999E-05  3.0499999E-05   5.046667       1.086807    
  3.0499999E-05  3.1000000E-05   5.221334       1.194720    
  3.1000000E-05  3.1500000E-05   5.206666       1.695895    
  3.1500000E-05  3.2000000E-05   4.948000       1.566368    
  3.2000000E-05  3.2500000E-05   4.926667       1.673166    
  3.2500000E-05  3.3000000E-05   4.897333       1.055852    
  3.3000000E-05  3.3500000E-05   4.725333       1.589287    
  3.3500000E-05  3.4000001E-05   4.677333       1.346924    
  3.4000001E-05  3.4500001E-05   4.560000       1.094610    
  3.4500001E-05  3.5000001E-05   4.497334       1.660470    
  3.5000001E-05  3.5500001E-05   4.481333       2.299085    
  3.5500001E-05  3.6000001E-05   4.489333       1.356064    
  3.6000001E-05  3.6500001E-05   4.208000       1.852306    
  3.6500001E-05  3.7000002E-05   4.384000       1.768106    
  3.7000002E-05  3.7499998E-05   4.153333       2.018902    
  3.7499998E-05  3.7999998E-05   4.088000       2.124394    
  3.7999998E-05  3.8499998E-05   4.230667       2.086725    
  3.8499998E-05  3.8999999E-05   3.980000       2.645900    
  3.8999999E-05  3.9499999E-05   3.909333       1.436524    
  3.9499999E-05  3.9999999E-05   3.932000       2.393396    
  3.9999999E-05  4.0499999E-05   3.772000       2.772459    
  4.0499999E-05  4.0999999E-05   3.728000       2.012645    
  4.0999999E-05  4.1499999E-05   3.614667       1.622119    
  4.1499999E-05  4.2000000E-05   3.537333       2.253409    
  4.2000000E-05  4.2500000E-05   3.533333       2.074001    
  4.2500000E-05  4.3000000E-05   3.418667       1.773974    
  4.3000000E-05  4.3500000E-05   3.297333       2.027201    
  4.3500000E-05  4.4000000E-05   3.236000       2.357083    
  4.4000000E-05  4.4500001E-05   3.256000       1.567987    
  4.4500001E-05  4.5000001E-05   3.137333       1.400624    
  4.5000001E-05  4.5500001E-05   3.160000       1.981326    
  4.5500001E-05  4.6000001E-05   3.022667       2.352116    
  4.6000001E-05  4.6500001E-05   3.001333       1.872926    
  4.6500001E-05  4.7000001E-05   2.925333       2.238341    
  4.7000001E-05  4.7500002E-05   2.854667       2.536663    
  4.7500002E-05  4.8000002E-05   2.722667       2.084932    
  4.8000002E-05  4.8499998E-05   2.666667       2.349772    
  4.8499998E-05  4.8999998E-05   2.726667       1.334704    
  4.8999998E-05  4.9499999E-05   2.568000       1.964100    
  4.9499999E-05  4.9999999E-05   2.514667       2.997517    
  4.9999999E-05  5.0499999E-05   2.477333       2.129953    
  5.0499999E-05  5.0999999E-05   2.310667       1.726700    
  5.0999999E-05  5.1499999E-05   2.345333       2.255365    
  5.1499999E-05  5.1999999E-05   2.338667       2.667345    
  5.1999999E-05  5.2500000E-05   2.178667       2.744442    
  5.2500000E-05  5.3000000E-05   2.225333       2.102194    
  5.3000000E-05  5.3500000E-05   2.126667       2.879921    
  5.3500000E-05  5.4000000E-05   2.176000       2.540492    
  5.4000000E-05  5.4500000E-05   2.029333       2.474385    
  5.4500000E-05  5.5000000E-05   2.101333       2.463555    
  5.5000000E-05  5.5500001E-05   2.078667       1.897705    
  5.5500001E-05  5.6000001E-05   2.044000       2.757970    
  5.6000001E-05  5.6500001E-05   1.880000       3.181342    
  5.6500001E-05  5.7000001E-05   1.806667       2.028801    
  5.7000001E-05  5.7500001E-05   1.780000       2.994917    
  5.7500001E-05  5.8000001E-05   1.758667       1.684829    
  5.8000001E-05  5.8500002E-05   2.401333       1.566544    
  5.8500002E-05  5.8999998E-05   1.666667       2.748090    
  5.8999998E-05  5.9499998E-05   2.941333       1.885617    
  5.9499998E-05  5.9999998E-05   1.614667       2.671591    
  5.9999998E-05  6.0499999E-05   1.497333       3.037131    
  6.0499999E-05  6.0999999E-05   1.456000       3.135790    
  6.0999999E-05  6.1500003E-05   1.392000       3.266751    
  6.1500003E-05  6.1999999E-05   1.424000       2.981588    
  6.1999999E-05  6.2500003E-05   1.328000       3.492888    
  6.2500003E-05  6.2999999E-05   1.293333       2.659942    
  6.2999999E-05  6.3500003E-05   1.233333       2.707332    
  6.3500003E-05  6.4000000E-05   1.262667       2.891332    
  6.4000000E-05  6.4499996E-05   1.222667       3.045078    
  6.4499996E-05  6.5000000E-05   1.158667       3.433563    
  6.5000000E-05  6.5499997E-05   1.053333       4.722966    
  6.5499997E-05  6.6000001E-05   1.033333       3.996431    
  6.6000001E-05  6.6499997E-05   1.001333       4.442583    
  6.6499997E-05  6.7000001E-05  0.9213333       4.016501    
  6.7000001E-05  6.7499997E-05   1.365333       3.712590    
  6.7499997E-05  6.8000001E-05  0.9280000       3.677952    
  6.8000001E-05  6.8499998E-05  0.8306667       4.055267    
  6.8499998E-05  6.9000002E-05  0.8346667       4.086996    
  6.9000002E-05  6.9499998E-05  0.9013333       2.454399    
  6.9499998E-05  7.0000002E-05  0.7573333       4.130495    
  7.0000002E-05  7.0499998E-05  0.7346666       4.196152    
  7.0499998E-05  7.1000002E-05  0.6386667       4.846200    
  7.1000002E-05  7.1499999E-05  0.6026667       5.230792    
  7.1499999E-05  7.2000003E-05  0.5813333       4.859231    
  7.2000003E-05  7.2499999E-05  0.5400000       4.995262    
  7.2499999E-05  7.3000003E-05  0.4773333       4.835826    
  7.3000003E-05  7.3499999E-05  0.4960000       3.078431    
  7.3499999E-05  7.4000003E-05  0.3920000       5.145587    
  7.4000003E-05  7.4500000E-05  0.4293333       4.765119    
  7.4500000E-05  7.4999996E-05  0.3946667       6.680311    
  7.4999996E-05  7.5500000E-05  0.3400000       6.366621    
  7.5500000E-05  7.5999997E-05  0.3306667       6.980749    
  7.5999997E-05  7.6500000E-05  0.3000000       7.417982    
  7.6500000E-05  7.6999997E-05  0.2693333       4.632654    
  7.6999997E-05  7.7500001E-05  0.2213333       9.516765    
  7.7500001E-05  7.7999997E-05  0.1746667       9.577904    
  7.7999997E-05  7.8500001E-05  0.1360000       8.392851    
  7.8500001E-05  7.8999998E-05  9.4666667E-02   8.859976    
  7.8999998E-05  7.9500001E-05  6.7999996E-02   18.77796    
  7.9500001E-05  7.9999998E-05  3.3333331E-02   17.23783    


 # Detector n:            6   Yield6    
 # N. of x1 intervals         160
   0.000000      5.0000000E-07   0.000000       0.000000    
  5.0000000E-07  1.0000000E-06   0.000000       0.000000    
  1.0000000E-06  1.5000001E-06  1.5999999E-02   27.81743    
  1.5000001E-06  2.0000000E-06   0.000000       0.000000    
  2.0000000E-06  2.4999999E-06   0.000000       0.000000    
  2.4999999E-06  3.0000001E-06   0.000000       0.000000    
  3.0000001E-06  3.5000000E-06   0.000000       0.000000    
  3.5000000E-06  4.0000000E-06   0.000000       0.000000    
  4.0000000E-06  4.5000002E-06   0.000000       0.000000    
  4.5000002E-06  4.9999999E-06   0.000000       0.000000    
  4.9999999E-06  5.5000000E-06   0.000000       0.000000    
  5.5000000E-06  6.0000002E-06   0.000000       0.000000    
  6.0000002E-06  6.4999999E-06   0.000000       0.000000    
  6.4999999E-06  7.0000001E-06   0.000000       0.000000    
  7.0000001E-06  7.4999998E-06  1.3333333E-03   99.00000    
  7.4999998E-06  8.0000000E-06  3.9999997E-03   53.45225    
  8.0000000E-06  8.5000001E-06  2.7999999E-02   19.46815    
  8.5000001E-06  9.0000003E-06  5.5999998E-02   15.27207    
  9.0000003E-06  9.4999996E-06  0.1346667       9.772862    
  9.4999996E-06  9.9999997E-06  0.4693334       6.793618    
  9.9999997E-06  1.0500000E-05  0.3333333       6.485148    
  1.0500000E-05  1.1000000E-05  0.4360000       7.207196    
  1.1000000E-05  1.1500000E-05  0.7080000       4.991219    
  1.1500000E-05  1.2000000E-05  0.7786667       3.513405    
  1.2000000E-05  1.2500000E-05  0.8733333       3.649553    
  1.2500000E-05  1.3000000E-05   1.170667       1.964722    
  1.3000000E-05  1.3500000E-05   1.333333       3.152097    
  1.3500000E-05  1.4000000E-05   1.754667       2.819461    
  1.4000000E-05  1.4500000E-05   1.953333       3.238855    
  1.4500000E-05  1.5000000E-05   2.429333       2.119392    
  1.5000000E-05  1.5500000E-05   2.696000       1.705847    
  1.5500000E-05  1.6000000E-05   3.006667       2.657320    
  1.6000000E-05  1.6500000E-05   3.242667       2.092774    
  1.6500000E-05  1.7000000E-05   3.560000       1.577613    
  1.7000000E-05  1.7500000E-05   3.861333       1.618671    
  1.7500000E-05  1.8000001E-05   4.232000       1.302677    
  1.8000001E-05  1.8500001E-05   4.189333       1.716165    
  1.8500001E-05  1.8999999E-05   4.352000       1.807227    
  1.8999999E-05  1.9499999E-05   4.636000       1.961742    
  1.9499999E-05  1.9999999E-05   4.801333       1.889502    
  1.9999999E-05  2.0500000E-05   5.029334       1.420547    
  2.0500000E-05  2.1000000E-05   4.984000       1.334476    
  2.1000000E-05  2.1500000E-05   5.370667       1.268777    
  2.1500000E-05  2.2000000E-05   5.250667       1.536201    
  2.2000000E-05  2.2500000E-05   5.417333       1.223848    
  2.2500000E-05  2.3000001E-05   5.422667       1.081519    
  2.3000001E-05  2.3500001E-05   5.512000       1.689618    
  2.3500001E-05  2.4000001E-05   5.492000       1.776877    
  2.4000001E-05  2.4499999E-05   5.601333       1.725270    
  2.4499999E-05  2.4999999E-05   5.476000       1.477866    
  2.4999999E-05  2.5500000E-05   5.581333       1.632947    
  2.5500000E-05  2.6000000E-05   5.492000       1.325846    
  2.6000000E-05  2.6500000E-05   5.444000       1.165173    
  2.6500000E-05  2.7000000E-05   5.640000       1.528569    
  2.7000000E-05  2.7500000E-05   5.445333       1.753576    
  2.7500000E-05  2.8000000E-05   5.377333       1.328119    
  2.8000000E-05  2.8500001E-05   5.301333       2.126001    
  2.8500001E-05  2.9000001E-05   5.277333       2.077687    
  2.9000001E-05  2.9499999E-05   5.253334       1.457853    
  2.9499999E-05  2.9999999E-05   5.220000       1.504486    
  2.9999999E-05  3.0499999E-05   5.042667       1.090558    
  3.0499999E-05  3.1000000E-05   5.217333       1.215026    
  3.1000000E-05  3.1500000E-05   5.206666       1.695895    
  3.1500000E-05  3.2000000E-05   4.945333       1.566550    
  3.2000000E-05  3.2500000E-05   4.924000       1.686478    
  3.2500000E-05  3.3000000E-05   4.897333       1.055852    
  3.3000000E-05  3.3500000E-05   4.724000       1.586367    
  3.3500000E-05  3.4000001E-05   4.673333       1.349887    
  3.4000001E-05  3.4500001E-05   4.558667       1.086077    
  3.4500001E-05  3.5000001E-05   4.496000       1.648625    
  3.5000001E-05  3.5500001E-05   4.480000       2.293791    
  3.5500001E-05  3.6000001E-05   4.489333       1.356064    
  3.6000001E-05  3.6500001E-05   4.205333       1.853868    
  3.6500001E-05  3.7000002E-05   4.384000       1.768106    
  3.7000002E-05  3.7499998E-05   4.152000       2.016338    
  3.7499998E-05  3.7999998E-05   4.086667       2.130911    
  3.7999998E-05  3.8499998E-05   4.230667       2.086725    
  3.8499998E-05  3.8999999E-05   3.978667       2.640171    
  3.8999999E-05  3.9499999E-05   3.905333       1.436779    
  3.9499999E-05  3.9999999E-05   3.930667       2.399386    
  3.9999999E-05  4.0499999E-05   3.772000       2.772459    
  4.0499999E-05  4.0999999E-05   3.725333       1.996748    
  4.0999999E-05  4.1499999E-05   3.609333       1.668386    
  4.1499999E-05  4.2000000E-05   3.536000       2.277343    
  4.2000000E-05  4.2500000E-05   3.533333       2.074001    
  4.2500000E-05  4.3000000E-05   3.414667       1.790708    
  4.3000000E-05  4.3500000E-05   3.297333       2.027201    
  4.3500000E-05  4.4000000E-05   3.237333       2.338821    
  4.4000000E-05  4.4500001E-05   3.253333       1.550196    
  4.4500001E-05  4.5000001E-05   3.137333       1.400624    
  4.5000001E-05  4.5500001E-05   3.160000       1.981326    
  4.5500001E-05  4.6000001E-05   3.022667       2.352116    
  4.6000001E-05  4.6500001E-05   3.001333       1.872926    
  4.6500001E-05  4.7000001E-05   2.924000       2.227125    
  4.7000001E-05  4.7500002E-05   2.854667       2.536663    
  4.7500002E-05  4.8000002E-05   2.720000       2.076009    
  4.8000002E-05  4.8499998E-05   2.665333       2.319719    
  4.8499998E-05  4.8999998E-05   2.725333       1.315622    
  4.8999998E-05  4.9499999E-05   2.568000       1.964100    
  4.9499999E-05  4.9999999E-05   2.514667       2.997517    
  4.9999999E-05  5.0499999E-05   2.474667       2.143305    
  5.0499999E-05  5.0999999E-05   2.309333       1.740057    
  5.0999999E-05  5.1499999E-05   2.345333       2.255365    
  5.1499999E-05  5.1999999E-05   2.338667       2.667345    
  5.1999999E-05  5.2500000E-05   2.178667       2.744442    
  5.2500000E-05  5.3000000E-05   2.224000       2.095628    
  5.3000000E-05  5.3500000E-05   2.126667       2.879921    
  5.3500000E-05  5.4000000E-05   2.174667       2.526580    
  5.4000000E-05  5.4500000E-05   2.029333       2.474385    
  5.4500000E-05  5.5000000E-05   2.100000       2.464301    
  5.5000000E-05  5.5500001E-05   2.078667       1.897705    
  5.5500001E-05  5.6000001E-05   2.040000       2.794343    
  5.6000001E-05  5.6500001E-05   1.878667       3.187778    
  5.6500001E-05  5.7000001E-05   1.806667       2.028801    
  5.7000001E-05  5.7500001E-05   1.780000       2.994917    
  5.7500001E-05  5.8000001E-05   1.758667       1.684829    
  5.8000001E-05  5.8500002E-05   2.401333       1.566544    
  5.8500002E-05  5.8999998E-05   1.665333       2.742287    
  5.8999998E-05  5.9499998E-05   2.940000       1.889429    
  5.9499998E-05  5.9999998E-05   1.613333       2.666124    
  5.9999998E-05  6.0499999E-05   1.496000       2.989965    
  6.0499999E-05  6.0999999E-05   1.454667       3.130816    
  6.0999999E-05  6.1500003E-05   1.392000       3.266751    
  6.1500003E-05  6.1999999E-05   1.424000       2.981588    
  6.1999999E-05  6.2500003E-05   1.328000       3.492888    
  6.2500003E-05  6.2999999E-05   1.293333       2.659942    
  6.2999999E-05  6.3500003E-05   1.233333       2.707332    
  6.3500003E-05  6.4000000E-05   1.262667       2.891332    
  6.4000000E-05  6.4499996E-05   1.221333       3.034127    
  6.4499996E-05  6.5000000E-05   1.157333       3.443305    
  6.5000000E-05  6.5499997E-05   1.053333       4.722966    
  6.5499997E-05  6.6000001E-05   1.033333       3.996431    
  6.6000001E-05  6.6499997E-05   1.000000       4.446507    
  6.6499997E-05  6.7000001E-05  0.9200000       4.042042    
  6.7000001E-05  6.7499997E-05   1.365333       3.712590    
  6.7499997E-05  6.8000001E-05  0.9280000       3.677952    
  6.8000001E-05  6.8499998E-05  0.8306667       4.055267    
  6.8499998E-05  6.9000002E-05  0.8346667       4.086996    
  6.9000002E-05  6.9499998E-05  0.9013333       2.454399    
  6.9499998E-05  7.0000002E-05  0.7573333       4.130495    
  7.0000002E-05  7.0499998E-05  0.7346666       4.196152    
  7.0499998E-05  7.1000002E-05  0.6386667       4.846200    
  7.1000002E-05  7.1499999E-05  0.6026667       5.230792    
  7.1499999E-05  7.2000003E-05  0.5813333       4.859231    
  7.2000003E-05  7.2499999E-05  0.5400000       4.995262    
  7.2499999E-05  7.3000003E-05  0.4773333       4.835826    
  7.3000003E-05  7.3499999E-05  0.4960000       3.078431    
  7.3499999E-05  7.4000003E-05  0.3920000       5.145587    
  7.4000003E-05  7.4500000E-05  0.4293333       4.765119    
  7.4500000E-05  7.4999996E-05  0.3946667       6.680311    
  7.4999996E-05  7.5500000E-05  0.3400000       6.366621    
  7.5500000E-05  7.5999997E-05  0.3306667       6.980749    
  7.5999997E-05  7.6500000E-05  0.3000000       7.417982    
  7.6500000E-05  7.6999997E-05  0.2693333       4.632654    
  7.6999997E-05  7.7500001E-05  0.2213333       9.516765    
  7.7500001E-05  7.7999997E-05  0.1733333       9.664709    
  7.7999997E-05  7.8500001E-05  0.1360000       8.392851    
  7.8500001E-05  7.8999998E-05  9.4666667E-02   8.859976    
  7.8999998E-05  7.9500001E-05  6.7999996E-02   18.77796    
  7.9500001E-05  7.9999998E-05  3.3333331E-02   17.23783    


 # Detector n:            7   Yield7    
 # N. of x1 intervals         160
   0.000000      5.0000000E-07   0.000000       0.000000    
  5.0000000E-07  1.0000000E-06   0.000000       0.000000    
  1.0000000E-06  1.5000001E-06   0.000000       0.000000    
  1.5000001E-06  2.0000000E-06   0.000000       0.000000    
  2.0000000E-06  2.4999999E-06   0.000000       0.000000    
  2.4999999E-06  3.0000001E-06  3.9999997E-03   53.45225    
  3.0000001E-06  3.5000000E-06   0.000000       0.000000    
  3.5000000E-06  4.0000000E-06   0.000000       0.000000    
  4.0000000E-06  4.5000002E-06   0.000000       0.000000    
  4.5000002E-06  4.9999999E-06   0.000000       0.000000    
  4.9999999E-06  5.5000000E-06   0.000000       0.000000    
  5.5000000E-06  6.0000002E-06   0.000000       0.000000    
  6.0000002E-06  6.4999999E-06   0.000000       0.000000    
  6.4999999E-06  7.0000001E-06   0.000000       0.000000    
  7.0000001E-06  7.4999998E-06  1.3333333E-03   99.00000    
  7.4999998E-06  8.0000000E-06  3.9999997E-03   53.45225    
  8.0000000E-06  8.5000001E-06  2.0000000E-02   23.90457    
  8.5000001E-06  9.0000003E-06  4.5333333E-02   20.85659    
  9.0000003E-06  9.4999996E-06  0.1053333       10.39429    
  9.4999996E-06  9.9999997E-06  0.3853333       6.842117    
  9.9999997E-06  1.0500000E-05  0.2680000       7.015757    
  1.0500000E-05  1.1000000E-05  0.3733333       7.991659    
  1.1000000E-05  1.1500000E-05  0.6013333       6.110936    
  1.1500000E-05  1.2000000E-05  0.6760000       4.196001    
  1.2000000E-05  1.2500000E-05  0.7506667       3.675855    
  1.2500000E-05  1.3000000E-05   1.025333       2.207382    
  1.3000000E-05  1.3500000E-05   1.198667       3.082913    
  1.3500000E-05  1.4000000E-05   1.549333       2.996730    
  1.4000000E-05  1.4500000E-05   1.740000       3.034881    
  1.4500000E-05  1.5000000E-05   2.208000       2.308154    
  1.5000000E-05  1.5500000E-05   2.454667       1.865556    
  1.5500000E-05  1.6000000E-05   2.753333       2.894884    
  1.6000000E-05  1.6500000E-05   2.986667       2.173005    
  1.6500000E-05  1.7000000E-05   3.308000       1.464164    
  1.7000000E-05  1.7500000E-05   3.597333       1.736954    
  1.7500000E-05  1.8000001E-05   3.942667       1.275515    
  1.8000001E-05  1.8500001E-05   3.892000       1.830131    
  1.8500001E-05  1.8999999E-05   4.098667       1.719924    
  1.8999999E-05  1.9499999E-05   4.370667       1.768244    
  1.9499999E-05  1.9999999E-05   4.493333       2.012092    
  1.9999999E-05  2.0500000E-05   4.725333       1.511711    
  2.0500000E-05  2.1000000E-05   4.709333       1.241195    
  2.1000000E-05  2.1500000E-05   5.029333       1.305637    
  2.1500000E-05  2.2000000E-05   4.968000       1.608771    
  2.2000000E-05  2.2500000E-05   5.144000       1.176363    
  2.2500000E-05  2.3000001E-05   5.174666       1.095436    
  2.3000001E-05  2.3500001E-05   5.246666       1.668929    
  2.3500001E-05  2.4000001E-05   5.232000       1.868160    
  2.4000001E-05  2.4499999E-05   5.385334       1.847842    
  2.4499999E-05  2.4999999E-05   5.234667       1.528940    
  2.4999999E-05  2.5500000E-05   5.322667       1.600436    
  2.5500000E-05  2.6000000E-05   5.249333       1.220147    
  2.6000000E-05  2.6500000E-05   5.194667       1.186067    
  2.6500000E-05  2.7000000E-05   5.409333       1.679607    
  2.7000000E-05  2.7500000E-05   5.198667       1.761168    
  2.7500000E-05  2.8000000E-05   5.154666       1.234800    
  2.8000000E-05  2.8500001E-05   5.098667       2.010540    
  2.8500001E-05  2.9000001E-05   5.086667       2.129038    
  2.9000001E-05  2.9499999E-05   5.032000       1.422935    
  2.9499999E-05  2.9999999E-05   5.022666       1.676327    
  2.9999999E-05  3.0499999E-05   4.849333       1.147527    
  3.0499999E-05  3.1000000E-05   5.001333       1.405716    
  3.1000000E-05  3.1500000E-05   5.004000       1.802765    
  3.1500000E-05  3.2000000E-05   4.781333       1.549309    
  3.2000000E-05  3.2500000E-05   4.733333       1.640450    
  3.2500000E-05  3.3000000E-05   4.721334       1.173261    
  3.3000000E-05  3.3500000E-05   4.565333       1.392887    
  3.3500000E-05  3.4000001E-05   4.533333       1.347587    
  3.4000001E-05  3.4500001E-05   4.398667       1.165966    
  3.4500001E-05  3.5000001E-05   4.320000       1.686875    
  3.5000001E-05  3.5500001E-05   4.321333       2.318270    
  3.5500001E-05  3.6000001E-05   4.349333       1.396834    
  3.6000001E-05  3.6500001E-05   4.098667       1.958504    
  3.6500001E-05  3.7000002E-05   4.230667       1.865382    
  3.7000002E-05  3.7499998E-05   4.028000       2.108134    
  3.7499998E-05  3.7999998E-05   3.964000       1.937382    
  3.7999998E-05  3.8499998E-05   4.069333       2.164147    
  3.8499998E-05  3.8999999E-05   3.836000       2.580531    
  3.8999999E-05  3.9499999E-05   3.810667       1.433106    
  3.9499999E-05  3.9999999E-05   3.796000       2.433076    
  3.9999999E-05  4.0499999E-05   3.658667       2.626220    
  4.0499999E-05  4.0999999E-05   3.596000       2.031003    
  4.0999999E-05  4.1499999E-05   3.506667       1.589634    
  4.1499999E-05  4.2000000E-05   3.421333       2.408522    
  4.2000000E-05  4.2500000E-05   3.428000       2.026509    
  4.2500000E-05  4.3000000E-05   3.317333       1.586257    
  4.3000000E-05  4.3500000E-05   3.192000       2.063460    
  4.3500000E-05  4.4000000E-05   3.148000       2.448697    
  4.4000000E-05  4.4500001E-05   3.149333       1.601628    
  4.4500001E-05  4.5000001E-05   3.046667       1.471602    
  4.5000001E-05  4.5500001E-05   3.085333       1.987900    
  4.5500001E-05  4.6000001E-05   2.944000       2.238660    
  4.6000001E-05  4.6500001E-05   2.920000       1.888226    
  4.6500001E-05  4.7000001E-05   2.825333       2.261283    
  4.7000001E-05  4.7500002E-05   2.788000       2.501520    
  4.7500002E-05  4.8000002E-05   2.646667       2.119037    
  4.8000002E-05  4.8499998E-05   2.572000       2.642768    
  4.8499998E-05  4.8999998E-05   2.630667       1.434591    
  4.8999998E-05  4.9499999E-05   2.493333       1.905725    
  4.9499999E-05  4.9999999E-05   2.446667       2.835808    
  4.9999999E-05  5.0499999E-05   2.421333       2.177125    
  5.0499999E-05  5.0999999E-05   2.256000       1.609755    
  5.0999999E-05  5.1499999E-05   2.285333       2.330282    
  5.1499999E-05  5.1999999E-05   2.272000       2.818997    
  5.1999999E-05  5.2500000E-05   2.113333       2.595310    
  5.2500000E-05  5.3000000E-05   2.162667       2.156319    
  5.3000000E-05  5.3500000E-05   2.070667       2.857271    
  5.3500000E-05  5.4000000E-05   2.120000       2.669915    
  5.4000000E-05  5.4500000E-05   1.966667       2.372881    
  5.4500000E-05  5.5000000E-05   2.041333       2.449784    
  5.5000000E-05  5.5500001E-05   2.018667       1.975521    
  5.5500001E-05  5.6000001E-05   1.977333       2.758315    
  5.6000001E-05  5.6500001E-05   1.817333       3.212772    
  5.6500001E-05  5.7000001E-05   1.732000       1.973855    
  5.7000001E-05  5.7500001E-05   1.718667       3.104843    
  5.7500001E-05  5.8000001E-05   1.712000       1.876100    
  5.8000001E-05  5.8500002E-05   2.354667       1.499993    
  5.8500002E-05  5.8999998E-05   1.625333       2.768413    
  5.8999998E-05  5.9499998E-05   2.869333       1.837706    
  5.9499998E-05  5.9999998E-05   1.577333       2.727536    
  5.9999998E-05  6.0499999E-05   1.452000       3.281096    
  6.0499999E-05  6.0999999E-05   1.417333       3.051020    
  6.0999999E-05  6.1500003E-05   1.358667       3.232942    
  6.1500003E-05  6.1999999E-05   1.390667       3.282109    
  6.1999999E-05  6.2500003E-05   1.290667       3.274507    
  6.2500003E-05  6.2999999E-05   1.272000       2.739728    
  6.2999999E-05  6.3500003E-05   1.193333       2.705731    
  6.3500003E-05  6.4000000E-05   1.233333       2.877731    
  6.4000000E-05  6.4499996E-05   1.189333       2.865410    
  6.4499996E-05  6.5000000E-05   1.114667       3.365720    
  6.5000000E-05  6.5499997E-05   1.037333       4.650399    
  6.5499997E-05  6.6000001E-05   1.001333       4.254739    
  6.6000001E-05  6.6499997E-05  0.9786667       4.430263    
  6.6499997E-05  6.7000001E-05  0.9000000       3.992939    
  6.7000001E-05  6.7499997E-05   1.353333       3.801183    
  6.7499997E-05  6.8000001E-05  0.9053333       3.835224    
  6.8000001E-05  6.8499998E-05  0.8093333       4.169142    
  6.8499998E-05  6.9000002E-05  0.8226666       4.229937    
  6.9000002E-05  6.9499998E-05  0.8773333       2.465970    
  6.9499998E-05  7.0000002E-05  0.7426667       3.834381    
  7.0000002E-05  7.0499998E-05  0.7200000       4.362674    
  7.0499998E-05  7.1000002E-05  0.6280000       5.095541    
  7.1000002E-05  7.1499999E-05  0.5853333       5.340077    
  7.1499999E-05  7.2000003E-05  0.5693333       4.698872    
  7.2000003E-05  7.2499999E-05  0.5373333       5.096566    
  7.2499999E-05  7.3000003E-05  0.4680000       4.842108    
  7.3000003E-05  7.3499999E-05  0.4840000       2.968860    
  7.3499999E-05  7.4000003E-05  0.3853333       5.026242    
  7.4000003E-05  7.4500000E-05  0.4266667       4.855616    
  7.4500000E-05  7.4999996E-05  0.3866667       6.747150    
  7.4999996E-05  7.5500000E-05  0.3360000       6.315458    
  7.5500000E-05  7.5999997E-05  0.3280000       6.985316    
  7.5999997E-05  7.6500000E-05  0.2920000       7.615350    
  7.6500000E-05  7.6999997E-05  0.2653333       4.736888    
  7.6999997E-05  7.7500001E-05  0.2226667       9.394575    
  7.7500001E-05  7.7999997E-05  0.1720000       9.615439    
  7.7999997E-05  7.8500001E-05  0.1360000       8.392851    
  7.8500001E-05  7.8999998E-05  9.4666667E-02   8.859976    
  7.8999998E-05  7.9500001E-05  6.3999996E-02   18.09367    
  7.9500001E-05  7.9999998E-05  3.1999998E-02   18.09367    
